#
# There is insufficient memory for the Java Runtime Environment to continue.
# Native memory allocation (malloc) failed to allocate 32744 bytes for ChunkPool::allocate
# Possible reasons:
#   The system is out of physical RAM or swap space
#   In 32 bit mode, the process size limit was hit
# Possible solutions:
#   Reduce memory load on the system
#   Increase physical memory or swap space
#   Check if swap backing store is full
#   Use 64 bit Java on a 64 bit OS
#   Decrease Java heap size (-Xmx/-Xms)
#   Decrease number of Java threads
#   Decrease Java thread stack sizes (-Xss)
#   Set larger code cache with -XX:ReservedCodeCacheSize=
# This output file may be truncated or incomplete.
#
#  Out of Memory Error (allocation.cpp:211), pid=2044, tid=3304
#
# JRE version: Java(TM) SE Runtime Environment (7.0_40-b43) (build 1.7.0_40-b43)
# Java VM: Java HotSpot(TM) 64-Bit Server VM (24.0-b56 mixed mode windows-amd64 compressed oops)
# Failed to write core dump. Minidumps are not enabled by default on client versions of Windows
#

---------------  T H R E A D  ---------------

Current thread (0x0000000008cd5000):  JavaThread "C2 CompilerThread1" daemon [_thread_in_native, id=3304, stack(0x0000000009d10000,0x0000000009e10000)]

Stack: [0x0000000009d10000,0x0000000009e10000]

Current CompileTask:
C2: 228474 2084             org.codehaus.groovy.control.ResolveVisitor::resolveFromDefaultImports (148 bytes)


---------------  P R O C E S S  ---------------

Java Threads: ( => current thread )
  0x000000000cdb8000 JavaThread "Stdin handler" [_thread_blocked, id=4268, stack(0x000000000e800000,0x000000000e900000)]
  0x000000000cdb6800 JavaThread "Cancel handler" [_thread_blocked, id=5832, stack(0x000000000c340000,0x000000000c440000)]
  0x000000000cdb5000 JavaThread "Handler for socket connection from /127.0.0.1:51842 to /127.0.0.1:52137" [_thread_in_native, id=6064, stack(0x000000000c0b0000,0x000000000c1b0000)]
  0x000000000cdb6000 JavaThread "Daemon worker Thread 2" [_thread_in_vm, id=5984, stack(0x000000000fa50000,0x000000000fb50000)]
  0x000000000cdb7800 JavaThread "Daemon Thread 2" [_thread_blocked, id=8028, stack(0x000000000c440000,0x000000000c540000)]
  0x000000000cc27800 JavaThread "File lock request listener" [_thread_in_native, id=6536, stack(0x000000000c600000,0x000000000c700000)]
  0x000000000b19e000 JavaThread "Incoming local TCP Connector on port 51842" [_thread_in_native, id=7132, stack(0x000000000bed0000,0x000000000bfd0000)]
  0x0000000008cd7000 JavaThread "Service Thread" daemon [_thread_blocked, id=1248, stack(0x000000000a690000,0x000000000a790000)]
=>0x0000000008cd5000 JavaThread "C2 CompilerThread1" daemon [_thread_in_native, id=3304, stack(0x0000000009d10000,0x0000000009e10000)]
  0x0000000008ccf800 JavaThread "C2 CompilerThread0" daemon [_thread_blocked, id=10140, stack(0x000000000a500000,0x000000000a600000)]
  0x0000000008cce800 JavaThread "Attach Listener" daemon [_thread_blocked, id=9044, stack(0x000000000a3b0000,0x000000000a4b0000)]
  0x0000000008cc7800 JavaThread "Signal Dispatcher" daemon [_thread_blocked, id=2564, stack(0x000000000a1b0000,0x000000000a2b0000)]
  0x0000000008c70000 JavaThread "Finalizer" daemon [_thread_blocked, id=9228, stack(0x0000000009fe0000,0x000000000a0e0000)]
  0x0000000008c6a800 JavaThread "Reference Handler" daemon [_thread_blocked, id=6924, stack(0x0000000009e40000,0x0000000009f40000)]
  0x0000000001e4e800 JavaThread "main" [_thread_blocked, id=9888, stack(0x0000000002560000,0x0000000002660000)]

Other Threads:
  0x0000000008c69000 VMThread [stack: 0x0000000009be0000,0x0000000009ce0000] [id=2948]
  0x000000000a791000 WatcherThread [stack: 0x000000000ac10000,0x000000000ad10000] [id=5552]

VM state:not at safepoint (normal execution)

VM Mutex/Monitor currently owned by a thread: None

Heap
 PSYoungGen      total 302592K, used 35085K [0x00000000eaa80000, 0x0000000100000000, 0x0000000100000000)
  eden space 273920K, 12% used [0x00000000eaa80000,0x00000000eccc3428,0x00000000fb600000)
  from space 28672K, 0% used [0x00000000fe400000,0x00000000fe400000,0x0000000100000000)
  to   space 37888K, 0% used [0x00000000fb600000,0x00000000fb600000,0x00000000fdb00000)
 ParOldGen       total 135168K, used 72168K [0x00000000c0000000, 0x00000000c8400000, 0x00000000eaa80000)
  object space 135168K, 53% used [0x00000000c0000000,0x00000000c467a2e8,0x00000000c8400000)
 PSPermGen       total 114688K, used 75588K [0x00000000b0000000, 0x00000000b7000000, 0x00000000c0000000)
  object space 114688K, 65% used [0x00000000b0000000,0x00000000b49d1388,0x00000000b7000000)

Card table byte_map: [0x0000000005660000,0x00000000058f0000] byte_map_base: 0x00000000050e0000

Polling page: 0x0000000000440000

Code Cache  [0x0000000002660000, 0x0000000002e00000, 0x0000000005660000)
 total_blobs=2544 nmethods=1914 adapters=580 free_code_cache=41568Kb largest_free_block=42371840

Compilation events (10 events):
Event: 228.322 Thread 0x0000000008ccf800 2080             org.codehaus.groovy.antlr.GroovySourceAST::setLineLast (6 bytes)
Event: 228.323 Thread 0x0000000008ccf800 nmethod 2080 0x00000000029f5190 code [0x00000000029f52c0, 0x00000000029f5318]
Event: 228.340 Thread 0x0000000008cd5000 nmethod 2077 0x00000000029f5ed0 code [0x00000000029f6060, 0x00000000029f69f8]
Event: 228.350 Thread 0x0000000008ccf800 2081             org.codehaus.groovy.control.ResolveVisitor::resolveFromCompileUnit (41 bytes)
Event: 228.350 Thread 0x0000000008cd5000 2082             org.codehaus.groovy.ast.CompileUnit::getClass (34 bytes)
Event: 228.366 Thread 0x0000000008cd5000 nmethod 2082 0x0000000002d47050 code [0x0000000002d47200, 0x0000000002d47a30]
Event: 228.369 Thread 0x0000000008cd5000 2083             org.codehaus.groovy.ast.AnnotatedNode::<init> (12 bytes)
Event: 228.370 Thread 0x0000000008cd5000 nmethod 2083 0x00000000029f5c90 code [0x00000000029f5dc0, 0x00000000029f5e58]
Event: 228.373 Thread 0x0000000008ccf800 nmethod 2081 0x0000000002d485d0 code [0x0000000002d487c0, 0x0000000002d49430]
Event: 228.380 Thread 0x0000000008cd5000 2084             org.codehaus.groovy.control.ResolveVisitor::resolveFromDefaultImports (148 bytes)

GC Heap History (10 events):
Event: 104.959 GC heap before
{Heap before GC invocations=12 (full 2):
 PSYoungGen      total 276480K, used 253952K [0x00000000eaa80000, 0x0000000100000000, 0x0000000100000000)
  eden space 253952K, 100% used [0x00000000eaa80000,0x00000000fa280000,0x00000000fa280000)
  from space 22528K, 0% used [0x00000000fa280000,0x00000000fa280000,0x00000000fb880000)
  to   space 24064K, 0% used [0x00000000fe880000,0x00000000fe880000,0x0000000100000000)
 ParOldGen       total 72192K, used 38503K [0x00000000c0000000, 0x00000000c4680000, 0x00000000eaa80000)
  object space 72192K, 53% used [0x00000000c0000000,0x00000000c2599e68,0x00000000c4680000)
 PSPermGen       total 92160K, used 55707K [0x00000000b0000000, 0x00000000b5a00000, 0x00000000c0000000)
  object space 92160K, 60% used [0x00000000b0000000,0x00000000b3666f88,0x00000000b5a00000)
Event: 104.992 GC heap after
Heap after GC invocations=12 (full 2):
 PSYoungGen      total 316416K, used 24058K [0x00000000eaa80000, 0x0000000100000000, 0x0000000100000000)
  eden space 292352K, 0% used [0x00000000eaa80000,0x00000000eaa80000,0x00000000fc800000)
  from space 24064K, 99% used [0x00000000fe880000,0x00000000ffffe898,0x0000000100000000)
  to   space 28672K, 0% used [0x00000000fc800000,0x00000000fc800000,0x00000000fe400000)
 ParOldGen       total 72192K, used 41380K [0x00000000c0000000, 0x00000000c4680000, 0x00000000eaa80000)
  object space 72192K, 57% used [0x00000000c0000000,0x00000000c2869068,0x00000000c4680000)
 PSPermGen       total 92160K, used 55707K [0x00000000b0000000, 0x00000000b5a00000, 0x00000000c0000000)
  object space 92160K, 60% used [0x00000000b0000000,0x00000000b3666f88,0x00000000b5a00000)
}
Event: 143.693 GC heap before
{Heap before GC invocations=13 (full 2):
 PSYoungGen      total 316416K, used 316410K [0x00000000eaa80000, 0x0000000100000000, 0x0000000100000000)
  eden space 292352K, 100% used [0x00000000eaa80000,0x00000000fc800000,0x00000000fc800000)
  from space 24064K, 99% used [0x00000000fe880000,0x00000000ffffe898,0x0000000100000000)
  to   space 28672K, 0% used [0x00000000fc800000,0x00000000fc800000,0x00000000fe400000)
 ParOldGen       total 72192K, used 41380K [0x00000000c0000000, 0x00000000c4680000, 0x00000000eaa80000)
  object space 72192K, 57% used [0x00000000c0000000,0x00000000c2869068,0x00000000c4680000)
 PSPermGen       total 92160K, used 65150K [0x00000000b0000000, 0x00000000b5a00000, 0x00000000c0000000)
  object space 92160K, 70% used [0x00000000b0000000,0x00000000b3f9fb78,0x00000000b5a00000)
Event: 143.736 GC heap after
Heap after GC invocations=13 (full 2):
 PSYoungGen      total 321024K, used 28671K [0x00000000eaa80000, 0x0000000100000000, 0x0000000100000000)
  eden space 292352K, 0% used [0x00000000eaa80000,0x00000000eaa80000,0x00000000fc800000)
  from space 28672K, 99% used [0x00000000fc800000,0x00000000fe3ffeb8,0x00000000fe400000)
  to   space 28672K, 0% used [0x00000000fe400000,0x00000000fe400000,0x0000000100000000)
 ParOldGen       total 72192K, used 55085K [0x00000000c0000000, 0x00000000c4680000, 0x00000000eaa80000)
  object space 72192K, 76% used [0x00000000c0000000,0x00000000c35cb408,0x00000000c4680000)
 PSPermGen       total 92160K, used 65150K [0x00000000b0000000, 0x00000000b5a00000, 0x00000000c0000000)
  object space 92160K, 70% used [0x00000000b0000000,0x00000000b3f9fb78,0x00000000b5a00000)
}
Event: 145.287 GC heap before
{Heap before GC invocations=14 (full 2):
 PSYoungGen      total 321024K, used 72101K [0x00000000eaa80000, 0x0000000100000000, 0x0000000100000000)
  eden space 292352K, 14% used [0x00000000eaa80000,0x00000000ed4e9608,0x00000000fc800000)
  from space 28672K, 99% used [0x00000000fc800000,0x00000000fe3ffeb8,0x00000000fe400000)
  to   space 28672K, 0% used [0x00000000fe400000,0x00000000fe400000,0x0000000100000000)
 ParOldGen       total 72192K, used 55085K [0x00000000c0000000, 0x00000000c4680000, 0x00000000eaa80000)
  object space 72192K, 76% used [0x00000000c0000000,0x00000000c35cb408,0x00000000c4680000)
 PSPermGen       total 92160K, used 66217K [0x00000000b0000000, 0x00000000b5a00000, 0x00000000c0000000)
  object space 92160K, 71% used [0x00000000b0000000,0x00000000b40aa7f0,0x00000000b5a00000)
Event: 145.316 GC heap after
Heap after GC invocations=14 (full 2):
 PSYoungGen      total 302592K, used 18525K [0x00000000eaa80000, 0x0000000100000000, 0x0000000100000000)
  eden space 273920K, 0% used [0x00000000eaa80000,0x00000000eaa80000,0x00000000fb600000)
  from space 28672K, 64% used [0x00000000fe400000,0x00000000ff617438,0x0000000100000000)
  to   space 37888K, 0% used [0x00000000fb600000,0x00000000fb600000,0x00000000fdb00000)
 ParOldGen       total 72192K, used 67660K [0x00000000c0000000, 0x00000000c4680000, 0x00000000eaa80000)
  object space 72192K, 93% used [0x00000000c0000000,0x00000000c4213350,0x00000000c4680000)
 PSPermGen       total 92160K, used 66217K [0x00000000b0000000, 0x00000000b5a00000, 0x00000000c0000000)
  object space 92160K, 71% used [0x00000000b0000000,0x00000000b40aa7f0,0x00000000b5a00000)
}
Event: 145.316 GC heap before
{Heap before GC invocations=15 (full 3):
 PSYoungGen      total 302592K, used 18525K [0x00000000eaa80000, 0x0000000100000000, 0x0000000100000000)
  eden space 273920K, 0% used [0x00000000eaa80000,0x00000000eaa80000,0x00000000fb600000)
  from space 28672K, 64% used [0x00000000fe400000,0x00000000ff617438,0x0000000100000000)
  to   space 37888K, 0% used [0x00000000fb600000,0x00000000fb600000,0x00000000fdb00000)
 ParOldGen       total 72192K, used 67660K [0x00000000c0000000, 0x00000000c4680000, 0x00000000eaa80000)
  object space 72192K, 93% used [0x00000000c0000000,0x00000000c4213350,0x00000000c4680000)
 PSPermGen       total 92160K, used 66217K [0x00000000b0000000, 0x00000000b5a00000, 0x00000000c0000000)
  object space 92160K, 71% used [0x00000000b0000000,0x00000000b40aa7f0,0x00000000b5a00000)
Event: 146.031 GC heap after
Heap after GC invocations=15 (full 3):
 PSYoungGen      total 302592K, used 0K [0x00000000eaa80000, 0x0000000100000000, 0x0000000100000000)
  eden space 273920K, 0% used [0x00000000eaa80000,0x00000000eaa80000,0x00000000fb600000)
  from space 28672K, 0% used [0x00000000fe400000,0x00000000fe400000,0x0000000100000000)
  to   space 37888K, 0% used [0x00000000fb600000,0x00000000fb600000,0x00000000fdb00000)
 ParOldGen       total 72192K, used 66985K [0x00000000c0000000, 0x00000000c4680000, 0x00000000eaa80000)
  object space 72192K, 92% used [0x00000000c0000000,0x00000000c416a570,0x00000000c4680000)
 PSPermGen       total 105472K, used 66133K [0x00000000b0000000, 0x00000000b6700000, 0x00000000c0000000)
  object space 105472K, 62% used [0x00000000b0000000,0x00000000b4095748,0x00000000b6700000)
}
Event: 227.568 GC heap before
{Heap before GC invocations=16 (full 4):
 PSYoungGen      total 302592K, used 273920K [0x00000000eaa80000, 0x0000000100000000, 0x0000000100000000)
  eden space 273920K, 100% used [0x00000000eaa80000,0x00000000fb600000,0x00000000fb600000)
  from space 28672K, 0% used [0x00000000fe400000,0x00000000fe400000,0x0000000100000000)
  to   space 37888K, 0% used [0x00000000fb600000,0x00000000fb600000,0x00000000fdb00000)
 ParOldGen       total 72192K, used 66985K [0x00000000c0000000, 0x00000000c4680000, 0x00000000eaa80000)
  object space 72192K, 92% used [0x00000000c0000000,0x00000000c416a570,0x00000000c4680000)
 PSPermGen       total 105472K, used 75629K [0x00000000b0000000, 0x00000000b6700000, 0x00000000c0000000)
  object space 105472K, 71% used [0x00000000b0000000,0x00000000b49db648,0x00000000b6700000)
Event: 228.322 GC heap after
Heap after GC invocations=16 (full 4):
 PSYoungGen      total 302592K, used 16429K [0x00000000eaa80000, 0x0000000100000000, 0x0000000100000000)
  eden space 273920K, 5% used [0x00000000eaa80000,0x00000000eba8b468,0x00000000fb600000)
  from space 28672K, 0% used [0x00000000fe400000,0x00000000fe400000,0x0000000100000000)
  to   space 37888K, 0% used [0x00000000fb600000,0x00000000fb600000,0x00000000fdb00000)
 ParOldGen       total 135168K, used 72168K [0x00000000c0000000, 0x00000000c8400000, 0x00000000eaa80000)
  object space 135168K, 53% used [0x00000000c0000000,0x00000000c467a2e8,0x00000000c8400000)
 PSPermGen       total 114688K, used 75588K [0x00000000b0000000, 0x00000000b7000000, 0x00000000c0000000)
  object space 114688K, 65% used [0x00000000b0000000,0x00000000b49d1368,0x00000000b7000000)
}

Deoptimization events (10 events):
Event: 145.131 Thread 0x000000000cdb6000 Uncommon trap: reason=class_check action=maybe_recompile pc=0x00000000029d2874 method=java.util.AbstractList$Itr.next()Ljava/lang/Object; @ 14
Event: 197.656 Thread 0x000000000cdb6000 Uncommon trap: reason=array_check action=maybe_recompile pc=0x0000000002b49ec8 method=java.util.TimSort.mergeLo(IIII)V @ 586
Event: 197.704 Thread 0x000000000cdb6000 Uncommon trap: reason=array_check action=maybe_recompile pc=0x0000000002b49ec8 method=java.util.TimSort.mergeLo(IIII)V @ 586
Event: 198.174 Thread 0x000000000cdb6000 Uncommon trap: reason=bimorphic action=maybe_recompile pc=0x000000000288c2c0 method=java.util.regex.Pattern$Slice.match(Ljava/util/regex/Matcher;ILjava/lang/CharSequence;)Z @ 75
Event: 198.523 Thread 0x000000000cdb6000 Uncommon trap: reason=array_check action=maybe_recompile pc=0x0000000002c2b8a4 method=java.util.ComparableTimSort.mergeHi(IIII)V @ 509
Event: 199.120 Thread 0x000000000cdb6000 Uncommon trap: reason=array_check action=maybe_recompile pc=0x0000000002c2b8a4 method=java.util.ComparableTimSort.mergeHi(IIII)V @ 509
Event: 200.437 Thread 0x000000000cdb6000 Uncommon trap: reason=null_check action=make_not_entrant pc=0x0000000002d3aa00 method=com.android.ide.common.res2.NodeUtils.processSingleNodeNamespace(Lorg/w3c/dom/Node;Lorg/w3c/dom/Document;)Z @ 8
Event: 200.447 Thread 0x000000000cdb6000 Uncommon trap: reason=unreached action=reinterpret pc=0x0000000002897608 method=com.sun.org.apache.xerces.internal.dom.ParentNode.nodeListItem(I)Lorg/w3c/dom/Node; @ 15
Event: 200.447 Thread 0x000000000cdb6000 Uncommon trap: reason=unreached action=reinterpret pc=0x000000000287cb20 method=com.sun.org.apache.xerces.internal.dom.ParentNode.nodeListItem(I)Lorg/w3c/dom/Node; @ 15
Event: 201.749 Thread 0x000000000cdb6000 Uncommon trap: reason=unreached action=reinterpret pc=0x0000000002b615e8 method=sun.security.provider.DigestBase.engineUpdate(B)V @ 4

Internal exceptions (10 events):
Event: 228.391 Thread 0x000000000cdb6000 Threw 0x00000000ecaadc78 at C:\jdk7u2_64p\jdk7u40\hotspot\src\share\vm\prims\jvm.cpp:1244
Event: 228.391 Thread 0x000000000cdb6000 Threw 0x00000000ecaae8d0 at C:\jdk7u2_64p\jdk7u40\hotspot\src\share\vm\prims\jvm.cpp:1244
Event: 228.391 Thread 0x000000000cdb6000 Threw 0x00000000ecaaf528 at C:\jdk7u2_64p\jdk7u40\hotspot\src\share\vm\prims\jvm.cpp:1244
Event: 228.391 Thread 0x000000000cdb6000 Threw 0x00000000ecac8e98 at C:\jdk7u2_64p\jdk7u40\hotspot\src\share\vm\prims\jvm.cpp:1244
Event: 228.392 Thread 0x000000000cdb6000 Threw 0x00000000ecacafb8 at C:\jdk7u2_64p\jdk7u40\hotspot\src\share\vm\prims\jvm.cpp:1244
Event: 228.392 Thread 0x000000000cdb6000 Threw 0x00000000ecacd0e0 at C:\jdk7u2_64p\jdk7u40\hotspot\src\share\vm\prims\jvm.cpp:1244
Event: 228.392 Thread 0x000000000cdb6000 Threw 0x00000000ecacf270 at C:\jdk7u2_64p\jdk7u40\hotspot\src\share\vm\prims\jvm.cpp:1244
Event: 228.392 Thread 0x000000000cdb6000 Threw 0x00000000ecad1408 at C:\jdk7u2_64p\jdk7u40\hotspot\src\share\vm\prims\jvm.cpp:1244
Event: 228.392 Thread 0x000000000cdb6000 Threw 0x00000000ecad35a0 at C:\jdk7u2_64p\jdk7u40\hotspot\src\share\vm\prims\jvm.cpp:1244
Event: 228.392 Thread 0x000000000cdb6000 Threw 0x00000000ecad42f8 at C:\jdk7u2_64p\jdk7u40\hotspot\src\share\vm\prims\jvm.cpp:1244

Events (10 events):
Event: 228.325 Executing VM operation: RevokeBias
Event: 228.325 Executing VM operation: RevokeBias done
Event: 228.325 Executing VM operation: RevokeBias
Event: 228.326 Executing VM operation: RevokeBias done
Event: 228.326 Executing VM operation: RevokeBias
Event: 228.326 Executing VM operation: RevokeBias done
Event: 228.326 Executing VM operation: RevokeBias
Event: 228.326 Executing VM operation: RevokeBias done
Event: 228.326 Executing VM operation: BulkRevokeBias
Event: 228.326 Executing VM operation: BulkRevokeBias done


Dynamic libraries:
0x000000013f4b0000 - 0x000000013f4e3000 	C:\Program Files\Java\jdk1.7.0_40\bin\java.exe
0x00000000776f0000 - 0x0000000077899000 	C:\Windows\SYSTEM32\ntdll.dll
0x00000000774d0000 - 0x00000000775f0000 	C:\Windows\system32\kernel32.dll
0x000007fefd6d0000 - 0x000007fefd73c000 	C:\Windows\system32\KERNELBASE.dll
0x000007fefe140000 - 0x000007fefe21b000 	C:\Windows\system32\ADVAPI32.dll
0x000007fefdd10000 - 0x000007fefddaf000 	C:\Windows\system32\msvcrt.dll
0x000007feff9d0000 - 0x000007feff9ef000 	C:\Windows\SYSTEM32\sechost.dll
0x000007fefd9f0000 - 0x000007fefdb1d000 	C:\Windows\system32\RPCRT4.dll
0x00000000775f0000 - 0x00000000776ea000 	C:\Windows\system32\USER32.dll
0x000007feff220000 - 0x000007feff287000 	C:\Windows\system32\GDI32.dll
0x000007feff9f0000 - 0x000007feff9fe000 	C:\Windows\system32\LPK.dll
0x000007fefd850000 - 0x000007fefd91a000 	C:\Windows\system32\USP10.dll
0x000007fefc4d0000 - 0x000007fefc6c4000 	C:\Windows\WinSxS\amd64_microsoft.windows.common-controls_6595b64144ccf1df_6.0.7601.18837_none_fa3b1e3d17594757\COMCTL32.dll
0x000007fefe020000 - 0x000007fefe091000 	C:\Windows\system32\SHLWAPI.dll
0x000007feff650000 - 0x000007feff67e000 	C:\Windows\system32\IMM32.DLL
0x000007feff540000 - 0x000007feff649000 	C:\Windows\system32\MSCTF.dll
0x000000006d3d0000 - 0x000000006d4a1000 	C:\Program Files\Java\jdk1.7.0_40\jre\bin\msvcr100.dll
0x000000006e6c0000 - 0x000000006ee89000 	C:\Program Files\Java\jdk1.7.0_40\jre\bin\server\jvm.dll
0x000007fefc8c0000 - 0x000007fefc8c9000 	C:\Windows\system32\WSOCK32.dll
0x000007fefd980000 - 0x000007fefd9cd000 	C:\Windows\system32\WS2_32.dll
0x000007fefdb20000 - 0x000007fefdb28000 	C:\Windows\system32\NSI.dll
0x000007fefb350000 - 0x000007fefb38b000 	C:\Windows\system32\WINMM.dll
0x00000000778b0000 - 0x00000000778b7000 	C:\Windows\system32\PSAPI.DLL
0x000000006d690000 - 0x000000006d69f000 	C:\Program Files\Java\jdk1.7.0_40\jre\bin\verify.dll
0x000000006d660000 - 0x000000006d688000 	C:\Program Files\Java\jdk1.7.0_40\jre\bin\java.dll
0x000000006d640000 - 0x000000006d655000 	C:\Program Files\Java\jdk1.7.0_40\jre\bin\zip.dll
0x000000006d620000 - 0x000000006d639000 	C:\Program Files\Java\jdk1.7.0_40\jre\bin\net.dll
0x000007fefcc70000 - 0x000007fefccc5000 	C:\Windows\system32\mswsock.dll
0x000007fefcc60000 - 0x000007fefcc67000 	C:\Windows\System32\wship6.dll
0x000000006d600000 - 0x000000006d611000 	C:\Program Files\Java\jdk1.7.0_40\jre\bin\nio.dll
0x000007fefccd0000 - 0x000007fefcce8000 	C:\Windows\system32\CRYPTSP.dll
0x000007fefc9d0000 - 0x000007fefca17000 	C:\Windows\system32\rsaenh.dll
0x000007fefd6b0000 - 0x000007fefd6ce000 	C:\Windows\system32\USERENV.dll
0x000007fefd490000 - 0x000007fefd49f000 	C:\Windows\system32\profapi.dll
0x000007fefd330000 - 0x000007fefd33f000 	C:\Windows\system32\CRYPTBASE.dll
0x000007fefafe0000 - 0x000007fefaff5000 	C:\Windows\system32\NLAapi.dll
0x000007fef5550000 - 0x000007fef5565000 	C:\Windows\system32\napinsp.dll
0x000007fef5530000 - 0x000007fef5549000 	C:\Windows\system32\pnrpnsp.dll
0x000007fefcaf0000 - 0x000007fefcb4b000 	C:\Windows\system32\DNSAPI.dll
0x000007fef56b0000 - 0x000007fef56bb000 	C:\Windows\System32\winrnr.dll
0x000007fef5520000 - 0x000007fef5530000 	C:\Windows\system32\wshbth.dll
0x000007fef54f0000 - 0x000007fef551f000 	C:\Program Files\Common Files\Microsoft Shared\Windows Live\WLIDNSP.DLL
0x0000000070400000 - 0x0000000070426000 	C:\Program Files\Bonjour\mdnsNSP.dll
0x000007fefa780000 - 0x000007fefa7a7000 	C:\Windows\system32\Iphlpapi.DLL
0x000007fefa730000 - 0x000007fefa73b000 	C:\Windows\system32\WINNSI.DLL
0x000007fefc300000 - 0x000007fefc307000 	C:\Windows\System32\wshtcpip.dll
0x000007fef54e0000 - 0x000007fef54e8000 	C:\Windows\system32\rasadhlp.dll
0x000007fefa5f0000 - 0x000007fefa643000 	C:\Windows\System32\fwpuclnt.dll
0x000007fef9e00000 - 0x000007fef9e12000 	C:\Users\Martin\AppData\Local\Temp\native-platform2996255157550492009dir\native-platform.dll
0x000007fefa450000 - 0x000007fefa468000 	C:\Windows\system32\dhcpcsvc.DLL
0x000007fefa430000 - 0x000007fefa441000 	C:\Windows\system32\dhcpcsvc6.DLL
0x000007fefd2d0000 - 0x000007fefd327000 	C:\Windows\system32\apphelp.dll

VM Arguments:
jvm_args: -XX:MaxPermSize=256m -XX:+HeapDumpOnOutOfMemoryError -Xmx1024m -Dfile.encoding=windows-1252 -Duser.country=US -Duser.language=en -Duser.variant 
java_command: org.gradle.launcher.daemon.bootstrap.GradleDaemon 2.2.1 C:\Users\Martin\.gradle\daemon 10800000 f4395756-9f37-45ba-b53e-b9700e8632bd -XX:MaxPermSize=256m -XX:+HeapDumpOnOutOfMemoryError -Xmx1024m -Dfile.encoding=windows-1252 -Duser.country=US -Duser.language=en -Duser.variant
Launcher Type: SUN_STANDARD

Environment Variables:
PATH=C:\ProgramData\Oracle\Java\javapath;C:\Program Files\Common Files\Microsoft Shared\Windows Live;C:\Program Files (x86)\Common Files\Microsoft Shared\Windows Live;C:\Program Files (x86)\Intel\iCLS Client\;C:\Program Files\Intel\iCLS Client\;C:\Program Files\Dell\DW WLAN Card;C:\Windows\system32;C:\Windows;C:\Windows\System32\Wbem;C:\Windows\System32\WindowsPowerShell\v1.0\;C:\Program Files\WIDCOMM\Bluetooth Software\;C:\Program Files\WIDCOMM\Bluetooth Software\syswow64;C:\Program Files\Intel\Intel(R) Management Engine Components\DAL;C:\Program Files\Intel\Intel(R) Management Engine Components\IPT;C:\Program Files (x86)\Intel\Intel(R) Management Engine Components\DAL;C:\Program Files (x86)\Intel\Intel(R) Management Engine Components\IPT;C:\Program Files\Dell\Dell Data Protection\Access\Advanced\Wave\Gemalto\Access Client\v5\;C:\Program Files (x86)\Security Innovation\SI TSS\bin\;C:\Program Files (x86)\Windows Live\Shared;C:\Program Files (x86)\MySQL\MySQL Utilities 1.3.4\;C:\Program Files\Microsoft SQL Server\110\Tools\Binn\;C:\Program Files\nodejs\;C:\Program Files (x86)\Git\cmd;C:\Program Files\MATLAB\runtime\win64;C:\Program Files\MATLAB\bin;C:\Program Files (x86)\Skype\Phone\;C:\Program Files (x86)\QuickTime\QTSystem\;C:\Program Files (x86)\GtkSharp\2.12\bin;C:\Users\Martin\AppData\Roaming\npm
USERNAME=Martin
OS=Windows_NT
PROCESSOR_IDENTIFIER=Intel64 Family 6 Model 58 Stepping 9, GenuineIntel



---------------  S Y S T E M  ---------------

OS: Windows 7 , 64 bit Build 7601 Service Pack 1

CPU:total 4 (2 cores per cpu, 2 threads per core) family 6 model 58 stepping 9, cmov, cx8, fxsr, mmx, sse, sse2, sse3, ssse3, sse4.1, sse4.2, popcnt, avx, aes, erms, ht, tsc, tscinvbit, tscinv

Memory: 4k page, physical 4077532k(192640k free), swap 5650124k(5008k free)

vm_info: Java HotSpot(TM) 64-Bit Server VM (24.0-b56) for windows-amd64 JRE (1.7.0_40-b43), built on Aug 26 2013 22:38:32 by "java_re" with unknown MS VC++:1600

time: Mon Jan 04 11:28:36 2016
elapsed time: 228 seconds

