#
# There is insufficient memory for the Java Runtime Environment to continue.
# Native memory allocation (malloc) failed to allocate 1993216 bytes for Chunk::new
# Possible reasons:
#   The system is out of physical RAM or swap space
#   In 32 bit mode, the process size limit was hit
# Possible solutions:
#   Reduce memory load on the system
#   Increase physical memory or swap space
#   Check if swap backing store is full
#   Use 64 bit Java on a 64 bit OS
#   Decrease Java heap size (-Xmx/-Xms)
#   Decrease number of Java threads
#   Decrease Java thread stack sizes (-Xss)
#   Set larger code cache with -XX:ReservedCodeCacheSize=
# This output file may be truncated or incomplete.
#
#  Out of Memory Error (allocation.cpp:323), pid=15812, tid=3408
#
# JRE version: Java(TM) SE Runtime Environment (7.0_40-b43) (build 1.7.0_40-b43)
# Java VM: Java HotSpot(TM) 64-Bit Server VM (24.0-b56 mixed mode windows-amd64 compressed oops)
# Failed to write core dump. Minidumps are not enabled by default on client versions of Windows
#

---------------  T H R E A D  ---------------

Current thread (0x0000000008918000):  JavaThread "C2 CompilerThread1" daemon [_thread_in_native, id=3408, stack(0x000000000a620000,0x000000000a720000)]

Stack: [0x000000000a620000,0x000000000a720000]

Current CompileTask:
C2:  31816  795             java.beans.Introspector::processPropertyDescriptors (699 bytes)


---------------  P R O C E S S  ---------------

Java Threads: ( => current thread )
  0x000000000b152000 JavaThread "File lock request listener" [_thread_in_native, id=4812, stack(0x000000000c730000,0x000000000c830000)]
  0x000000000b1b5000 JavaThread "Stdin handler" [_thread_blocked, id=13808, stack(0x000000000c060000,0x000000000c160000)]
  0x000000000ae66000 JavaThread "Daemon worker" [_thread_in_native, id=11368, stack(0x000000000c600000,0x000000000c700000)]
  0x000000000ae63000 JavaThread "Cancel handler" [_thread_blocked, id=6236, stack(0x000000000c400000,0x000000000c500000)]
  0x000000000b1cc800 JavaThread "Handler for socket connection from /127.0.0.1:53143 to /127.0.0.1:53145" [_thread_in_native, id=14448, stack(0x000000000c2a0000,0x000000000c3a0000)]
  0x000000000b1c5000 JavaThread "Daemon" [_thread_blocked, id=16288, stack(0x000000000c170000,0x000000000c270000)]
  0x000000000b1cb800 JavaThread "Incoming local TCP Connector on port 53143" [_thread_in_native, id=15316, stack(0x000000000bf10000,0x000000000c010000)]
  0x000000000891a000 JavaThread "Service Thread" daemon [_thread_blocked, id=14016, stack(0x000000000a780000,0x000000000a880000)]
=>0x0000000008918000 JavaThread "C2 CompilerThread1" daemon [_thread_in_native, id=3408, stack(0x000000000a620000,0x000000000a720000)]
  0x0000000008912800 JavaThread "C2 CompilerThread0" daemon [_thread_in_native, id=13564, stack(0x000000000a460000,0x000000000a560000)]
  0x0000000008911800 JavaThread "Attach Listener" daemon [_thread_blocked, id=6864, stack(0x000000000a2a0000,0x000000000a3a0000)]
  0x000000000890a800 JavaThread "Signal Dispatcher" daemon [_thread_blocked, id=8224, stack(0x000000000a050000,0x000000000a150000)]
  0x00000000088b9000 JavaThread "Finalizer" daemon [_thread_blocked, id=11360, stack(0x0000000009e70000,0x0000000009f70000)]
  0x00000000088ae000 JavaThread "Reference Handler" daemon [_thread_blocked, id=3372, stack(0x0000000009c70000,0x0000000009d70000)]
  0x000000000024e800 JavaThread "main" [_thread_blocked, id=16072, stack(0x00000000021c0000,0x00000000022c0000)]

Other Threads:
  0x00000000088a9000 VMThread [stack: 0x0000000009a00000,0x0000000009b00000] [id=15496]
  0x000000000a888800 WatcherThread [stack: 0x0000000009b60000,0x0000000009c60000] [id=12156]

VM state:not at safepoint (normal execution)

VM Mutex/Monitor currently owned by a thread:  ([mutex/lock_event])
[0x0000000000248d70] CodeCache_lock - owner thread: 0x0000000008912800
[0x000000000024d310] Compile_lock - owner thread: 0x0000000000000000

Heap
 PSYoungGen      total 270848K, used 10753K [0x00000000eaa80000, 0x0000000100000000, 0x0000000100000000)
  eden space 259584K, 1% used [0x00000000eaa80000,0x00000000eaf8b5f8,0x00000000fa800000)
  from space 11264K, 49% used [0x00000000fa800000,0x00000000fad74fc0,0x00000000fb300000)
  to   space 24064K, 0% used [0x00000000fe880000,0x00000000fe880000,0x0000000100000000)
 ParOldGen       total 86016K, used 44174K [0x00000000c0000000, 0x00000000c5400000, 0x00000000eaa80000)
  object space 86016K, 51% used [0x00000000c0000000,0x00000000c2b239a0,0x00000000c5400000)
 PSPermGen       total 80384K, used 40073K [0x00000000b0000000, 0x00000000b4e80000, 0x00000000c0000000)
  object space 80384K, 49% used [0x00000000b0000000,0x00000000b2722690,0x00000000b4e80000)

Card table byte_map: [0x00000000052c0000,0x0000000005550000] byte_map_base: 0x0000000004d40000

Polling page: 0x0000000000230000

Code Cache  [0x00000000022c0000, 0x00000000026c0000, 0x00000000052c0000)
 total_blobs=1346 nmethods=742 adapters=556 free_code_cache=45284Kb largest_free_block=46197696

Compilation events (10 events):
Event: 30.573 Thread 0x0000000008912800  800             java.util.TimSort::binarySort (223 bytes)
Event: 30.586 Thread 0x0000000008912800 nmethod 800 0x00000000025df1d0 code [0x00000000025df320, 0x00000000025df9f8]
Event: 30.586 Thread 0x0000000008912800  801             groovyjarjarasm.asm.ByteVector::putByte (39 bytes)
Event: 30.587 Thread 0x0000000008912800 nmethod 801 0x00000000025ded90 code [0x00000000025deee0, 0x00000000025defe8]
Event: 30.593 Thread 0x0000000008912800  802             java.util.HashMap::<init> (119 bytes)
Event: 30.594 Thread 0x0000000008912800 nmethod 802 0x000000000250af50 code [0x000000000250b0a0, 0x000000000250b198]
Event: 30.607 Thread 0x0000000008912800  803             java.lang.Enum::ordinal (5 bytes)
Event: 30.607 Thread 0x0000000008912800 nmethod 803 0x00000000024f6b10 code [0x00000000024f6c40, 0x00000000024f6c98]
Event: 30.613 Thread 0x0000000008912800  804             com.esotericsoftware.kryo.io.Input::readUtf8 (90 bytes)
Event: 30.622 Thread 0x0000000008912800 nmethod 804 0x000000000250a690 code [0x000000000250a800, 0x000000000250ac48]

GC Heap History (10 events):
Event: 10.013 GC heap before
{Heap before GC invocations=6 (full 0):
 PSYoungGen      total 68096K, used 68072K [0x00000000eaa80000, 0x00000000f3c80000, 0x0000000100000000)
  eden space 65536K, 100% used [0x00000000eaa80000,0x00000000eea80000,0x00000000eea80000)
  from space 2560K, 99% used [0x00000000eea80000,0x00000000eecfa0e0,0x00000000eed00000)
  to   space 9216K, 0% used [0x00000000f3380000,0x00000000f3380000,0x00000000f3c80000)
 ParOldGen       total 42496K, used 13744K [0x00000000c0000000, 0x00000000c2980000, 0x00000000eaa80000)
  object space 42496K, 32% used [0x00000000c0000000,0x00000000c0d6c1a0,0x00000000c2980000)
 PSPermGen       total 21504K, used 21196K [0x00000000b0000000, 0x00000000b1500000, 0x00000000c0000000)
  object space 21504K, 98% used [0x00000000b0000000,0x00000000b14b30b0,0x00000000b1500000)
Event: 10.019 GC heap after
Heap after GC invocations=6 (full 0):
 PSYoungGen      total 140288K, used 2920K [0x00000000eaa80000, 0x00000000f3c80000, 0x0000000100000000)
  eden space 131072K, 0% used [0x00000000eaa80000,0x00000000eaa80000,0x00000000f2a80000)
  from space 9216K, 31% used [0x00000000f3380000,0x00000000f365a0c0,0x00000000f3c80000)
  to   space 9216K, 0% used [0x00000000f2a80000,0x00000000f2a80000,0x00000000f3380000)
 ParOldGen       total 42496K, used 13752K [0x00000000c0000000, 0x00000000c2980000, 0x00000000eaa80000)
  object space 42496K, 32% used [0x00000000c0000000,0x00000000c0d6e1a0,0x00000000c2980000)
 PSPermGen       total 21504K, used 21196K [0x00000000b0000000, 0x00000000b1500000, 0x00000000c0000000)
  object space 21504K, 98% used [0x00000000b0000000,0x00000000b14b30b0,0x00000000b1500000)
}
Event: 10.630 GC heap before
{Heap before GC invocations=7 (full 0):
 PSYoungGen      total 140288K, used 133992K [0x00000000eaa80000, 0x00000000f3c80000, 0x0000000100000000)
  eden space 131072K, 100% used [0x00000000eaa80000,0x00000000f2a80000,0x00000000f2a80000)
  from space 9216K, 31% used [0x00000000f3380000,0x00000000f365a0c0,0x00000000f3c80000)
  to   space 9216K, 0% used [0x00000000f2a80000,0x00000000f2a80000,0x00000000f3380000)
 ParOldGen       total 42496K, used 13752K [0x00000000c0000000, 0x00000000c2980000, 0x00000000eaa80000)
  object space 42496K, 32% used [0x00000000c0000000,0x00000000c0d6e1a0,0x00000000c2980000)
 PSPermGen       total 21504K, used 21226K [0x00000000b0000000, 0x00000000b1500000, 0x00000000c0000000)
  object space 21504K, 98% used [0x00000000b0000000,0x00000000b14baa48,0x00000000b1500000)
Event: 10.656 GC heap after
Heap after GC invocations=7 (full 0):
 PSYoungGen      total 140288K, used 3096K [0x00000000eaa80000, 0x00000000fbb80000, 0x0000000100000000)
  eden space 131072K, 0% used [0x00000000eaa80000,0x00000000eaa80000,0x00000000f2a80000)
  from space 9216K, 33% used [0x00000000f2a80000,0x00000000f2d860d0,0x00000000f3380000)
  to   space 8704K, 0% used [0x00000000fb300000,0x00000000fb300000,0x00000000fbb80000)
 ParOldGen       total 42496K, used 14180K [0x00000000c0000000, 0x00000000c2980000, 0x00000000eaa80000)
  object space 42496K, 33% used [0x00000000c0000000,0x00000000c0dd91f0,0x00000000c2980000)
 PSPermGen       total 21504K, used 21226K [0x00000000b0000000, 0x00000000b1500000, 0x00000000c0000000)
  object space 21504K, 98% used [0x00000000b0000000,0x00000000b14baa48,0x00000000b1500000)
}
Event: 13.126 GC heap before
{Heap before GC invocations=8 (full 0):
 PSYoungGen      total 140288K, used 134168K [0x00000000eaa80000, 0x00000000fbb80000, 0x0000000100000000)
  eden space 131072K, 100% used [0x00000000eaa80000,0x00000000f2a80000,0x00000000f2a80000)
  from space 9216K, 33% used [0x00000000f2a80000,0x00000000f2d860d0,0x00000000f3380000)
  to   space 8704K, 0% used [0x00000000fb300000,0x00000000fb300000,0x00000000fbb80000)
 ParOldGen       total 42496K, used 14180K [0x00000000c0000000, 0x00000000c2980000, 0x00000000eaa80000)
  object space 42496K, 33% used [0x00000000c0000000,0x00000000c0dd91f0,0x00000000c2980000)
 PSPermGen       total 25600K, used 25213K [0x00000000b0000000, 0x00000000b1900000, 0x00000000c0000000)
  object space 25600K, 98% used [0x00000000b0000000,0x00000000b189f570,0x00000000b1900000)
Event: 13.154 GC heap after
Heap after GC invocations=8 (full 0):
 PSYoungGen      total 268288K, used 8690K [0x00000000eaa80000, 0x00000000fc080000, 0x0000000100000000)
  eden space 259584K, 0% used [0x00000000eaa80000,0x00000000eaa80000,0x00000000fa800000)
  from space 8704K, 99% used [0x00000000fb300000,0x00000000fbb7c940,0x00000000fbb80000)
  to   space 11264K, 0% used [0x00000000fa800000,0x00000000fa800000,0x00000000fb300000)
 ParOldGen       total 42496K, used 17146K [0x00000000c0000000, 0x00000000c2980000, 0x00000000eaa80000)
  object space 42496K, 40% used [0x00000000c0000000,0x00000000c10be828,0x00000000c2980000)
 PSPermGen       total 25600K, used 25213K [0x00000000b0000000, 0x00000000b1900000, 0x00000000c0000000)
  object space 25600K, 98% used [0x00000000b0000000,0x00000000b189f570,0x00000000b1900000)
}
Event: 30.645 GC heap before
{Heap before GC invocations=9 (full 0):
 PSYoungGen      total 268288K, used 268274K [0x00000000eaa80000, 0x00000000fc080000, 0x0000000100000000)
  eden space 259584K, 100% used [0x00000000eaa80000,0x00000000fa800000,0x00000000fa800000)
  from space 8704K, 99% used [0x00000000fb300000,0x00000000fbb7c940,0x00000000fbb80000)
  to   space 11264K, 0% used [0x00000000fa800000,0x00000000fa800000,0x00000000fb300000)
 ParOldGen       total 42496K, used 17146K [0x00000000c0000000, 0x00000000c2980000, 0x00000000eaa80000)
  object space 42496K, 40% used [0x00000000c0000000,0x00000000c10be828,0x00000000c2980000)
 PSPermGen       total 40448K, used 40047K [0x00000000b0000000, 0x00000000b2780000, 0x00000000c0000000)
  object space 40448K, 99% used [0x00000000b0000000,0x00000000b271be88,0x00000000b2780000)
Event: 30.868 GC heap after
Heap after GC invocations=9 (full 0):
 PSYoungGen      total 270848K, used 11232K [0x00000000eaa80000, 0x0000000100000000, 0x0000000100000000)
  eden space 259584K, 0% used [0x00000000eaa80000,0x00000000eaa80000,0x00000000fa800000)
  from space 11264K, 99% used [0x00000000fa800000,0x00000000fb2f8320,0x00000000fb300000)
  to   space 24064K, 0% used [0x00000000fe880000,0x00000000fe880000,0x0000000100000000)
 ParOldGen       total 44544K, used 44280K [0x00000000c0000000, 0x00000000c2b80000, 0x00000000eaa80000)
  object space 44544K, 99% used [0x00000000c0000000,0x00000000c2b3e1c8,0x00000000c2b80000)
 PSPermGen       total 40448K, used 40047K [0x00000000b0000000, 0x00000000b2780000, 0x00000000c0000000)
  object space 40448K, 99% used [0x00000000b0000000,0x00000000b271be88,0x00000000b2780000)
}
Event: 30.868 GC heap before
{Heap before GC invocations=10 (full 1):
 PSYoungGen      total 270848K, used 11232K [0x00000000eaa80000, 0x0000000100000000, 0x0000000100000000)
  eden space 259584K, 0% used [0x00000000eaa80000,0x00000000eaa80000,0x00000000fa800000)
  from space 11264K, 99% used [0x00000000fa800000,0x00000000fb2f8320,0x00000000fb300000)
  to   space 24064K, 0% used [0x00000000fe880000,0x00000000fe880000,0x0000000100000000)
 ParOldGen       total 44544K, used 44280K [0x00000000c0000000, 0x00000000c2b80000, 0x00000000eaa80000)
  object space 44544K, 99% used [0x00000000c0000000,0x00000000c2b3e1c8,0x00000000c2b80000)
 PSPermGen       total 40448K, used 40047K [0x00000000b0000000, 0x00000000b2780000, 0x00000000c0000000)
  object space 40448K, 99% used [0x00000000b0000000,0x00000000b271be88,0x00000000b2780000)
Event: 31.704 GC heap after
Heap after GC invocations=10 (full 1):
 PSYoungGen      total 270848K, used 5587K [0x00000000eaa80000, 0x0000000100000000, 0x0000000100000000)
  eden space 259584K, 0% used [0x00000000eaa80000,0x00000000eaa80000,0x00000000fa800000)
  from space 11264K, 49% used [0x00000000fa800000,0x00000000fad74fc0,0x00000000fb300000)
  to   space 24064K, 0% used [0x00000000fe880000,0x00000000fe880000,0x0000000100000000)
 ParOldGen       total 86016K, used 44174K [0x00000000c0000000, 0x00000000c5400000, 0x00000000eaa80000)
  object space 86016K, 51% used [0x00000000c0000000,0x00000000c2b239a0,0x00000000c5400000)
 PSPermGen       total 80384K, used 40026K [0x00000000b0000000, 0x00000000b4e80000, 0x00000000c0000000)
  object space 80384K, 49% used [0x00000000b0000000,0x00000000b2716800,0x00000000b4e80000)
}

Deoptimization events (10 events):
Event: 28.200 Thread 0x000000000ae66000 Uncommon trap: reason=null_check action=make_not_entrant pc=0x0000000002681638 method=java.beans.PropertyDescriptor.isAssignable(Ljava/lang/reflect/Method;Ljava/lang/reflect/Method;)Z @ 72
Event: 28.531 Thread 0x000000000ae66000 Uncommon trap: reason=unreached action=reinterpret pc=0x0000000002601210 method=java.lang.Class.arrayContentsEq([Ljava/lang/Object;[Ljava/lang/Object;)Z @ 1
Event: 28.883 Thread 0x000000000ae66000 Uncommon trap: reason=class_check action=maybe_recompile pc=0x00000000024e45e8 method=java.util.TreeMap.put(Ljava/lang/Object;Ljava/lang/Object;)Ljava/lang/Object; @ 127
Event: 29.329 Thread 0x000000000ae66000 Uncommon trap: reason=null_check action=make_not_entrant pc=0x0000000002697ba4 method=java.lang.reflect.Field.getAnnotation(Ljava/lang/Class;)Ljava/lang/annotation/Annotation; @ 22
Event: 30.244 Thread 0x000000000ae66000 Uncommon trap: reason=class_check action=maybe_recompile pc=0x00000000024e45e8 method=java.util.TreeMap.put(Ljava/lang/Object;Ljava/lang/Object;)Ljava/lang/Object; @ 127
Event: 30.350 Thread 0x000000000ae66000 Uncommon trap: reason=class_check action=maybe_recompile pc=0x00000000024e45e8 method=java.util.TreeMap.put(Ljava/lang/Object;Ljava/lang/Object;)Ljava/lang/Object; @ 127
Event: 30.519 Thread 0x000000000ae66000 Uncommon trap: reason=class_check action=maybe_recompile pc=0x000000000237dc5c method=java.util.regex.Matcher.search(I)Z @ 86
Event: 30.529 Thread 0x000000000ae66000 Uncommon trap: reason=class_check action=maybe_recompile pc=0x000000000237dc5c method=java.util.regex.Matcher.search(I)Z @ 86
Event: 30.529 Thread 0x000000000ae66000 Uncommon trap: reason=class_check action=maybe_recompile pc=0x00000000024e45e8 method=java.util.TreeMap.put(Ljava/lang/Object;Ljava/lang/Object;)Ljava/lang/Object; @ 127
Event: 30.627 Thread 0x000000000ae66000 Uncommon trap: reason=unreached action=reinterpret pc=0x0000000002565d84 method=org.apache.ivy.core.IvyPatternHelper.substituteTokens(Ljava/lang/String;Ljava/util/Map;)Ljava/lang/String; @ 438

Internal exceptions (10 events):
Event: 30.642 Thread 0x000000000ae66000 Threw 0x00000000fa7b24f0 at C:\jdk7u2_64p\jdk7u40\hotspot\src\share\vm\prims\jvm.cpp:1244
Event: 30.642 Thread 0x000000000ae66000 Threw 0x00000000fa7c02b0 at C:\jdk7u2_64p\jdk7u40\hotspot\src\share\vm\prims\jvm.cpp:1244
Event: 30.643 Thread 0x000000000ae66000 Threw 0x00000000fa7c0af8 at C:\jdk7u2_64p\jdk7u40\hotspot\src\share\vm\prims\jvm.cpp:1244
Event: 30.643 Thread 0x000000000ae66000 Threw 0x00000000fa7c5608 at C:\jdk7u2_64p\jdk7u40\hotspot\src\share\vm\prims\jvm.cpp:1244
Event: 30.643 Thread 0x000000000ae66000 Threw 0x00000000fa7cec38 at C:\jdk7u2_64p\jdk7u40\hotspot\src\share\vm\prims\jvm.cpp:1244
Event: 30.643 Thread 0x000000000ae66000 Threw 0x00000000fa7cf718 at C:\jdk7u2_64p\jdk7u40\hotspot\src\share\vm\prims\jvm.cpp:1244
Event: 30.644 Thread 0x000000000ae66000 Threw 0x00000000fa7d7260 at C:\jdk7u2_64p\jdk7u40\hotspot\src\share\vm\prims\jvm.cpp:1244
Event: 30.644 Thread 0x000000000ae66000 Threw 0x00000000fa7e8400 at C:\jdk7u2_64p\jdk7u40\hotspot\src\share\vm\prims\jvm.cpp:1244
Event: 30.644 Thread 0x000000000ae66000 Threw 0x00000000fa7e8ee0 at C:\jdk7u2_64p\jdk7u40\hotspot\src\share\vm\prims\jvm.cpp:1244
Event: 30.644 Thread 0x000000000ae66000 Threw 0x00000000fa7f0a28 at C:\jdk7u2_64p\jdk7u40\hotspot\src\share\vm\prims\jvm.cpp:1244

Events (10 events):
Event: 30.642 loading class 0x000000000de1aea0 done
Event: 30.642 loading class 0x000000000d2613a0
Event: 30.642 loading class 0x000000000d2613a0 done
Event: 30.643 loading class 0x000000000d4388a0
Event: 30.643 loading class 0x000000000d4388a0 done
Event: 30.644 loading class 0x000000000d4387c0
Event: 30.644 loading class 0x000000000d4387c0 done
Event: 30.645 Executing VM operation: ParallelGCFailedAllocation
Event: 31.704 Executing VM operation: ParallelGCFailedAllocation done
Event: 31.785 Executing VM operation: RevokeBias


Dynamic libraries:
0x000000013f110000 - 0x000000013f143000 	C:\Program Files\Java\jdk1.7.0_40\bin\java.exe
0x0000000077560000 - 0x000000007770a000 	C:\Windows\SYSTEM32\ntdll.dll
0x0000000077440000 - 0x000000007755f000 	C:\Windows\system32\kernel32.dll
0x000007fefd310000 - 0x000007fefd37b000 	C:\Windows\system32\KERNELBASE.dll
0x000007fefd880000 - 0x000007fefd95b000 	C:\Windows\system32\ADVAPI32.dll
0x000007fefd960000 - 0x000007fefd9ff000 	C:\Windows\system32\msvcrt.dll
0x000007feff1b0000 - 0x000007feff1cf000 	C:\Windows\SYSTEM32\sechost.dll
0x000007feff530000 - 0x000007feff65d000 	C:\Windows\system32\RPCRT4.dll
0x0000000077340000 - 0x000000007743a000 	C:\Windows\system32\USER32.dll
0x000007fefda30000 - 0x000007fefda97000 	C:\Windows\system32\GDI32.dll
0x000007fefe2a0000 - 0x000007fefe2ae000 	C:\Windows\system32\LPK.dll
0x000007feff1d0000 - 0x000007feff29a000 	C:\Windows\system32\USP10.dll
0x000007fefc140000 - 0x000007fefc334000 	C:\Windows\WinSxS\amd64_microsoft.windows.common-controls_6595b64144ccf1df_6.0.7601.18837_none_fa3b1e3d17594757\COMCTL32.dll
0x000007fefe140000 - 0x000007fefe1b1000 	C:\Windows\system32\SHLWAPI.dll
0x000007fefda00000 - 0x000007fefda2e000 	C:\Windows\system32\IMM32.DLL
0x000007feff040000 - 0x000007feff149000 	C:\Windows\system32\MSCTF.dll
0x000000005ae30000 - 0x000000005af01000 	C:\Program Files\Java\jdk1.7.0_40\jre\bin\msvcr100.dll
0x000000006dfa0000 - 0x000000006e769000 	C:\Program Files\Java\jdk1.7.0_40\jre\bin\server\jvm.dll
0x000007fefc6d0000 - 0x000007fefc6d9000 	C:\Windows\system32\WSOCK32.dll
0x000007feff150000 - 0x000007feff19d000 	C:\Windows\system32\WS2_32.dll
0x000007feff1a0000 - 0x000007feff1a8000 	C:\Windows\system32\NSI.dll
0x000007fefb340000 - 0x000007fefb37b000 	C:\Windows\system32\WINMM.dll
0x0000000077730000 - 0x0000000077737000 	C:\Windows\system32\PSAPI.DLL
0x0000000061bb0000 - 0x0000000061bbf000 	C:\Program Files\Java\jdk1.7.0_40\jre\bin\verify.dll
0x000000005add0000 - 0x000000005adf8000 	C:\Program Files\Java\jdk1.7.0_40\jre\bin\java.dll
0x00000000607d0000 - 0x00000000607e5000 	C:\Program Files\Java\jdk1.7.0_40\jre\bin\zip.dll
0x00000000614a0000 - 0x00000000614b9000 	C:\Program Files\Java\jdk1.7.0_40\jre\bin\net.dll
0x000007fefca70000 - 0x000007fefcac5000 	C:\Windows\system32\mswsock.dll
0x000007fefcd40000 - 0x000007fefcd47000 	C:\Windows\System32\wship6.dll
0x000000005ae10000 - 0x000000005ae21000 	C:\Program Files\Java\jdk1.7.0_40\jre\bin\nio.dll
0x000007fefcad0000 - 0x000007fefcae8000 	C:\Windows\system32\CRYPTSP.dll
0x000007fefc7e0000 - 0x000007fefc827000 	C:\Windows\system32\rsaenh.dll
0x000007fefd5a0000 - 0x000007fefd5be000 	C:\Windows\system32\USERENV.dll
0x000007fefd2f0000 - 0x000007fefd2ff000 	C:\Windows\system32\profapi.dll
0x000007fefd140000 - 0x000007fefd14f000 	C:\Windows\system32\CRYPTBASE.dll
0x000007fefac60000 - 0x000007fefac75000 	C:\Windows\system32\NLAapi.dll
0x000007fef5210000 - 0x000007fef5225000 	C:\Windows\system32\napinsp.dll
0x000007fef51f0000 - 0x000007fef5209000 	C:\Windows\system32\pnrpnsp.dll
0x000007fefc900000 - 0x000007fefc95b000 	C:\Windows\system32\DNSAPI.dll
0x000007fef54d0000 - 0x000007fef54db000 	C:\Windows\System32\winrnr.dll
0x000007fef51e0000 - 0x000007fef51f0000 	C:\Windows\system32\wshbth.dll
0x000007fef51b0000 - 0x000007fef51df000 	C:\Program Files\Common Files\Microsoft Shared\Windows Live\WLIDNSP.DLL
0x000000006fed0000 - 0x000000006fef6000 	C:\Program Files\Bonjour\mdnsNSP.dll
0x000007fefa010000 - 0x000007fefa037000 	C:\Windows\system32\Iphlpapi.DLL
0x000007fefa000000 - 0x000007fefa00b000 	C:\Windows\system32\WINNSI.DLL
0x000007fefbf70000 - 0x000007fefbf77000 	C:\Windows\System32\wshtcpip.dll
0x000007fef51a0000 - 0x000007fef51a8000 	C:\Windows\system32\rasadhlp.dll
0x000007fef9e90000 - 0x000007fef9ee3000 	C:\Windows\System32\fwpuclnt.dll
0x000007fed93a0000 - 0x000007fed93b2000 	C:\Users\Martin\AppData\Local\Temp\native-platform7965596462841578198dir\native-platform.dll
0x000007fef9e10000 - 0x000007fef9e28000 	C:\Windows\system32\dhcpcsvc.DLL
0x000007fef9df0000 - 0x000007fef9e01000 	C:\Windows\system32\dhcpcsvc6.DLL
0x000007fefd0e0000 - 0x000007fefd137000 	C:\Windows\system32\apphelp.dll

VM Arguments:
jvm_args: -XX:MaxPermSize=256m -XX:+HeapDumpOnOutOfMemoryError -Xmx1024m -Dfile.encoding=windows-1252 -Duser.country=US -Duser.language=en -Duser.variant 
java_command: org.gradle.launcher.daemon.bootstrap.GradleDaemon 2.2.1 C:\Users\Martin\.gradle\daemon 10800000 f767965f-40f2-49e6-8b6b-728ea6b0a3ac -XX:MaxPermSize=256m -XX:+HeapDumpOnOutOfMemoryError -Xmx1024m -Dfile.encoding=windows-1252 -Duser.country=US -Duser.language=en -Duser.variant
Launcher Type: SUN_STANDARD

Environment Variables:
PATH=C:\ProgramData\Oracle\Java\javapath;C:\Program Files\Common Files\Microsoft Shared\Windows Live;C:\Program Files (x86)\Common Files\Microsoft Shared\Windows Live;C:\Program Files (x86)\Intel\iCLS Client\;C:\Program Files\Intel\iCLS Client\;C:\Program Files\Dell\DW WLAN Card;C:\Windows\system32;C:\Windows;C:\Windows\System32\Wbem;C:\Windows\System32\WindowsPowerShell\v1.0\;C:\Program Files\WIDCOMM\Bluetooth Software\;C:\Program Files\WIDCOMM\Bluetooth Software\syswow64;C:\Program Files\Dell\Dell Data Protection\Access\Advanced\Wave\Gemalto\Access Client\v5\;C:\Program Files (x86)\Security Innovation\SI TSS\bin\;C:\Program Files (x86)\Windows Live\Shared;C:\Program Files (x86)\MySQL\MySQL Utilities 1.3.4\;C:\Program Files\Microsoft SQL Server\110\Tools\Binn\;C:\Program Files\nodejs\;C:\Program Files (x86)\Git\cmd;C:\Program Files\MATLAB\runtime\win64;C:\Program Files\MATLAB\bin;C:\Program Files (x86)\QuickTime\QTSystem\;C:\Program Files (x86)\GtkSharp\2.12\bin;C:\Program Files (x86)\Skype\Phone\;C:\Program Files\Intel\Intel(R) Management Engine Components\DAL;C:\Program Files\Intel\Intel(R) Management Engine Components\IPT;C:\Program Files (x86)\Intel\Intel(R) Management Engine Components\DAL;C:\Program Files (x86)\Intel\Intel(R) Management Engine Components\IPT;C:\Users\Martin\AppData\Local\Android\sdk\platform-tools;C:\Program Files\Java\jdk1.8.0_20\bin;C:\Users\Martin\AppData\Roaming\npm
USERNAME=Martin
OS=Windows_NT
PROCESSOR_IDENTIFIER=Intel64 Family 6 Model 58 Stepping 9, GenuineIntel



---------------  S Y S T E M  ---------------

OS: Windows 7 , 64 bit Build 7601 Service Pack 1

CPU:total 4 (2 cores per cpu, 2 threads per core) family 6 model 58 stepping 9, cmov, cx8, fxsr, mmx, sse, sse2, sse3, ssse3, sse4.1, sse4.2, popcnt, avx, aes, erms, ht, tsc, tscinvbit, tscinv

Memory: 4k page, physical 4077532k(144568k free), swap 6050484k(22896k free)

vm_info: Java HotSpot(TM) 64-Bit Server VM (24.0-b56) for windows-amd64 JRE (1.7.0_40-b43), built on Aug 26 2013 22:38:32 by "java_re" with unknown MS VC++:1600

time: Wed Mar 30 20:39:41 2016
elapsed time: 31 seconds

