#
# There is insufficient memory for the Java Runtime Environment to continue.
# Native memory allocation (malloc) failed to allocate 512000 bytes for AllocateHeap
# Possible reasons:
#   The system is out of physical RAM or swap space
#   In 32 bit mode, the process size limit was hit
# Possible solutions:
#   Reduce memory load on the system
#   Increase physical memory or swap space
#   Check if swap backing store is full
#   Use 64 bit Java on a 64 bit OS
#   Decrease Java heap size (-Xmx/-Xms)
#   Decrease number of Java threads
#   Decrease Java thread stack sizes (-Xss)
#   Set larger code cache with -XX:ReservedCodeCacheSize=
# This output file may be truncated or incomplete.
#
#  Out of Memory Error (memory/allocation.inline.hpp:62), pid=1156, tid=10904
#
# JRE version: Java(TM) SE Runtime Environment (8.0_20-b26) (build 1.8.0_20-b26)
# Java VM: Java HotSpot(TM) 64-Bit Server VM (25.20-b23 mixed mode windows-amd64 compressed oops)
# Failed to write core dump. Minidumps are not enabled by default on client versions of Windows
#

---------------  T H R E A D  ---------------

Current thread (0x0000000054fb6800):  VMThread [stack: 0x00000000560b0000,0x00000000561b0000] [id=10904]

Stack: [0x00000000560b0000,0x00000000561b0000]
Native frames: (J=compiled Java code, j=interpreted, Vv=VM code, C=native code)
V  [jvm.dll+0x3152fa]
V  [jvm.dll+0x265d03]
V  [jvm.dll+0x266943]
V  [jvm.dll+0x25e265]
V  [jvm.dll+0x25fc3a]
V  [jvm.dll+0xf3878]
V  [jvm.dll+0x67b63]
V  [jvm.dll+0x1195ab]
V  [jvm.dll+0x8a7f1]
V  [jvm.dll+0x82455]
V  [jvm.dll+0x67b0d]
V  [jvm.dll+0x5977c]
V  [jvm.dll+0x6dc34]
V  [jvm.dll+0x3db82f]
V  [jvm.dll+0x3dcd50]
V  [jvm.dll+0x3e0d7f]
V  [jvm.dll+0x3d0934]
V  [jvm.dll+0x3e32d6]
V  [jvm.dll+0x2312c7]
V  [jvm.dll+0x230506]
V  [jvm.dll+0x2309a1]
V  [jvm.dll+0x230bbe]
V  [jvm.dll+0x283f5a]
C  [msvcr100.dll+0x21d9f]
C  [msvcr100.dll+0x21e3b]
C  [kernel32.dll+0x159ed]
C  [ntdll.dll+0x2b371]

VM_Operation (0x000000000251eed0): ParallelGCFailedAllocation, mode: safepoint, requested by thread 0x00000000021af000


---------------  P R O C E S S  ---------------

Java Threads: ( => current thread )
  0x00000000563ca800 JavaThread "Service Thread" daemon [_thread_blocked, id=9624, stack(0x0000000057030000,0x0000000057130000)]
  0x000000005634b800 JavaThread "C1 CompilerThread2" daemon [_thread_blocked, id=8500, stack(0x0000000056ef0000,0x0000000056ff0000)]
  0x000000005634a800 JavaThread "C2 CompilerThread1" daemon [_thread_blocked, id=9088, stack(0x0000000056df0000,0x0000000056ef0000)]
  0x0000000056344800 JavaThread "C2 CompilerThread0" daemon [_thread_blocked, id=4840, stack(0x0000000056b70000,0x0000000056c70000)]
  0x0000000055024800 JavaThread "Attach Listener" daemon [_thread_blocked, id=9420, stack(0x0000000056a00000,0x0000000056b00000)]
  0x0000000055023800 JavaThread "Signal Dispatcher" daemon [_thread_blocked, id=7016, stack(0x00000000567a0000,0x00000000568a0000)]
  0x0000000054fc5000 JavaThread "Finalizer" daemon [_thread_blocked, id=5208, stack(0x0000000055f80000,0x0000000056080000)]
  0x0000000054fbc000 JavaThread "Reference Handler" daemon [_thread_blocked, id=1412, stack(0x0000000056240000,0x0000000056340000)]
  0x00000000021af000 JavaThread "main" [_thread_blocked, id=10912, stack(0x0000000002420000,0x0000000002520000)]

Other Threads:
=>0x0000000054fb6800 VMThread [stack: 0x00000000560b0000,0x00000000561b0000] [id=10904]
  0x00000000563cd800 WatcherThread [stack: 0x0000000056900000,0x0000000056a00000] [id=8572]

VM state:at safepoint (normal execution)

VM Mutex/Monitor currently owned by a thread:  ([mutex/lock_event])
[0x00000000021ad070] Threads_lock - owner thread: 0x0000000054fb6800
[0x00000000021ad570] Heap_lock - owner thread: 0x00000000021af000

Heap:
 PSYoungGen      total 52224K, used 2534K [0x00000000eab00000, 0x00000000f4f00000, 0x0000000100000000)
  eden space 49664K, 0% used [0x00000000eab00000,0x00000000eab00000,0x00000000edb80000)
  from space 2560K, 98% used [0x00000000eed80000,0x00000000eeff9988,0x00000000ef000000)
  to   space 18432K, 0% used [0x00000000edb80000,0x00000000edb80000,0x00000000eed80000)
 ParOldGen       total 44032K, used 39568K [0x00000000c0000000, 0x00000000c2b00000, 0x00000000eab00000)
  object space 44032K, 89% used [0x00000000c0000000,0x00000000c26a4278,0x00000000c2b00000)
 Metaspace       used 7298K, capacity 8056K, committed 8192K, reserved 1056768K
  class space    used 700K, capacity 752K, committed 768K, reserved 1048576K

Card table byte_map: [0x0000000011bb0000,0x0000000011dc0000] byte_map_base: 0x00000000115b0000

Marking Bits: (ParMarkBitMap*) 0x0000000073d2b460
 Begin Bits: [0x0000000012430000, 0x0000000013430000)
 End Bits:   [0x0000000013430000, 0x0000000014430000)

Polling page: 0x0000000000330000

CodeCache: size=245760Kb used=8844Kb max_used=8853Kb free=236915Kb
 bounds [0x00000000027f0000, 0x00000000030b0000, 0x00000000117f0000]
 total_blobs=2942 nmethods=2658 adapters=198
 compilation: enabled

Compilation events (10 events):
Event: 3.236 Thread 0x0000000056344800 nmethod 2669 0x00000000030914d0 code [0x0000000003091620, 0x00000000030916f8]
Event: 3.236 Thread 0x0000000056344800 2692       4       com.android.dx.merge.SortableType$1::compare (13 bytes)
Event: 3.238 Thread 0x0000000056344800 nmethod 2692 0x000000000308d990 code [0x000000000308dae0, 0x000000000308dbf8]
Event: 3.238 Thread 0x0000000056344800 2693       4       com.android.dx.merge.SortableType$1::compare (50 bytes)
Event: 3.240 Thread 0x0000000056344800 nmethod 2693 0x000000000309a390 code [0x000000000309a4c0, 0x000000000309a578]
Event: 3.240 Thread 0x0000000056344800 2626       4       com.android.dx.io.instructions.InstructionCodec$25::encode (6 bytes)
Event: 3.241 Thread 0x000000005634b800 2697       2       com.android.dx.io.instructions.BaseCodeCursor::baseAddressForCursor (25 bytes)
Event: 3.241 Thread 0x000000005634b800 nmethod 2697 0x000000000309b650 code [0x000000000309b7c0, 0x000000000309b9d8]
Event: 3.241 Thread 0x000000005634b800 2698       2       com.android.dx.io.instructions.AddressMap::get (28 bytes)
Event: 3.242 Thread 0x000000005634b800 nmethod 2698 0x000000000309b0d0 code [0x000000000309b240, 0x000000000309b4a8]

GC Heap History (10 events):
Event: 1.165 GC heap after
Heap after GC invocations=2 (full 0):
 PSYoungGen      total 35328K, used 2545K [0x00000000eab00000, 0x00000000ed000000, 0x0000000100000000)
  eden space 32768K, 0% used [0x00000000eab00000,0x00000000eab00000,0x00000000ecb00000)
  from space 2560K, 99% used [0x00000000ecd80000,0x00000000ecffc678,0x00000000ed000000)
  to   space 2560K, 0% used [0x00000000ecb00000,0x00000000ecb00000,0x00000000ecd80000)
 ParOldGen       total 44032K, used 3274K [0x00000000c0000000, 0x00000000c2b00000, 0x00000000eab00000)
  object space 44032K, 7% used [0x00000000c0000000,0x00000000c03328b0,0x00000000c2b00000)
 Metaspace       used 5525K, capacity 6832K, committed 7040K, reserved 1056768K
  class space    used 548K, capacity 616K, committed 640K, reserved 1048576K
}
Event: 1.528 GC heap before
{Heap before GC invocations=3 (full 0):
 PSYoungGen      total 35328K, used 35313K [0x00000000eab00000, 0x00000000ed000000, 0x0000000100000000)
  eden space 32768K, 100% used [0x00000000eab00000,0x00000000ecb00000,0x00000000ecb00000)
  from space 2560K, 99% used [0x00000000ecd80000,0x00000000ecffc678,0x00000000ed000000)
  to   space 2560K, 0% used [0x00000000ecb00000,0x00000000ecb00000,0x00000000ecd80000)
 ParOldGen       total 44032K, used 3274K [0x00000000c0000000, 0x00000000c2b00000, 0x00000000eab00000)
  object space 44032K, 7% used [0x00000000c0000000,0x00000000c03328b0,0x00000000c2b00000)
 Metaspace       used 5601K, capacity 6896K, committed 7040K, reserved 1056768K
  class space    used 548K, capacity 616K, committed 640K, reserved 1048576K
Event: 1.539 GC heap after
Heap after GC invocations=3 (full 0):
 PSYoungGen      total 35328K, used 2529K [0x00000000eab00000, 0x00000000ef000000, 0x0000000100000000)
  eden space 32768K, 0% used [0x00000000eab00000,0x00000000eab00000,0x00000000ecb00000)
  from space 2560K, 98% used [0x00000000ecb00000,0x00000000ecd78658,0x00000000ecd80000)
  to   space 2560K, 0% used [0x00000000eed80000,0x00000000eed80000,0x00000000ef000000)
 ParOldGen       total 44032K, used 6439K [0x00000000c0000000, 0x00000000c2b00000, 0x00000000eab00000)
  object space 44032K, 14% used [0x00000000c0000000,0x00000000c0649ef8,0x00000000c2b00000)
 Metaspace       used 5601K, capacity 6896K, committed 7040K, reserved 1056768K
  class space    used 548K, capacity 616K, committed 640K, reserved 1048576K
}
Event: 1.759 GC heap before
{Heap before GC invocations=4 (full 0):
 PSYoungGen      total 35328K, used 35297K [0x00000000eab00000, 0x00000000ef000000, 0x0000000100000000)
  eden space 32768K, 100% used [0x00000000eab00000,0x00000000ecb00000,0x00000000ecb00000)
  from space 2560K, 98% used [0x00000000ecb00000,0x00000000ecd78658,0x00000000ecd80000)
  to   space 2560K, 0% used [0x00000000eed80000,0x00000000eed80000,0x00000000ef000000)
 ParOldGen       total 44032K, used 6439K [0x00000000c0000000, 0x00000000c2b00000, 0x00000000eab00000)
  object space 44032K, 14% used [0x00000000c0000000,0x00000000c0649ef8,0x00000000c2b00000)
 Metaspace       used 5634K, capacity 6960K, committed 7040K, reserved 1056768K
  class space    used 548K, capacity 616K, committed 640K, reserved 1048576K
Event: 1.783 GC heap after
Heap after GC invocations=4 (full 0):
 PSYoungGen      total 68096K, used 2549K [0x00000000eab00000, 0x00000000ef000000, 0x0000000100000000)
  eden space 65536K, 0% used [0x00000000eab00000,0x00000000eab00000,0x00000000eeb00000)
  from space 2560K, 99% used [0x00000000eed80000,0x00000000eeffd728,0x00000000ef000000)
  to   space 2560K, 0% used [0x00000000eeb00000,0x00000000eeb00000,0x00000000eed80000)
 ParOldGen       total 44032K, used 18640K [0x00000000c0000000, 0x00000000c2b00000, 0x00000000eab00000)
  object space 44032K, 42% used [0x00000000c0000000,0x00000000c1234128,0x00000000c2b00000)
 Metaspace       used 5634K, capacity 6960K, committed 7040K, reserved 1056768K
  class space    used 548K, capacity 616K, committed 640K, reserved 1048576K
}
Event: 2.691 GC heap before
{Heap before GC invocations=5 (full 0):
 PSYoungGen      total 68096K, used 68085K [0x00000000eab00000, 0x00000000ef000000, 0x0000000100000000)
  eden space 65536K, 100% used [0x00000000eab00000,0x00000000eeb00000,0x00000000eeb00000)
  from space 2560K, 99% used [0x00000000eed80000,0x00000000eeffd728,0x00000000ef000000)
  to   space 2560K, 0% used [0x00000000eeb00000,0x00000000eeb00000,0x00000000eed80000)
 ParOldGen       total 44032K, used 18640K [0x00000000c0000000, 0x00000000c2b00000, 0x00000000eab00000)
  object space 44032K, 42% used [0x00000000c0000000,0x00000000c1234128,0x00000000c2b00000)
 Metaspace       used 6549K, capacity 7504K, committed 7680K, reserved 1056768K
  class space    used 623K, capacity 648K, committed 768K, reserved 1048576K
Event: 2.735 GC heap after
Heap after GC invocations=5 (full 0):
 PSYoungGen      total 68096K, used 2532K [0x00000000eab00000, 0x00000000ef000000, 0x0000000100000000)
  eden space 65536K, 0% used [0x00000000eab00000,0x00000000eab00000,0x00000000eeb00000)
  from space 2560K, 98% used [0x00000000eeb00000,0x00000000eed792f0,0x00000000eed80000)
  to   space 2560K, 0% used [0x00000000eed80000,0x00000000eed80000,0x00000000ef000000)
 ParOldGen       total 44032K, used 26166K [0x00000000c0000000, 0x00000000c2b00000, 0x00000000eab00000)
  object space 44032K, 59% used [0x00000000c0000000,0x00000000c198d818,0x00000000c2b00000)
 Metaspace       used 6549K, capacity 7504K, committed 7680K, reserved 1056768K
  class space    used 623K, capacity 648K, committed 768K, reserved 1048576K
}
Event: 3.243 GC heap before
{Heap before GC invocations=6 (full 0):
 PSYoungGen      total 68096K, used 68068K [0x00000000eab00000, 0x00000000ef000000, 0x0000000100000000)
  eden space 65536K, 100% used [0x00000000eab00000,0x00000000eeb00000,0x00000000eeb00000)
  from space 2560K, 98% used [0x00000000eeb00000,0x00000000eed792f0,0x00000000eed80000)
  to   space 2560K, 0% used [0x00000000eed80000,0x00000000eed80000,0x00000000ef000000)
 ParOldGen       total 44032K, used 26166K [0x00000000c0000000, 0x00000000c2b00000, 0x00000000eab00000)
  object space 44032K, 59% used [0x00000000c0000000,0x00000000c198d818,0x00000000c2b00000)
 Metaspace       used 7298K, capacity 8056K, committed 8192K, reserved 1056768K
  class space    used 700K, capacity 752K, committed 768K, reserved 1048576K
Event: 3.261 GC heap after
Heap after GC invocations=6 (full 0):
 PSYoungGen      total 52224K, used 2534K [0x00000000eab00000, 0x00000000f4f00000, 0x0000000100000000)
  eden space 49664K, 0% used [0x00000000eab00000,0x00000000eab00000,0x00000000edb80000)
  from space 2560K, 98% used [0x00000000eed80000,0x00000000eeff9988,0x00000000ef000000)
  to   space 18432K, 0% used [0x00000000edb80000,0x00000000edb80000,0x00000000eed80000)
 ParOldGen       total 44032K, used 39568K [0x00000000c0000000, 0x00000000c2b00000, 0x00000000eab00000)
  object space 44032K, 89% used [0x00000000c0000000,0x00000000c26a4278,0x00000000c2b00000)
 Metaspace       used 7298K, capacity 8056K, committed 8192K, reserved 1056768K
  class space    used 700K, capacity 752K, committed 768K, reserved 1048576K
}
Event: 3.261 GC heap before
{Heap before GC invocations=7 (full 1):
 PSYoungGen      total 52224K, used 2534K [0x00000000eab00000, 0x00000000f4f00000, 0x0000000100000000)
  eden space 49664K, 0% used [0x00000000eab00000,0x00000000eab00000,0x00000000edb80000)
  from space 2560K, 98% used [0x00000000eed80000,0x00000000eeff9988,0x00000000ef000000)
  to   space 18432K, 0% used [0x00000000edb80000,0x00000000edb80000,0x00000000eed80000)
 ParOldGen       total 44032K, used 39568K [0x00000000c0000000, 0x00000000c2b00000, 0x00000000eab00000)
  object space 44032K, 89% used [0x00000000c0000000,0x00000000c26a4278,0x00000000c2b00000)
 Metaspace       used 7298K, capacity 8056K, committed 8192K, reserved 1056768K
  class space    used 700K, capacity 752K, committed 768K, reserved 1048576K

Deoptimization events (10 events):
Event: 2.629 Thread 0x00000000021af000 Uncommon trap: reason=unreached action=reinterpret pc=0x0000000002b295a8 method=java.util.Arrays.copyOf([Ljava/lang/Object;ILjava/lang/Class;)[Ljava/lang/Object; @ 3
Event: 2.631 Thread 0x00000000021af000 Uncommon trap: reason=class_check action=maybe_recompile pc=0x0000000002d83718 method=java.util.HashMap.putVal(ILjava/lang/Object;Ljava/lang/Object;ZZ)Ljava/lang/Object; @ 56
Event: 2.632 Thread 0x00000000021af000 Uncommon trap: reason=class_check action=maybe_recompile pc=0x0000000002d8376c method=java.util.HashMap.putVal(ILjava/lang/Object;Ljava/lang/Object;ZZ)Ljava/lang/Object; @ 152
Event: 2.632 Thread 0x00000000021af000 Uncommon trap: reason=class_check action=maybe_recompile pc=0x0000000002d83718 method=java.util.HashMap.putVal(ILjava/lang/Object;Ljava/lang/Object;ZZ)Ljava/lang/Object; @ 56
Event: 2.781 Thread 0x00000000021af000 Uncommon trap: reason=unreached action=reinterpret pc=0x0000000002d99514 method=java.util.HashMap.resize()[Ljava/util/HashMap$Node; @ 206
Event: 2.791 Thread 0x00000000021af000 Uncommon trap: reason=predicate action=maybe_recompile pc=0x0000000002f3c318 method=com.android.dex.Leb128.writeUnsignedLeb128(Lcom/android/dex/util/ByteOutput;I)V @ 9
Event: 2.883 Thread 0x00000000021af000 Uncommon trap: reason=predicate action=maybe_recompile pc=0x0000000002fad568 method=com.android.dex.Leb128.readUnsignedLeb128(Lcom/android/dex/util/ByteInput;)I @ 41
Event: 2.930 Thread 0x00000000021af000 Uncommon trap: reason=unreached action=reinterpret pc=0x0000000002c6224c method=java.util.HashMap.getNode(ILjava/lang/Object;)Ljava/util/HashMap$Node; @ 84
Event: 2.930 Thread 0x00000000021af000 Uncommon trap: reason=unreached action=reinterpret pc=0x0000000002c75828 method=java.util.HashMap.getNode(ILjava/lang/Object;)Ljava/util/HashMap$Node; @ 84
Event: 3.019 Thread 0x00000000021af000 Uncommon trap: reason=unreached action=reinterpret pc=0x000000000303ffe4 method=java.util.HashMap.putVal(ILjava/lang/Object;Ljava/lang/Object;ZZ)Ljava/lang/Object; @ 109

Internal exceptions (10 events):
Event: 2.819 Thread 0x00000000021af000 Exception <a 'java/security/PrivilegedActionException'> (0x00000000eaccd758) thrown at [D:\re\workspace\8-2-build-windows-amd64-cygwin\jdk8u20\1074\hotspot\src\share\vm\prims\jvm.cpp, line 1275]
Event: 2.819 Thread 0x00000000021af000 Exception <a 'java/security/PrivilegedActionException'> (0x00000000eacd0948) thrown at [D:\re\workspace\8-2-build-windows-amd64-cygwin\jdk8u20\1074\hotspot\src\share\vm\prims\jvm.cpp, line 1275]
Event: 2.820 Thread 0x00000000021af000 Exception <a 'java/security/PrivilegedActionException'> (0x00000000eacd3c10) thrown at [D:\re\workspace\8-2-build-windows-amd64-cygwin\jdk8u20\1074\hotspot\src\share\vm\prims\jvm.cpp, line 1275]
Event: 2.820 Thread 0x00000000021af000 Exception <a 'java/security/PrivilegedActionException'> (0x00000000eacd6fb8) thrown at [D:\re\workspace\8-2-build-windows-amd64-cygwin\jdk8u20\1074\hotspot\src\share\vm\prims\jvm.cpp, line 1275]
Event: 2.821 Thread 0x00000000021af000 Exception <a 'java/security/PrivilegedActionException'> (0x00000000eacdabf8) thrown at [D:\re\workspace\8-2-build-windows-amd64-cygwin\jdk8u20\1074\hotspot\src\share\vm\prims\jvm.cpp, line 1275]
Event: 2.821 Thread 0x00000000021af000 Exception <a 'java/security/PrivilegedActionException'> (0x00000000eacddca8) thrown at [D:\re\workspace\8-2-build-windows-amd64-cygwin\jdk8u20\1074\hotspot\src\share\vm\prims\jvm.cpp, line 1275]
Event: 2.821 Thread 0x00000000021af000 Exception <a 'java/security/PrivilegedActionException'> (0x00000000eace0f18) thrown at [D:\re\workspace\8-2-build-windows-amd64-cygwin\jdk8u20\1074\hotspot\src\share\vm\prims\jvm.cpp, line 1275]
Event: 2.822 Thread 0x00000000021af000 Exception <a 'java/security/PrivilegedActionException'> (0x00000000eace45c0) thrown at [D:\re\workspace\8-2-build-windows-amd64-cygwin\jdk8u20\1074\hotspot\src\share\vm\prims\jvm.cpp, line 1275]
Event: 2.823 Thread 0x00000000021af000 Exception <a 'java/security/PrivilegedActionException'> (0x00000000ead2b9b8) thrown at [D:\re\workspace\8-2-build-windows-amd64-cygwin\jdk8u20\1074\hotspot\src\share\vm\prims\jvm.cpp, line 1275]
Event: 2.824 Thread 0x00000000021af000 Exception <a 'java/security/PrivilegedActionException'> (0x00000000ead2ddc8) thrown at [D:\re\workspace\8-2-build-windows-amd64-cygwin\jdk8u20\1074\hotspot\src\share\vm\prims\jvm.cpp, line 1275]

Events (10 events):
Event: 3.019 Thread 0x00000000021af000 Uncommon trap: trap_request=0xffffffad fr.pc=0x000000000303ffe4
Event: 3.019 Thread 0x00000000021af000 DEOPT PACKING pc=0x000000000303ffe4 sp=0x000000000251f270
Event: 3.019 Thread 0x00000000021af000 DEOPT UNPACKING pc=0x000000000283556a sp=0x000000000251f1a0 mode 2
Event: 3.023 Thread 0x00000000021af000 DEOPT PACKING pc=0x0000000003009059 sp=0x000000000251f100
Event: 3.023 Thread 0x00000000021af000 DEOPT UNPACKING pc=0x00000000028375bf sp=0x000000000251edf0 mode 0
Event: 3.028 Thread 0x00000000021af000 DEOPT PACKING pc=0x0000000002fbc17e sp=0x000000000251f0e0
Event: 3.028 Thread 0x00000000021af000 DEOPT UNPACKING pc=0x00000000028375bf sp=0x000000000251ee00 mode 0
Event: 3.077 loading class java/util/Collections$EmptyIterator
Event: 3.077 loading class java/util/Collections$EmptyIterator done
Event: 3.243 Executing VM operation: ParallelGCFailedAllocation


Dynamic libraries:
0x000000013fe00000 - 0x000000013fe34000 	C:\Program Files\Java\jdk1.8.0_20\bin\java.exe
0x00000000779d0000 - 0x0000000077b7a000 	C:\Windows\SYSTEM32\ntdll.dll
0x00000000777b0000 - 0x00000000778cf000 	C:\Windows\system32\kernel32.dll
0x000007fefd990000 - 0x000007fefd9fb000 	C:\Windows\system32\KERNELBASE.dll
0x000007fefdf00000 - 0x000007fefdfdb000 	C:\Windows\system32\ADVAPI32.dll
0x000007fefe810000 - 0x000007fefe8af000 	C:\Windows\system32\msvcrt.dll
0x000007feffb90000 - 0x000007feffbaf000 	C:\Windows\SYSTEM32\sechost.dll
0x000007fefe950000 - 0x000007fefea7d000 	C:\Windows\system32\RPCRT4.dll
0x00000000778d0000 - 0x00000000779ca000 	C:\Windows\system32\USER32.dll
0x000007fefeb80000 - 0x000007fefebe7000 	C:\Windows\system32\GDI32.dll
0x000007fefdb10000 - 0x000007fefdb1e000 	C:\Windows\system32\LPK.dll
0x000007feffc10000 - 0x000007feffcda000 	C:\Windows\system32\USP10.dll
0x000007fefc5b0000 - 0x000007fefc7a4000 	C:\Windows\WinSxS\amd64_microsoft.windows.common-controls_6595b64144ccf1df_6.0.7601.18837_none_fa3b1e3d17594757\COMCTL32.dll
0x000007fefe600000 - 0x000007fefe671000 	C:\Windows\system32\SHLWAPI.dll
0x000007fefe2d0000 - 0x000007fefe2fe000 	C:\Windows\system32\IMM32.DLL
0x000007fefdb20000 - 0x000007fefdc29000 	C:\Windows\system32\MSCTF.dll
0x0000000073db0000 - 0x0000000073e82000 	C:\Program Files\Java\jdk1.8.0_20\jre\bin\msvcr100.dll
0x0000000073550000 - 0x0000000073da8000 	C:\Program Files\Java\jdk1.8.0_20\jre\bin\server\jvm.dll
0x000007fefcb40000 - 0x000007fefcb49000 	C:\Windows\system32\WSOCK32.dll
0x000007feffbb0000 - 0x000007feffbfd000 	C:\Windows\system32\WS2_32.dll
0x000007feffc00000 - 0x000007feffc08000 	C:\Windows\system32\NSI.dll
0x000007fefb5f0000 - 0x000007fefb62b000 	C:\Windows\system32\WINMM.dll
0x0000000077ba0000 - 0x0000000077ba7000 	C:\Windows\system32\PSAPI.DLL
0x0000000073540000 - 0x000000007354f000 	C:\Program Files\Java\jdk1.8.0_20\jre\bin\verify.dll
0x0000000073510000 - 0x0000000073538000 	C:\Program Files\Java\jdk1.8.0_20\jre\bin\java.dll
0x00000000734f0000 - 0x0000000073506000 	C:\Program Files\Java\jdk1.8.0_20\jre\bin\zip.dll
0x000007fefee00000 - 0x000007feffb8a000 	C:\Windows\system32\SHELL32.dll
0x000007fefebf0000 - 0x000007fefedf3000 	C:\Windows\system32\ole32.dll
0x000007fefd750000 - 0x000007fefd75f000 	C:\Windows\system32\profapi.dll
0x000007fef5160000 - 0x000007fef5285000 	C:\Windows\system32\dbghelp.dll

VM Arguments:
jvm_args: -Xmx1024M -Dfile.encoding=windows-1252 -Duser.country=US -Duser.language=en -Duser.variant 
java_command: com.android.dx.command.Main --dex --output C:\Users\Martin\AndroidStudioProjects\VFU\app\build\intermediates\dex\debug C:\Users\Martin\AndroidStudioProjects\VFU\app\build\intermediates\classes\debug C:\Users\Martin\AndroidStudioProjects\VFU\app\build\intermediates\pre-dexed\debug\support-annotations-22.1.0-f652bb735464fb916e320c2def9a381a41dc5545.jar C:\Users\Martin\AndroidStudioProjects\VFU\app\build\intermediates\pre-dexed\debug\classes-a3220f57e0996e52099cc8054806faa79554d1b4.jar C:\Users\Martin\AndroidStudioProjects\VFU\app\build\intermediates\pre-dexed\debug\classes-296effbfe178d62cc87c8dc628d7384662f7e2d6.jar C:\Users\Martin\AndroidStudioProjects\VFU\app\build\intermediates\pre-dexed\debug\library-2.4.0-6d9a0f1c412620583e6e2a6ed3593aa8f90c6302.jar C:\Users\Martin\AndroidStudioProjects\VFU\app\build\intermediates\pre-dexed\debug\internal_impl-22.1.0-77d3b96ff7ece20732fe1788f7ac1f4e64ca2d6f.jar C:\Users\Martin\AndroidStudioProjects\VFU\app\build\intermediates\pre-dexed\debug\classes-6e8ec529f0dc15364af983786cc8626b338b0c47.jar C:\Users\Martin\AndroidStudioProjects\VFU\app\build\intermediates\pre-dexed\debug\classes-930fa7138f7947d17c6281a5687e558f70a907a0.jar
java_class_path (initial): C:\Users\Martin\AppData\Local\Android\sdk\build-tools\21.1.2\lib\dx.jar
Launcher Type: SUN_STANDARD

Environment Variables:
PATH=C:\ProgramData\Oracle\Java\javapath;C:\Program Files\Common Files\Microsoft Shared\Windows Live;C:\Program Files (x86)\Common Files\Microsoft Shared\Windows Live;C:\Program Files (x86)\Intel\iCLS Client\;C:\Program Files\Intel\iCLS Client\;C:\Program Files\Dell\DW WLAN Card;C:\Windows\system32;C:\Windows;C:\Windows\System32\Wbem;C:\Windows\System32\WindowsPowerShell\v1.0\;C:\Program Files\WIDCOMM\Bluetooth Software\;C:\Program Files\WIDCOMM\Bluetooth Software\syswow64;C:\Program Files\Dell\Dell Data Protection\Access\Advanced\Wave\Gemalto\Access Client\v5\;C:\Program Files (x86)\Security Innovation\SI TSS\bin\;C:\Program Files (x86)\Windows Live\Shared;C:\Program Files (x86)\MySQL\MySQL Utilities 1.3.4\;C:\Program Files\Microsoft SQL Server\110\Tools\Binn\;C:\Program Files\nodejs\;C:\Program Files (x86)\Git\cmd;C:\Program Files\MATLAB\runtime\win64;C:\Program Files\MATLAB\bin;C:\Program Files (x86)\QuickTime\QTSystem\;C:\Program Files (x86)\GtkSharp\2.12\bin;C:\Program Files (x86)\Skype\Phone\;C:\Program Files\Intel\Intel(R) Management Engine Components\DAL;C:\Program Files\Intel\Intel(R) Management Engine Components\IPT;C:\Program Files (x86)\Intel\Intel(R) Management Engine Components\DAL;C:\Program Files (x86)\Intel\Intel(R) Management Engine Components\IPT;C:\Users\Martin\AppData\Local\Android\sdk\platform-tools;C:\Program Files\Java\jdk1.8.0_20\bin;C:\Users\Martin\AppData\Roaming\npm
USERNAME=Martin
OS=Windows_NT
PROCESSOR_IDENTIFIER=Intel64 Family 6 Model 58 Stepping 9, GenuineIntel



---------------  S Y S T E M  ---------------

OS: Windows 7 , 64 bit Build 7601 Service Pack 1

CPU:total 4 (2 cores per cpu, 2 threads per core) family 6 model 58 stepping 9, cmov, cx8, fxsr, mmx, sse, sse2, sse3, ssse3, sse4.1, sse4.2, popcnt, avx, aes, clmul, erms, ht, tsc, tscinvbit, tscinv

Memory: 4k page, physical 4077532k(173052k free), swap 6946304k(19224k free)

vm_info: Java HotSpot(TM) 64-Bit Server VM (25.20-b23) for windows-amd64 JRE (1.8.0_20-b26), built on Jul 30 2014 13:51:23 by "java_re" with MS VC++ 10.0 (VS2010)

time: Thu Apr 07 23:21:04 2016
elapsed time: 3 seconds (0d 0h 0m 3s)

