#
# There is insufficient memory for the Java Runtime Environment to continue.
# Native memory allocation (malloc) failed to allocate 1132432 bytes for Chunk::new
# Possible reasons:
#   The system is out of physical RAM or swap space
#   In 32 bit mode, the process size limit was hit
# Possible solutions:
#   Reduce memory load on the system
#   Increase physical memory or swap space
#   Check if swap backing store is full
#   Use 64 bit Java on a 64 bit OS
#   Decrease Java heap size (-Xmx/-Xms)
#   Decrease number of Java threads
#   Decrease Java thread stack sizes (-Xss)
#   Set larger code cache with -XX:ReservedCodeCacheSize=
# This output file may be truncated or incomplete.
#
#  Out of Memory Error (allocation.cpp:390), pid=5616, tid=11224
#
# JRE version: Java(TM) SE Runtime Environment (8.0_20-b26) (build 1.8.0_20-b26)
# Java VM: Java HotSpot(TM) 64-Bit Server VM (25.20-b23 mixed mode windows-amd64 compressed oops)
# Failed to write core dump. Minidumps are not enabled by default on client versions of Windows
#

---------------  T H R E A D  ---------------

Current thread (0x00000000550e9800):  JavaThread "C2 CompilerThread0" daemon [_thread_in_native, id=11224, stack(0x00000000567c0000,0x00000000568c0000)]

Stack: [0x00000000567c0000,0x00000000568c0000]
Native frames: (J=compiled Java code, j=interpreted, Vv=VM code, C=native code)
V  [jvm.dll+0x3152fa]


Current CompileTask:
C2:  11342 2000       4       com.android.dx.dex.code.OutputFinisher::getAllConstants (47 bytes)


---------------  P R O C E S S  ---------------

Java Threads: ( => current thread )
  0x0000000056aa1800 JavaThread "Service Thread" daemon [_thread_blocked, id=5984, stack(0x0000000057060000,0x0000000057160000)]
  0x00000000550ed000 JavaThread "C1 CompilerThread2" daemon [_thread_in_vm, id=7772, stack(0x00000000566b0000,0x00000000567b0000)]
  0x00000000550eb800 JavaThread "C2 CompilerThread1" daemon [_thread_in_native, id=2284, stack(0x00000000569a0000,0x0000000056aa0000)]
=>0x00000000550e9800 JavaThread "C2 CompilerThread0" daemon [_thread_in_native, id=11224, stack(0x00000000567c0000,0x00000000568c0000)]
  0x00000000550e6800 JavaThread "Attach Listener" daemon [_thread_blocked, id=8368, stack(0x0000000056150000,0x0000000056250000)]
  0x00000000550e3000 JavaThread "Signal Dispatcher" daemon [_thread_blocked, id=10356, stack(0x0000000056530000,0x0000000056630000)]
  0x000000005507f000 JavaThread "Finalizer" daemon [_thread_blocked, id=8620, stack(0x0000000056410000,0x0000000056510000)]
  0x000000005507b800 JavaThread "Reference Handler" daemon [_thread_blocked, id=7656, stack(0x00000000562a0000,0x00000000563a0000)]
  0x000000000217e800 JavaThread "main" [_thread_in_vm, id=5296, stack(0x0000000002560000,0x0000000002660000)]

Other Threads:
  0x0000000055076000 VMThread [stack: 0x0000000055fe0000,0x00000000560e0000] [id=8668]
  0x0000000056aa4800 WatcherThread [stack: 0x0000000057280000,0x0000000057380000] [id=10760]

VM state:not at safepoint (normal execution)

VM Mutex/Monitor currently owned by a thread: None

Heap:
 PSYoungGen      total 143872K, used 85276K [0x00000000eab00000, 0x00000000f4900000, 0x0000000100000000)
  eden space 128512K, 60% used [0x00000000eab00000,0x00000000ef654520,0x00000000f2880000)
  from space 15360K, 52% used [0x00000000f2880000,0x00000000f3072d08,0x00000000f3780000)
  to   space 12800K, 0% used [0x00000000f3780000,0x00000000f3780000,0x00000000f4400000)
 ParOldGen       total 44032K, used 43725K [0x00000000c0000000, 0x00000000c2b00000, 0x00000000eab00000)
  object space 44032K, 99% used [0x00000000c0000000,0x00000000c2ab3430,0x00000000c2b00000)
 Metaspace       used 6258K, capacity 7280K, committed 7552K, reserved 1056768K
  class space    used 591K, capacity 616K, committed 640K, reserved 1048576K

Card table byte_map: [0x0000000011cf0000,0x0000000011f00000] byte_map_base: 0x00000000116f0000

Marking Bits: (ParMarkBitMap*) 0x000000006dbcb460
 Begin Bits: [0x00000000124f0000, 0x00000000134f0000)
 End Bits:   [0x00000000134f0000, 0x00000000144f0000)

Polling page: 0x0000000000330000

CodeCache: size=245760Kb used=8328Kb max_used=8328Kb free=237431Kb
 bounds [0x0000000002930000, 0x0000000003160000, 0x0000000011930000]
 total_blobs=2284 nmethods=2024 adapters=174
 compilation: enabled

Compilation events (10 events):
Event: 11.334 Thread 0x00000000550ed000 2060       2       com.android.dx.rop.code.Insn::canThrow (8 bytes)
Event: 11.334 Thread 0x00000000550ed000 nmethod 2060 0x00000000031551d0 code [0x0000000003155340, 0x00000000031554e8]
Event: 11.334 Thread 0x00000000550ed000 2061       1       com.android.dx.dex.code.DalvInsn::getRegisters (5 bytes)
Event: 11.335 Thread 0x00000000550ed000 nmethod 2061 0x00000000031555d0 code [0x0000000003155720, 0x0000000003155830]
Event: 11.335 Thread 0x00000000550ed000 2062       1       com.android.dx.dex.code.Dop::getFormat (5 bytes)
Event: 11.335 Thread 0x00000000550ed000 nmethod 2062 0x0000000003155890 code [0x00000000031559e0, 0x0000000003155af0]
Event: 11.335 Thread 0x00000000550ed000 2063       2       com.android.dx.dex.code.DalvInsnList::get (9 bytes)
Event: 11.335 Thread 0x00000000550ed000 nmethod 2063 0x0000000003155b50 code [0x0000000003155cc0, 0x0000000003155e68]
Event: 11.336 Thread 0x00000000550ed000 2064       2       com.android.dx.dex.code.OutputFinisher::findOpcodeForInsn (51 bytes)
Event: 11.336 Thread 0x00000000550ed000 nmethod 2064 0x0000000003155f10 code [0x00000000031560a0, 0x00000000031563d8]

GC Heap History (10 events):
Event: 3.645 GC heap before
{Heap before GC invocations=4 (full 0):
 PSYoungGen      total 35328K, used 35297K [0x00000000eab00000, 0x00000000ef000000, 0x0000000100000000)
  eden space 32768K, 100% used [0x00000000eab00000,0x00000000ecb00000,0x00000000ecb00000)
  from space 2560K, 98% used [0x00000000ecb00000,0x00000000ecd78498,0x00000000ecd80000)
  to   space 2560K, 0% used [0x00000000eed80000,0x00000000eed80000,0x00000000ef000000)
 ParOldGen       total 44032K, used 8241K [0x00000000c0000000, 0x00000000c2b00000, 0x00000000eab00000)
  object space 44032K, 18% used [0x00000000c0000000,0x00000000c080c560,0x00000000c2b00000)
 Metaspace       used 5861K, capacity 7088K, committed 7296K, reserved 1056768K
  class space    used 555K, capacity 616K, committed 640K, reserved 1048576K
Event: 4.172 GC heap after
Heap after GC invocations=4 (full 0):
 PSYoungGen      total 68096K, used 2545K [0x00000000eab00000, 0x00000000ef000000, 0x0000000100000000)
  eden space 65536K, 0% used [0x00000000eab00000,0x00000000eab00000,0x00000000eeb00000)
  from space 2560K, 99% used [0x00000000eed80000,0x00000000eeffc608,0x00000000ef000000)
  to   space 2560K, 0% used [0x00000000eeb00000,0x00000000eeb00000,0x00000000eed80000)
 ParOldGen       total 44032K, used 13021K [0x00000000c0000000, 0x00000000c2b00000, 0x00000000eab00000)
  object space 44032K, 29% used [0x00000000c0000000,0x00000000c0cb75b0,0x00000000c2b00000)
 Metaspace       used 5861K, capacity 7088K, committed 7296K, reserved 1056768K
  class space    used 555K, capacity 616K, committed 640K, reserved 1048576K
}
Event: 4.950 GC heap before
{Heap before GC invocations=5 (full 0):
 PSYoungGen      total 68096K, used 68081K [0x00000000eab00000, 0x00000000ef000000, 0x0000000100000000)
  eden space 65536K, 100% used [0x00000000eab00000,0x00000000eeb00000,0x00000000eeb00000)
  from space 2560K, 99% used [0x00000000eed80000,0x00000000eeffc608,0x00000000ef000000)
  to   space 2560K, 0% used [0x00000000eeb00000,0x00000000eeb00000,0x00000000eed80000)
 ParOldGen       total 44032K, used 13021K [0x00000000c0000000, 0x00000000c2b00000, 0x00000000eab00000)
  object space 44032K, 29% used [0x00000000c0000000,0x00000000c0cb75b0,0x00000000c2b00000)
 Metaspace       used 5942K, capacity 7152K, committed 7296K, reserved 1056768K
  class space    used 556K, capacity 616K, committed 640K, reserved 1048576K
Event: 6.603 GC heap after
Heap after GC invocations=5 (full 0):
 PSYoungGen      total 68096K, used 2560K [0x00000000eab00000, 0x00000000f4400000, 0x0000000100000000)
  eden space 65536K, 0% used [0x00000000eab00000,0x00000000eab00000,0x00000000eeb00000)
  from space 2560K, 100% used [0x00000000eeb00000,0x00000000eed80000,0x00000000eed80000)
  to   space 12800K, 0% used [0x00000000f3780000,0x00000000f3780000,0x00000000f4400000)
 ParOldGen       total 44032K, used 23124K [0x00000000c0000000, 0x00000000c2b00000, 0x00000000eab00000)
  object space 44032K, 52% used [0x00000000c0000000,0x00000000c16950d0,0x00000000c2b00000)
 Metaspace       used 5942K, capacity 7152K, committed 7296K, reserved 1056768K
  class space    used 556K, capacity 616K, committed 640K, reserved 1048576K
}
Event: 7.247 GC heap before
{Heap before GC invocations=6 (full 0):
 PSYoungGen      total 68096K, used 68096K [0x00000000eab00000, 0x00000000f4400000, 0x0000000100000000)
  eden space 65536K, 100% used [0x00000000eab00000,0x00000000eeb00000,0x00000000eeb00000)
  from space 2560K, 100% used [0x00000000eeb00000,0x00000000eed80000,0x00000000eed80000)
  to   space 12800K, 0% used [0x00000000f3780000,0x00000000f3780000,0x00000000f4400000)
 ParOldGen       total 44032K, used 23124K [0x00000000c0000000, 0x00000000c2b00000, 0x00000000eab00000)
  object space 44032K, 52% used [0x00000000c0000000,0x00000000c16950d0,0x00000000c2b00000)
 Metaspace       used 5956K, capacity 7152K, committed 7296K, reserved 1056768K
  class space    used 556K, capacity 616K, committed 640K, reserved 1048576K
Event: 8.048 GC heap after
Heap after GC invocations=6 (full 0):
 PSYoungGen      total 141312K, used 12797K [0x00000000eab00000, 0x00000000f4900000, 0x0000000100000000)
  eden space 128512K, 0% used [0x00000000eab00000,0x00000000eab00000,0x00000000f2880000)
  from space 12800K, 99% used [0x00000000f3780000,0x00000000f43ff558,0x00000000f4400000)
  to   space 15360K, 0% used [0x00000000f2880000,0x00000000f2880000,0x00000000f3780000)
 ParOldGen       total 44032K, used 23555K [0x00000000c0000000, 0x00000000c2b00000, 0x00000000eab00000)
  object space 44032K, 53% used [0x00000000c0000000,0x00000000c1700e68,0x00000000c2b00000)
 Metaspace       used 5956K, capacity 7152K, committed 7296K, reserved 1056768K
  class space    used 556K, capacity 616K, committed 640K, reserved 1048576K
}
Event: 9.093 GC heap before
{Heap before GC invocations=7 (full 0):
 PSYoungGen      total 141312K, used 141309K [0x00000000eab00000, 0x00000000f4900000, 0x0000000100000000)
  eden space 128512K, 100% used [0x00000000eab00000,0x00000000f2880000,0x00000000f2880000)
  from space 12800K, 99% used [0x00000000f3780000,0x00000000f43ff558,0x00000000f4400000)
  to   space 15360K, 0% used [0x00000000f2880000,0x00000000f2880000,0x00000000f3780000)
 ParOldGen       total 44032K, used 23555K [0x00000000c0000000, 0x00000000c2b00000, 0x00000000eab00000)
  object space 44032K, 53% used [0x00000000c0000000,0x00000000c1700e68,0x00000000c2b00000)
 Metaspace       used 6059K, capacity 7152K, committed 7296K, reserved 1056768K
  class space    used 575K, capacity 616K, committed 640K, reserved 1048576K
Event: 9.263 GC heap after
Heap after GC invocations=7 (full 0):
 PSYoungGen      total 143872K, used 15339K [0x00000000eab00000, 0x00000000f4900000, 0x0000000100000000)
  eden space 128512K, 0% used [0x00000000eab00000,0x00000000eab00000,0x00000000f2880000)
  from space 15360K, 99% used [0x00000000f2880000,0x00000000f377af60,0x00000000f3780000)
  to   space 12800K, 0% used [0x00000000f3780000,0x00000000f3780000,0x00000000f4400000)
 ParOldGen       total 44032K, used 39825K [0x00000000c0000000, 0x00000000c2b00000, 0x00000000eab00000)
  object space 44032K, 90% used [0x00000000c0000000,0x00000000c26e4720,0x00000000c2b00000)
 Metaspace       used 6059K, capacity 7152K, committed 7296K, reserved 1056768K
  class space    used 575K, capacity 616K, committed 640K, reserved 1048576K
}
Event: 9.263 GC heap before
{Heap before GC invocations=8 (full 1):
 PSYoungGen      total 143872K, used 15339K [0x00000000eab00000, 0x00000000f4900000, 0x0000000100000000)
  eden space 128512K, 0% used [0x00000000eab00000,0x00000000eab00000,0x00000000f2880000)
  from space 15360K, 99% used [0x00000000f2880000,0x00000000f377af60,0x00000000f3780000)
  to   space 12800K, 0% used [0x00000000f3780000,0x00000000f3780000,0x00000000f4400000)
 ParOldGen       total 44032K, used 39825K [0x00000000c0000000, 0x00000000c2b00000, 0x00000000eab00000)
  object space 44032K, 90% used [0x00000000c0000000,0x00000000c26e4720,0x00000000c2b00000)
 Metaspace       used 6059K, capacity 7152K, committed 7296K, reserved 1056768K
  class space    used 575K, capacity 616K, committed 640K, reserved 1048576K
Event: 10.296 GC heap after
Heap after GC invocations=8 (full 1):
 PSYoungGen      total 143872K, used 8139K [0x00000000eab00000, 0x00000000f4900000, 0x0000000100000000)
  eden space 128512K, 0% used [0x00000000eab00000,0x00000000eab00000,0x00000000f2880000)
  from space 15360K, 52% used [0x00000000f2880000,0x00000000f3072d08,0x00000000f3780000)
  to   space 12800K, 0% used [0x00000000f3780000,0x00000000f3780000,0x00000000f4400000)
 ParOldGen       total 44032K, used 43725K [0x00000000c0000000, 0x00000000c2b00000, 0x00000000eab00000)
  object space 44032K, 99% used [0x00000000c0000000,0x00000000c2ab3430,0x00000000c2b00000)
 Metaspace       used 6059K, capacity 7152K, committed 7296K, reserved 1056768K
  class space    used 575K, capacity 616K, committed 640K, reserved 1048576K
}

Deoptimization events (10 events):
Event: 8.887 Thread 0x000000000217e800 Uncommon trap: reason=bimorphic action=maybe_recompile pc=0x000000000306f364 method=java.util.HashMap.putVal(ILjava/lang/Object;Ljava/lang/Object;ZZ)Ljava/lang/Object; @ 203
Event: 8.889 Thread 0x000000000217e800 Uncommon trap: reason=unreached action=reinterpret pc=0x0000000003075b5c method=java.util.HashMap.getNode(ILjava/lang/Object;)Ljava/util/HashMap$Node; @ 84
Event: 8.889 Thread 0x000000000217e800 Uncommon trap: reason=unreached action=reinterpret pc=0x0000000002f31300 method=java.util.HashMap.getNode(ILjava/lang/Object;)Ljava/util/HashMap$Node; @ 84
Event: 10.538 Thread 0x000000000217e800 Uncommon trap: reason=unreached action=reinterpret pc=0x0000000002ef476c method=com.android.dx.rop.code.LocalItem.compareHandlesNulls(Lcom/android/dx/rop/cst/CstString;Lcom/android/dx/rop/cst/CstString;)I @ 14
Event: 10.788 Thread 0x000000000217e800 Uncommon trap: reason=class_check action=maybe_recompile pc=0x0000000002db0600 method=java.util.Arrays.hashCode([Ljava/lang/Object;)I @ 43
Event: 10.788 Thread 0x000000000217e800 Uncommon trap: reason=class_check action=maybe_recompile pc=0x0000000002db0600 method=java.util.Arrays.hashCode([Ljava/lang/Object;)I @ 43
Event: 10.788 Thread 0x000000000217e800 Uncommon trap: reason=class_check action=maybe_recompile pc=0x0000000002db0600 method=java.util.Arrays.hashCode([Ljava/lang/Object;)I @ 43
Event: 10.789 Thread 0x000000000217e800 Uncommon trap: reason=class_check action=maybe_recompile pc=0x0000000002db0600 method=java.util.Arrays.hashCode([Ljava/lang/Object;)I @ 43
Event: 10.789 Thread 0x000000000217e800 Uncommon trap: reason=class_check action=maybe_recompile pc=0x0000000002d92ac0 method=java.util.Arrays.hashCode([Ljava/lang/Object;)I @ 43
Event: 10.903 Thread 0x000000000217e800 Uncommon trap: reason=class_check action=maybe_recompile pc=0x0000000002f7c114 method=java.util.HashMap.putVal(ILjava/lang/Object;Ljava/lang/Object;ZZ)Ljava/lang/Object; @ 203

Internal exceptions (10 events):
Event: 11.290 Thread 0x000000000217e800 Exception <a 'java/security/PrivilegedActionException'> (0x00000000ef4eac08) thrown at [D:\re\workspace\8-2-build-windows-amd64-cygwin\jdk8u20\1074\hotspot\src\share\vm\prims\jvm.cpp, line 1275]
Event: 11.290 Thread 0x000000000217e800 Exception <a 'java/security/PrivilegedActionException'> (0x00000000ef4ed700) thrown at [D:\re\workspace\8-2-build-windows-amd64-cygwin\jdk8u20\1074\hotspot\src\share\vm\prims\jvm.cpp, line 1275]
Event: 11.291 Thread 0x000000000217e800 Exception <a 'java/security/PrivilegedActionException'> (0x00000000ef4f2e30) thrown at [D:\re\workspace\8-2-build-windows-amd64-cygwin\jdk8u20\1074\hotspot\src\share\vm\prims\jvm.cpp, line 1275]
Event: 11.292 Thread 0x000000000217e800 Exception <a 'java/security/PrivilegedActionException'> (0x00000000ef4f6468) thrown at [D:\re\workspace\8-2-build-windows-amd64-cygwin\jdk8u20\1074\hotspot\src\share\vm\prims\jvm.cpp, line 1275]
Event: 11.292 Thread 0x000000000217e800 Exception <a 'java/security/PrivilegedActionException'> (0x00000000ef4f8f28) thrown at [D:\re\workspace\8-2-build-windows-amd64-cygwin\jdk8u20\1074\hotspot\src\share\vm\prims\jvm.cpp, line 1275]
Event: 11.293 Thread 0x000000000217e800 Exception <a 'java/security/PrivilegedActionException'> (0x00000000ef4fe1e0) thrown at [D:\re\workspace\8-2-build-windows-amd64-cygwin\jdk8u20\1074\hotspot\src\share\vm\prims\jvm.cpp, line 1275]
Event: 11.293 Thread 0x000000000217e800 Exception <a 'java/security/PrivilegedActionException'> (0x00000000ef504830) thrown at [D:\re\workspace\8-2-build-windows-amd64-cygwin\jdk8u20\1074\hotspot\src\share\vm\prims\jvm.cpp, line 1275]
Event: 11.294 Thread 0x000000000217e800 Exception <a 'java/security/PrivilegedActionException'> (0x00000000ef507830) thrown at [D:\re\workspace\8-2-build-windows-amd64-cygwin\jdk8u20\1074\hotspot\src\share\vm\prims\jvm.cpp, line 1275]
Event: 11.333 Thread 0x000000000217e800 Exception <a 'java/security/PrivilegedActionException'> (0x00000000ef50c748) thrown at [D:\re\workspace\8-2-build-windows-amd64-cygwin\jdk8u20\1074\hotspot\src\share\vm\prims\jvm.cpp, line 1275]
Event: 11.333 Thread 0x000000000217e800 Exception <a 'java/security/PrivilegedActionException'> (0x00000000ef510f18) thrown at [D:\re\workspace\8-2-build-windows-amd64-cygwin\jdk8u20\1074\hotspot\src\share\vm\prims\jvm.cpp, line 1275]

Events (10 events):
Event: 11.293 loading class com/android/dx/dex/code/LocalList$MakeState
Event: 11.293 loading class com/android/dx/dex/code/LocalList$MakeState done
Event: 11.293 loading class com/android/dx/dex/code/LocalList$Disposition
Event: 11.293 loading class com/android/dx/dex/code/LocalList$Disposition done
Event: 11.294 loading class com/android/dx/dex/code/LocalList$Entry
Event: 11.294 loading class com/android/dx/dex/code/LocalList$Entry done
Event: 11.333 loading class com/android/dx/dex/code/CatchHandlerList
Event: 11.333 loading class com/android/dx/dex/code/CatchHandlerList done
Event: 11.333 loading class com/android/dx/dex/code/CatchTable
Event: 11.333 loading class com/android/dx/dex/code/CatchTable done


Dynamic libraries:
0x000000013f290000 - 0x000000013f2c4000 	C:\Program Files\Java\jdk1.8.0_20\bin\java.exe
0x0000000077690000 - 0x000000007783a000 	C:\Windows\SYSTEM32\ntdll.dll
0x0000000077470000 - 0x000000007758f000 	C:\Windows\system32\kernel32.dll
0x000007fefd740000 - 0x000007fefd7aa000 	C:\Windows\system32\KERNELBASE.dll
0x000007fefdb80000 - 0x000007fefdc5b000 	C:\Windows\system32\ADVAPI32.dll
0x000007feff900000 - 0x000007feff99f000 	C:\Windows\system32\msvcrt.dll
0x000007fefe060000 - 0x000007fefe07f000 	C:\Windows\SYSTEM32\sechost.dll
0x000007fefda50000 - 0x000007fefdb7d000 	C:\Windows\system32\RPCRT4.dll
0x0000000077590000 - 0x000000007768a000 	C:\Windows\system32\USER32.dll
0x000007fefe5b0000 - 0x000007fefe617000 	C:\Windows\system32\GDI32.dll
0x000007fefdd30000 - 0x000007fefdd3e000 	C:\Windows\system32\LPK.dll
0x000007fefdc60000 - 0x000007fefdd2a000 	C:\Windows\system32\USP10.dll
0x000007fefc210000 - 0x000007fefc404000 	C:\Windows\WinSxS\amd64_microsoft.windows.common-controls_6595b64144ccf1df_6.0.7601.18837_none_fa3b1e3d17594757\COMCTL32.dll
0x000007fefe0e0000 - 0x000007fefe151000 	C:\Windows\system32\SHLWAPI.dll
0x000007fefde50000 - 0x000007fefde7e000 	C:\Windows\system32\IMM32.DLL
0x000007fefdd40000 - 0x000007fefde49000 	C:\Windows\system32\MSCTF.dll
0x000000006d310000 - 0x000000006d3e2000 	C:\Program Files\Java\jdk1.8.0_20\jre\bin\msvcr100.dll
0x000000006d3f0000 - 0x000000006dc48000 	C:\Program Files\Java\jdk1.8.0_20\jre\bin\server\jvm.dll
0x000007fefca30000 - 0x000007fefca39000 	C:\Windows\system32\WSOCK32.dll
0x000007fefe010000 - 0x000007fefe05d000 	C:\Windows\system32\WS2_32.dll
0x000007feff8f0000 - 0x000007feff8f8000 	C:\Windows\system32\NSI.dll
0x000007fefb690000 - 0x000007fefb6cb000 	C:\Windows\system32\WINMM.dll
0x0000000077860000 - 0x0000000077867000 	C:\Windows\system32\PSAPI.DLL
0x0000000073a90000 - 0x0000000073a9f000 	C:\Program Files\Java\jdk1.8.0_20\jre\bin\verify.dll
0x0000000073930000 - 0x0000000073958000 	C:\Program Files\Java\jdk1.8.0_20\jre\bin\java.dll
0x0000000073910000 - 0x0000000073926000 	C:\Program Files\Java\jdk1.8.0_20\jre\bin\zip.dll
0x000007fefe6c0000 - 0x000007feff44a000 	C:\Windows\system32\SHELL32.dll
0x000007feff6e0000 - 0x000007feff8e3000 	C:\Windows\system32\ole32.dll
0x000007fefd410000 - 0x000007fefd41f000 	C:\Windows\system32\profapi.dll

VM Arguments:
jvm_args: -Xmx1024M -Dfile.encoding=windows-1252 -Duser.country=US -Duser.language=en -Duser.variant 
java_command: com.android.dx.command.Main --dex --output C:\Users\Martin\AndroidStudioProjects\VFU\app\build\intermediates\pre-dexed\debug\classes-930fa7138f7947d17c6281a5687e558f70a907a0.jar C:\Users\Martin\AndroidStudioProjects\VFU\app\build\intermediates\exploded-aar\com.android.support\support-v4\22.1.0\classes.jar
java_class_path (initial): C:\Users\Martin\AppData\Local\Android\sdk\build-tools\21.1.2\lib\dx.jar
Launcher Type: SUN_STANDARD

Environment Variables:
PATH=C:\ProgramData\Oracle\Java\javapath;C:\Program Files\Common Files\Microsoft Shared\Windows Live;C:\Program Files (x86)\Common Files\Microsoft Shared\Windows Live;C:\Program Files (x86)\Intel\iCLS Client\;C:\Program Files\Intel\iCLS Client\;C:\Program Files\Dell\DW WLAN Card;C:\Windows\system32;C:\Windows;C:\Windows\System32\Wbem;C:\Windows\System32\WindowsPowerShell\v1.0\;C:\Program Files\WIDCOMM\Bluetooth Software\;C:\Program Files\WIDCOMM\Bluetooth Software\syswow64;C:\Program Files\Dell\Dell Data Protection\Access\Advanced\Wave\Gemalto\Access Client\v5\;C:\Program Files (x86)\Security Innovation\SI TSS\bin\;C:\Program Files (x86)\Windows Live\Shared;C:\Program Files (x86)\MySQL\MySQL Utilities 1.3.4\;C:\Program Files\Microsoft SQL Server\110\Tools\Binn\;C:\Program Files\nodejs\;C:\Program Files (x86)\Git\cmd;C:\Program Files\MATLAB\runtime\win64;C:\Program Files\MATLAB\bin;C:\Program Files (x86)\QuickTime\QTSystem\;C:\Program Files (x86)\GtkSharp\2.12\bin;C:\Program Files (x86)\Skype\Phone\;C:\Program Files\Intel\Intel(R) Management Engine Components\DAL;C:\Program Files\Intel\Intel(R) Management Engine Components\IPT;C:\Program Files (x86)\Intel\Intel(R) Management Engine Components\DAL;C:\Program Files (x86)\Intel\Intel(R) Management Engine Components\IPT;C:\Users\Martin\AppData\Local\Android\sdk\platform-tools;C:\Program Files\Java\jdk1.8.0_20\bin;C:\Users\Martin\AppData\Roaming\npm
USERNAME=Martin
OS=Windows_NT
PROCESSOR_IDENTIFIER=Intel64 Family 6 Model 58 Stepping 9, GenuineIntel



---------------  S Y S T E M  ---------------

OS: Windows 7 , 64 bit Build 7601 Service Pack 1

CPU:total 4 (2 cores per cpu, 2 threads per core) family 6 model 58 stepping 9, cmov, cx8, fxsr, mmx, sse, sse2, sse3, ssse3, sse4.1, sse4.2, popcnt, avx, aes, clmul, erms, ht, tsc, tscinvbit, tscinv

Memory: 4k page, physical 4077532k(347348k free), swap 5585756k(5180k free)

vm_info: Java HotSpot(TM) 64-Bit Server VM (25.20-b23) for windows-amd64 JRE (1.8.0_20-b26), built on Jul 30 2014 13:51:23 by "java_re" with MS VC++ 10.0 (VS2010)

time: Tue Apr 19 00:23:55 2016
elapsed time: 11 seconds (0d 0h 0m 11s)

