#
# There is insufficient memory for the Java Runtime Environment to continue.
# Native memory allocation (malloc) failed to allocate 695296 bytes for Chunk::new
# Possible reasons:
#   The system is out of physical RAM or swap space
#   In 32 bit mode, the process size limit was hit
# Possible solutions:
#   Reduce memory load on the system
#   Increase physical memory or swap space
#   Check if swap backing store is full
#   Use 64 bit Java on a 64 bit OS
#   Decrease Java heap size (-Xmx/-Xms)
#   Decrease number of Java threads
#   Decrease Java thread stack sizes (-Xss)
#   Set larger code cache with -XX:ReservedCodeCacheSize=
# This output file may be truncated or incomplete.
#
#  Out of Memory Error (allocation.cpp:390), pid=5164, tid=2956
#
# JRE version: Java(TM) SE Runtime Environment (8.0_20-b26) (build 1.8.0_20-b26)
# Java VM: Java HotSpot(TM) 64-Bit Server VM (25.20-b23 mixed mode windows-amd64 compressed oops)
# Failed to write core dump. Minidumps are not enabled by default on client versions of Windows
#

---------------  T H R E A D  ---------------

Current thread (0x0000000055268800):  JavaThread "C2 CompilerThread0" daemon [_thread_in_native, id=2956, stack(0x0000000056a70000,0x0000000056b70000)]

Stack: [0x0000000056a70000,0x0000000056b70000]
Native frames: (J=compiled Java code, j=interpreted, Vv=VM code, C=native code)
V  [jvm.dll+0x3152fa]


Current CompileTask:
C2:   1331 1175       4       com.android.dx.ssa.SCCP::simulatePhi (169 bytes)


---------------  P R O C E S S  ---------------

Java Threads: ( => current thread )
  0x0000000056d3e800 JavaThread "Service Thread" daemon [_thread_blocked, id=5316, stack(0x0000000057180000,0x0000000057280000)]
  0x0000000056cb0800 JavaThread "C1 CompilerThread2" daemon [_thread_blocked, id=10952, stack(0x00000000568f0000,0x00000000569f0000)]
  0x000000005526d800 JavaThread "C2 CompilerThread1" daemon [_thread_in_native, id=2892, stack(0x0000000056bb0000,0x0000000056cb0000)]
=>0x0000000055268800 JavaThread "C2 CompilerThread0" daemon [_thread_in_native, id=2956, stack(0x0000000056a70000,0x0000000056b70000)]
  0x0000000055264800 JavaThread "Attach Listener" daemon [_thread_blocked, id=11068, stack(0x0000000056790000,0x0000000056890000)]
  0x0000000055261800 JavaThread "Signal Dispatcher" daemon [_thread_blocked, id=5012, stack(0x0000000056610000,0x0000000056710000)]
  0x0000000055205000 JavaThread "Finalizer" daemon [_thread_blocked, id=10516, stack(0x0000000056480000,0x0000000056580000)]
  0x00000000551fc000 JavaThread "Reference Handler" daemon [_thread_blocked, id=6624, stack(0x0000000056310000,0x0000000056410000)]
  0x000000000235f000 JavaThread "main" [_thread_in_Java, id=6128, stack(0x0000000002410000,0x0000000002510000)]

Other Threads:
  0x00000000551f6800 VMThread [stack: 0x0000000056190000,0x0000000056290000] [id=11168]
  0x0000000056d42000 WatcherThread [stack: 0x0000000057330000,0x0000000057430000] [id=7288]

VM state:not at safepoint (normal execution)

VM Mutex/Monitor currently owned by a thread: None

Heap:
 PSYoungGen      total 18944K, used 17487K [0x00000000eab00000, 0x00000000ec000000, 0x0000000100000000)
  eden space 16384K, 91% used [0x00000000eab00000,0x00000000eb99b848,0x00000000ebb00000)
  from space 2560K, 98% used [0x00000000ebb00000,0x00000000ebd78678,0x00000000ebd80000)
  to   space 2560K, 0% used [0x00000000ebd80000,0x00000000ebd80000,0x00000000ec000000)
 ParOldGen       total 44032K, used 1818K [0x00000000c0000000, 0x00000000c2b00000, 0x00000000eab00000)
  object space 44032K, 4% used [0x00000000c0000000,0x00000000c01c6838,0x00000000c2b00000)
 Metaspace       used 5519K, capacity 6832K, committed 7040K, reserved 1056768K
  class space    used 548K, capacity 616K, committed 640K, reserved 1048576K

Card table byte_map: [0x0000000011ba0000,0x0000000011db0000] byte_map_base: 0x00000000115a0000

Marking Bits: (ParMarkBitMap*) 0x000000006dbcb460
 Begin Bits: [0x0000000012670000, 0x0000000013670000)
 End Bits:   [0x0000000013670000, 0x0000000014670000)

Polling page: 0x0000000000130000

CodeCache: size=245760Kb used=4421Kb max_used=4421Kb free=241338Kb
 bounds [0x00000000027e0000, 0x0000000002c40000, 0x00000000117e0000]
 total_blobs=1452 nmethods=1192 adapters=174
 compilation: enabled

Compilation events (10 events):
Event: 1.302 Thread 0x0000000056cb0800 1199       2       com.android.dx.ssa.SsaBasicBlock::addMoveToEnd (172 bytes)
Event: 1.304 Thread 0x0000000056cb0800 nmethod 1199 0x0000000002c32110 code [0x0000000002c32380, 0x0000000002c32dc8]
Event: 1.308 Thread 0x0000000056cb0800 1202       2       com.android.dx.rop.code.InsnList::contentEquals (54 bytes)
Event: 1.309 Thread 0x0000000056cb0800 nmethod 1202 0x0000000002c33cd0 code [0x0000000002c33e60, 0x0000000002c34188]
Event: 1.309 Thread 0x0000000056cb0800 1201       2       com.android.dx.ssa.back.IdenticalBlockCombiner::compareInsns (12 bytes)
Event: 1.309 Thread 0x0000000056cb0800 nmethod 1201 0x0000000002c343d0 code [0x0000000002c34540, 0x0000000002c346a8]
Event: 1.309 Thread 0x0000000056cb0800 1203       2       com.android.dx.ssa.back.IdenticalBlockCombiner::replaceSucc (83 bytes)
Event: 1.310 Thread 0x0000000056cb0800 nmethod 1203 0x0000000002c347d0 code [0x0000000002c34980, 0x0000000002c34cd8]
Event: 1.310 Thread 0x0000000056cb0800 1204       2       com.android.dx.rop.code.BasicBlockList$RegCountVisitor::visitThrowingInsn (6 bytes)
Event: 1.310 Thread 0x0000000056cb0800 nmethod 1204 0x0000000002c34fd0 code [0x0000000002c35140, 0x0000000002c352a8]

GC Heap History (2 events):
Event: 1.115 GC heap before
{Heap before GC invocations=1 (full 0):
 PSYoungGen      total 18944K, used 16384K [0x00000000eab00000, 0x00000000ec000000, 0x0000000100000000)
  eden space 16384K, 100% used [0x00000000eab00000,0x00000000ebb00000,0x00000000ebb00000)
  from space 2560K, 0% used [0x00000000ebd80000,0x00000000ebd80000,0x00000000ec000000)
  to   space 2560K, 0% used [0x00000000ebb00000,0x00000000ebb00000,0x00000000ebd80000)
 ParOldGen       total 44032K, used 0K [0x00000000c0000000, 0x00000000c2b00000, 0x00000000eab00000)
  object space 44032K, 0% used [0x00000000c0000000,0x00000000c0000000,0x00000000c2b00000)
 Metaspace       used 5426K, capacity 6768K, committed 7040K, reserved 1056768K
  class space    used 546K, capacity 616K, committed 640K, reserved 1048576K
Event: 1.124 GC heap after
Heap after GC invocations=1 (full 0):
 PSYoungGen      total 18944K, used 2529K [0x00000000eab00000, 0x00000000ec000000, 0x0000000100000000)
  eden space 16384K, 0% used [0x00000000eab00000,0x00000000eab00000,0x00000000ebb00000)
  from space 2560K, 98% used [0x00000000ebb00000,0x00000000ebd78678,0x00000000ebd80000)
  to   space 2560K, 0% used [0x00000000ebd80000,0x00000000ebd80000,0x00000000ec000000)
 ParOldGen       total 44032K, used 1818K [0x00000000c0000000, 0x00000000c2b00000, 0x00000000eab00000)
  object space 44032K, 4% used [0x00000000c0000000,0x00000000c01c6838,0x00000000c2b00000)
 Metaspace       used 5426K, capacity 6768K, committed 7040K, reserved 1056768K
  class space    used 546K, capacity 616K, committed 640K, reserved 1048576K
}

Deoptimization events (5 events):
Event: 0.929 Thread 0x000000000235f000 Uncommon trap: reason=bimorphic action=maybe_recompile pc=0x0000000002a4cca4 method=java.util.HashMap.getNode(ILjava/lang/Object;)Ljava/util/HashMap$Node; @ 126
Event: 0.929 Thread 0x000000000235f000 Uncommon trap: reason=bimorphic action=maybe_recompile pc=0x0000000002a4cca4 method=java.util.HashMap.getNode(ILjava/lang/Object;)Ljava/util/HashMap$Node; @ 126
Event: 1.073 Thread 0x000000000235f000 Uncommon trap: reason=null_check action=make_not_entrant pc=0x0000000002afc710 method=com.android.dx.rop.type.Type.equals(Ljava/lang/Object;)Z @ 8
Event: 1.290 Thread 0x000000000235f000 Uncommon trap: reason=unreached action=reinterpret pc=0x0000000002ae1804 method=com.android.dx.rop.cst.Constant.compareTo(Lcom/android/dx/rop/cst/Constant;)I @ 12
Event: 1.291 Thread 0x000000000235f000 Uncommon trap: reason=bimorphic action=maybe_recompile pc=0x0000000002a4cca4 method=java.util.HashMap.getNode(ILjava/lang/Object;)Ljava/util/HashMap$Node; @ 126

Internal exceptions (10 events):
Event: 0.911 Thread 0x000000000235f000 Exception <a 'java/security/PrivilegedActionException'> (0x00000000eb4703c8) thrown at [D:\re\workspace\8-2-build-windows-amd64-cygwin\jdk8u20\1074\hotspot\src\share\vm\prims\jvm.cpp, line 1275]
Event: 0.913 Thread 0x000000000235f000 Exception <a 'java/security/PrivilegedActionException'> (0x00000000eb4807c8) thrown at [D:\re\workspace\8-2-build-windows-amd64-cygwin\jdk8u20\1074\hotspot\src\share\vm\prims\jvm.cpp, line 1275]
Event: 0.922 Thread 0x000000000235f000 Exception <a 'java/security/PrivilegedActionException'> (0x00000000eb4be580) thrown at [D:\re\workspace\8-2-build-windows-amd64-cygwin\jdk8u20\1074\hotspot\src\share\vm\prims\jvm.cpp, line 1275]
Event: 0.932 Thread 0x000000000235f000 Exception <a 'java/security/PrivilegedActionException'> (0x00000000eb4f3900) thrown at [D:\re\workspace\8-2-build-windows-amd64-cygwin\jdk8u20\1074\hotspot\src\share\vm\prims\jvm.cpp, line 1275]
Event: 0.985 Thread 0x000000000235f000 Exception <a 'java/security/PrivilegedActionException'> (0x00000000eb691b40) thrown at [D:\re\workspace\8-2-build-windows-amd64-cygwin\jdk8u20\1074\hotspot\src\share\vm\prims\jvm.cpp, line 1275]
Event: 0.986 Thread 0x000000000235f000 Exception <a 'java/security/PrivilegedActionException'> (0x00000000eb696c40) thrown at [D:\re\workspace\8-2-build-windows-amd64-cygwin\jdk8u20\1074\hotspot\src\share\vm\prims\jvm.cpp, line 1275]
Event: 1.000 Thread 0x000000000235f000 Exception <a 'java/security/PrivilegedActionException'> (0x00000000eb71acd8) thrown at [D:\re\workspace\8-2-build-windows-amd64-cygwin\jdk8u20\1074\hotspot\src\share\vm\prims\jvm.cpp, line 1275]
Event: 1.012 Thread 0x000000000235f000 Exception <a 'java/security/PrivilegedActionException'> (0x00000000eb7845d0) thrown at [D:\re\workspace\8-2-build-windows-amd64-cygwin\jdk8u20\1074\hotspot\src\share\vm\prims\jvm.cpp, line 1275]
Event: 1.015 Thread 0x000000000235f000 Exception <a 'java/security/PrivilegedActionException'> (0x00000000eb7997e0) thrown at [D:\re\workspace\8-2-build-windows-amd64-cygwin\jdk8u20\1074\hotspot\src\share\vm\prims\jvm.cpp, line 1275]
Event: 1.073 Thread 0x000000000235f000 Implicit null exception at 0x0000000002afc612 to 0x0000000002afc702

Events (10 events):
Event: 1.290 Thread 0x000000000235f000 DEOPT UNPACKING pc=0x000000000282556a sp=0x000000000250e260 mode 2
Event: 1.291 Thread 0x000000000235f000 Uncommon trap: trap_request=0xffffffc6 fr.pc=0x0000000002a4cca4
Event: 1.291 Thread 0x000000000235f000 DEOPT PACKING pc=0x0000000002a4cca4 sp=0x000000000250e5e0
Event: 1.291 Thread 0x000000000235f000 DEOPT UNPACKING pc=0x000000000282556a sp=0x000000000250e4f8 mode 2
Event: 1.297 loading class java/util/TreeMap$EntrySet
Event: 1.297 loading class java/util/TreeMap$EntrySet done
Event: 1.297 loading class java/util/TreeMap$EntryIterator
Event: 1.297 loading class java/util/TreeMap$EntryIterator done
Event: 1.297 Executing VM operation: Deoptimize
Event: 1.297 Executing VM operation: Deoptimize done


Dynamic libraries:
0x000000013f260000 - 0x000000013f294000 	C:\Program Files\Java\jdk1.8.0_20\bin\java.exe
0x0000000077690000 - 0x000000007783a000 	C:\Windows\SYSTEM32\ntdll.dll
0x0000000077470000 - 0x000000007758f000 	C:\Windows\system32\kernel32.dll
0x000007fefd740000 - 0x000007fefd7aa000 	C:\Windows\system32\KERNELBASE.dll
0x000007fefdb80000 - 0x000007fefdc5b000 	C:\Windows\system32\ADVAPI32.dll
0x000007feff900000 - 0x000007feff99f000 	C:\Windows\system32\msvcrt.dll
0x000007fefe060000 - 0x000007fefe07f000 	C:\Windows\SYSTEM32\sechost.dll
0x000007fefda50000 - 0x000007fefdb7d000 	C:\Windows\system32\RPCRT4.dll
0x0000000077590000 - 0x000000007768a000 	C:\Windows\system32\USER32.dll
0x000007fefe5b0000 - 0x000007fefe617000 	C:\Windows\system32\GDI32.dll
0x000007fefdd30000 - 0x000007fefdd3e000 	C:\Windows\system32\LPK.dll
0x000007fefdc60000 - 0x000007fefdd2a000 	C:\Windows\system32\USP10.dll
0x000007fefc210000 - 0x000007fefc404000 	C:\Windows\WinSxS\amd64_microsoft.windows.common-controls_6595b64144ccf1df_6.0.7601.18837_none_fa3b1e3d17594757\COMCTL32.dll
0x000007fefe0e0000 - 0x000007fefe151000 	C:\Windows\system32\SHLWAPI.dll
0x000007fefde50000 - 0x000007fefde7e000 	C:\Windows\system32\IMM32.DLL
0x000007fefdd40000 - 0x000007fefde49000 	C:\Windows\system32\MSCTF.dll
0x000000006d310000 - 0x000000006d3e2000 	C:\Program Files\Java\jdk1.8.0_20\jre\bin\msvcr100.dll
0x000000006d3f0000 - 0x000000006dc48000 	C:\Program Files\Java\jdk1.8.0_20\jre\bin\server\jvm.dll
0x000007fefca30000 - 0x000007fefca39000 	C:\Windows\system32\WSOCK32.dll
0x000007fefe010000 - 0x000007fefe05d000 	C:\Windows\system32\WS2_32.dll
0x000007feff8f0000 - 0x000007feff8f8000 	C:\Windows\system32\NSI.dll
0x000007fefb690000 - 0x000007fefb6cb000 	C:\Windows\system32\WINMM.dll
0x0000000077860000 - 0x0000000077867000 	C:\Windows\system32\PSAPI.DLL
0x0000000073a90000 - 0x0000000073a9f000 	C:\Program Files\Java\jdk1.8.0_20\jre\bin\verify.dll
0x0000000073930000 - 0x0000000073958000 	C:\Program Files\Java\jdk1.8.0_20\jre\bin\java.dll
0x0000000073910000 - 0x0000000073926000 	C:\Program Files\Java\jdk1.8.0_20\jre\bin\zip.dll
0x000007fefe6c0000 - 0x000007feff44a000 	C:\Windows\system32\SHELL32.dll
0x000007feff6e0000 - 0x000007feff8e3000 	C:\Windows\system32\ole32.dll
0x000007fefd410000 - 0x000007fefd41f000 	C:\Windows\system32\profapi.dll
0x000007fef2590000 - 0x000007fef26b5000 	C:\Windows\system32\dbghelp.dll

VM Arguments:
jvm_args: -Xmx1024M -Dfile.encoding=windows-1252 -Duser.country=US -Duser.language=en -Duser.variant 
java_command: com.android.dx.command.Main --dex --output C:\Users\Martin\AndroidStudioProjects\VFU\app\build\intermediates\dex\debug C:\Users\Martin\AndroidStudioProjects\VFU\app\build\intermediates\classes\debug C:\Users\Martin\AndroidStudioProjects\VFU\app\build\intermediates\pre-dexed\debug\support-annotations-22.1.0-f652bb735464fb916e320c2def9a381a41dc5545.jar C:\Users\Martin\AndroidStudioProjects\VFU\app\build\intermediates\pre-dexed\debug\classes-a3220f57e0996e52099cc8054806faa79554d1b4.jar C:\Users\Martin\AndroidStudioProjects\VFU\app\build\intermediates\pre-dexed\debug\classes-296effbfe178d62cc87c8dc628d7384662f7e2d6.jar C:\Users\Martin\AndroidStudioProjects\VFU\app\build\intermediates\pre-dexed\debug\library-2.4.0-6d9a0f1c412620583e6e2a6ed3593aa8f90c6302.jar C:\Users\Martin\AndroidStudioProjects\VFU\app\build\intermediates\pre-dexed\debug\internal_impl-22.1.0-77d3b96ff7ece20732fe1788f7ac1f4e64ca2d6f.jar C:\Users\Martin\AndroidStudioProjects\VFU\app\build\intermediates\pre-dexed\debug\classes-6e8ec529f0dc15364af983786cc8626b338b0c47.jar C:\Users\Martin\AndroidStudioProjects\VFU\app\build\intermediates\pre-dexed\debug\classes-930fa7138f7947d17c6281a5687e558f70a907a0.jar
java_class_path (initial): C:\Users\Martin\AppData\Local\Android\sdk\build-tools\21.1.2\lib\dx.jar
Launcher Type: SUN_STANDARD

Environment Variables:
PATH=C:\ProgramData\Oracle\Java\javapath;C:\Program Files\Common Files\Microsoft Shared\Windows Live;C:\Program Files (x86)\Common Files\Microsoft Shared\Windows Live;C:\Program Files (x86)\Intel\iCLS Client\;C:\Program Files\Intel\iCLS Client\;C:\Program Files\Dell\DW WLAN Card;C:\Windows\system32;C:\Windows;C:\Windows\System32\Wbem;C:\Windows\System32\WindowsPowerShell\v1.0\;C:\Program Files\WIDCOMM\Bluetooth Software\;C:\Program Files\WIDCOMM\Bluetooth Software\syswow64;C:\Program Files\Dell\Dell Data Protection\Access\Advanced\Wave\Gemalto\Access Client\v5\;C:\Program Files (x86)\Security Innovation\SI TSS\bin\;C:\Program Files (x86)\Windows Live\Shared;C:\Program Files (x86)\MySQL\MySQL Utilities 1.3.4\;C:\Program Files\Microsoft SQL Server\110\Tools\Binn\;C:\Program Files\nodejs\;C:\Program Files (x86)\Git\cmd;C:\Program Files\MATLAB\runtime\win64;C:\Program Files\MATLAB\bin;C:\Program Files (x86)\QuickTime\QTSystem\;C:\Program Files (x86)\GtkSharp\2.12\bin;C:\Program Files (x86)\Skype\Phone\;C:\Program Files\Intel\Intel(R) Management Engine Components\DAL;C:\Program Files\Intel\Intel(R) Management Engine Components\IPT;C:\Program Files (x86)\Intel\Intel(R) Management Engine Components\DAL;C:\Program Files (x86)\Intel\Intel(R) Management Engine Components\IPT;C:\Users\Martin\AppData\Local\Android\sdk\platform-tools;C:\Program Files\Java\jdk1.8.0_20\bin;C:\Users\Martin\AppData\Roaming\npm
USERNAME=Martin
OS=Windows_NT
PROCESSOR_IDENTIFIER=Intel64 Family 6 Model 58 Stepping 9, GenuineIntel



---------------  S Y S T E M  ---------------

OS: Windows 7 , 64 bit Build 7601 Service Pack 1

CPU:total 4 (2 cores per cpu, 2 threads per core) family 6 model 58 stepping 9, cmov, cx8, fxsr, mmx, sse, sse2, sse3, ssse3, sse4.1, sse4.2, popcnt, avx, aes, clmul, erms, ht, tsc, tscinvbit, tscinv

Memory: 4k page, physical 4077532k(185896k free), swap 5585756k(5120k free)

vm_info: Java HotSpot(TM) 64-Bit Server VM (25.20-b23) for windows-amd64 JRE (1.8.0_20-b26), built on Jul 30 2014 13:51:23 by "java_re" with MS VC++ 10.0 (VS2010)

time: Tue Apr 19 00:18:25 2016
elapsed time: 1 seconds (0d 0h 0m 1s)

