#
# There is insufficient memory for the Java Runtime Environment to continue.
# Native memory allocation (malloc) failed to allocate 454256 bytes for Chunk::new
# Possible reasons:
#   The system is out of physical RAM or swap space
#   In 32 bit mode, the process size limit was hit
# Possible solutions:
#   Reduce memory load on the system
#   Increase physical memory or swap space
#   Check if swap backing store is full
#   Use 64 bit Java on a 64 bit OS
#   Decrease Java heap size (-Xmx/-Xms)
#   Decrease number of Java threads
#   Decrease Java thread stack sizes (-Xss)
#   Set larger code cache with -XX:ReservedCodeCacheSize=
# This output file may be truncated or incomplete.
#
#  Out of Memory Error (allocation.cpp:390), pid=10280, tid=9312
#
# JRE version: Java(TM) SE Runtime Environment (8.0_20-b26) (build 1.8.0_20-b26)
# Java VM: Java HotSpot(TM) 64-Bit Server VM (25.20-b23 mixed mode windows-amd64 compressed oops)
# Failed to write core dump. Minidumps are not enabled by default on client versions of Windows
#

---------------  T H R E A D  ---------------

Current thread (0x00000000565a6800):  JavaThread "C2 CompilerThread1" daemon [_thread_in_native, id=9312, stack(0x0000000056b70000,0x0000000056c70000)]

Stack: [0x0000000056b70000,0x0000000056c70000]
Native frames: (J=compiled Java code, j=interpreted, Vv=VM code, C=native code)
V  [jvm.dll+0x3152fa]


Current CompileTask:
C2:   4739 1232       4       com.android.dx.ssa.SCCP::simulateStmt (481 bytes)


---------------  P R O C E S S  ---------------

Java Threads: ( => current thread )
  0x00000000565f0800 JavaThread "Service Thread" daemon [_thread_blocked, id=9560, stack(0x0000000056fa0000,0x00000000570a0000)]
  0x00000000565a8000 JavaThread "C1 CompilerThread2" daemon [_thread_blocked, id=896, stack(0x0000000056ea0000,0x0000000056fa0000)]
=>0x00000000565a6800 JavaThread "C2 CompilerThread1" daemon [_thread_in_native, id=9312, stack(0x0000000056b70000,0x0000000056c70000)]
  0x00000000565a4800 JavaThread "C2 CompilerThread0" daemon [_thread_blocked, id=11168, stack(0x0000000056c80000,0x0000000056d80000)]
  0x00000000551d4000 JavaThread "Attach Listener" daemon [_thread_blocked, id=4460, stack(0x0000000056a70000,0x0000000056b70000)]
  0x00000000551d3000 JavaThread "Signal Dispatcher" daemon [_thread_blocked, id=3796, stack(0x0000000056350000,0x0000000056450000)]
  0x000000005516f000 JavaThread "Finalizer" daemon [_thread_blocked, id=10720, stack(0x00000000564a0000,0x00000000565a0000)]
  0x000000005516b800 JavaThread "Reference Handler" daemon [_thread_blocked, id=8568, stack(0x0000000056240000,0x0000000056340000)]
  0x00000000021ee800 JavaThread "main" [_thread_in_Java, id=9784, stack(0x0000000002480000,0x0000000002580000)]

Other Threads:
  0x0000000055166000 VMThread [stack: 0x0000000056090000,0x0000000056190000] [id=7716]
  0x00000000565f4000 WatcherThread [stack: 0x0000000056d80000,0x0000000056e80000] [id=8196]

VM state:not at safepoint (normal execution)

VM Mutex/Monitor currently owned by a thread: None

Heap:
 PSYoungGen      total 18944K, used 10248K [0x00000000eab00000, 0x00000000ec000000, 0x0000000100000000)
  eden space 16384K, 46% used [0x00000000eab00000,0x00000000eb284550,0x00000000ebb00000)
  from space 2560K, 99% used [0x00000000ebb00000,0x00000000ebd7dc98,0x00000000ebd80000)
  to   space 2560K, 0% used [0x00000000ebd80000,0x00000000ebd80000,0x00000000ec000000)
 ParOldGen       total 44032K, used 1478K [0x00000000c0000000, 0x00000000c2b00000, 0x00000000eab00000)
  object space 44032K, 3% used [0x00000000c0000000,0x00000000c01719c0,0x00000000c2b00000)
 Metaspace       used 5729K, capacity 6960K, committed 7040K, reserved 1056768K
  class space    used 549K, capacity 616K, committed 640K, reserved 1048576K

Card table byte_map: [0x0000000011c10000,0x0000000011e20000] byte_map_base: 0x0000000011610000

Marking Bits: (ParMarkBitMap*) 0x000000006dbcb460
 Begin Bits: [0x00000000125e0000, 0x00000000135e0000)
 End Bits:   [0x00000000135e0000, 0x00000000145e0000)

Polling page: 0x00000000004d0000

CodeCache: size=245760Kb used=5383Kb max_used=5383Kb free=240376Kb
 bounds [0x0000000002850000, 0x0000000002da0000, 0x0000000011850000]
 total_blobs=1592 nmethods=1332 adapters=174
 compilation: enabled

Compilation events (10 events):
Event: 4.693 Thread 0x00000000565a8000 1329       3       com.android.dx.dex.code.RopTranslator::<init> (190 bytes)
Event: 4.695 Thread 0x00000000565a8000 nmethod 1329 0x0000000002d900d0 code [0x0000000002d90320, 0x0000000002d91438]
Event: 4.699 Thread 0x00000000565a8000 1330       1       com.android.dx.rop.code.LocalItem::getName (5 bytes)
Event: 4.699 Thread 0x00000000565a8000 nmethod 1330 0x0000000002d91d50 code [0x0000000002d91ea0, 0x0000000002d91fb0]
Event: 4.700 Thread 0x00000000565a8000 1331       3       com.android.dx.rop.cst.CstType::<init> (46 bytes)
Event: 4.700 Thread 0x00000000565a8000 nmethod 1331 0x0000000002d92010 code [0x0000000002d921a0, 0x0000000002d925f8]
Event: 4.700 Thread 0x00000000565a8000 1332       3       com.android.dx.cf.code.LocalVariableList::<init> (6 bytes)
Event: 4.700 Thread 0x00000000565a8000 nmethod 1332 0x0000000002d927d0 code [0x0000000002d92940, 0x0000000002d92ac8]
Event: 4.701 Thread 0x00000000565a8000 1333       3       com.android.dx.cf.code.LocalVariableList::concat (97 bytes)
Event: 4.703 Thread 0x00000000565a8000 nmethod 1333 0x0000000002d92b50 code [0x0000000002d92e60, 0x0000000002d94a28]

GC Heap History (2 events):
Event: 1.630 GC heap before
{Heap before GC invocations=1 (full 0):
 PSYoungGen      total 18944K, used 16384K [0x00000000eab00000, 0x00000000ec000000, 0x0000000100000000)
  eden space 16384K, 100% used [0x00000000eab00000,0x00000000ebb00000,0x00000000ebb00000)
  from space 2560K, 0% used [0x00000000ebd80000,0x00000000ebd80000,0x00000000ec000000)
  to   space 2560K, 0% used [0x00000000ebb00000,0x00000000ebb00000,0x00000000ebd80000)
 ParOldGen       total 44032K, used 0K [0x00000000c0000000, 0x00000000c2b00000, 0x00000000eab00000)
  object space 44032K, 0% used [0x00000000c0000000,0x00000000c0000000,0x00000000c2b00000)
 Metaspace       used 5491K, capacity 6768K, committed 7040K, reserved 1056768K
  class space    used 548K, capacity 616K, committed 640K, reserved 1048576K
Event: 3.583 GC heap after
Heap after GC invocations=1 (full 0):
 PSYoungGen      total 18944K, used 2551K [0x00000000eab00000, 0x00000000ec000000, 0x0000000100000000)
  eden space 16384K, 0% used [0x00000000eab00000,0x00000000eab00000,0x00000000ebb00000)
  from space 2560K, 99% used [0x00000000ebb00000,0x00000000ebd7dc98,0x00000000ebd80000)
  to   space 2560K, 0% used [0x00000000ebd80000,0x00000000ebd80000,0x00000000ec000000)
 ParOldGen       total 44032K, used 1478K [0x00000000c0000000, 0x00000000c2b00000, 0x00000000eab00000)
  object space 44032K, 3% used [0x00000000c0000000,0x00000000c01719c0,0x00000000c2b00000)
 Metaspace       used 5491K, capacity 6768K, committed 7040K, reserved 1056768K
  class space    used 548K, capacity 616K, committed 640K, reserved 1048576K
}

Deoptimization events (1 events):
Event: 1.443 Thread 0x00000000021ee800 Uncommon trap: reason=unreached action=reinterpret pc=0x0000000002b43704 method=com.android.dx.rop.cst.Constant.compareTo(Lcom/android/dx/rop/cst/Constant;)I @ 12

Internal exceptions (10 events):
Event: 0.977 Thread 0x00000000021ee800 Exception <a 'java/security/PrivilegedActionException'> (0x00000000eb340650) thrown at [D:\re\workspace\8-2-build-windows-amd64-cygwin\jdk8u20\1074\hotspot\src\share\vm\prims\jvm.cpp, line 1275]
Event: 0.977 Thread 0x00000000021ee800 Exception <a 'java/security/PrivilegedActionException'> (0x00000000eb342bc8) thrown at [D:\re\workspace\8-2-build-windows-amd64-cygwin\jdk8u20\1074\hotspot\src\share\vm\prims\jvm.cpp, line 1275]
Event: 0.978 Thread 0x00000000021ee800 Exception <a 'java/security/PrivilegedActionException'> (0x00000000eb345d40) thrown at [D:\re\workspace\8-2-build-windows-amd64-cygwin\jdk8u20\1074\hotspot\src\share\vm\prims\jvm.cpp, line 1275]
Event: 1.014 Thread 0x00000000021ee800 Exception <a 'java/security/PrivilegedActionException'> (0x00000000eb397488) thrown at [D:\re\workspace\8-2-build-windows-amd64-cygwin\jdk8u20\1074\hotspot\src\share\vm\prims\jvm.cpp, line 1275]
Event: 1.173 Thread 0x00000000021ee800 Exception <a 'java/security/PrivilegedActionException'> (0x00000000eb4f9630) thrown at [D:\re\workspace\8-2-build-windows-amd64-cygwin\jdk8u20\1074\hotspot\src\share\vm\prims\jvm.cpp, line 1275]
Event: 1.178 Thread 0x00000000021ee800 Exception <a 'java/security/PrivilegedActionException'> (0x00000000eb508b40) thrown at [D:\re\workspace\8-2-build-windows-amd64-cygwin\jdk8u20\1074\hotspot\src\share\vm\prims\jvm.cpp, line 1275]
Event: 1.312 Thread 0x00000000021ee800 Exception <a 'java/security/PrivilegedActionException'> (0x00000000eb64cb88) thrown at [D:\re\workspace\8-2-build-windows-amd64-cygwin\jdk8u20\1074\hotspot\src\share\vm\prims\jvm.cpp, line 1275]
Event: 1.591 Thread 0x00000000021ee800 Exception <a 'java/security/PrivilegedActionException'> (0x00000000eba7f918) thrown at [D:\re\workspace\8-2-build-windows-amd64-cygwin\jdk8u20\1074\hotspot\src\share\vm\prims\jvm.cpp, line 1275]
Event: 1.592 Thread 0x00000000021ee800 Exception <a 'java/security/PrivilegedActionException'> (0x00000000eba85410) thrown at [D:\re\workspace\8-2-build-windows-amd64-cygwin\jdk8u20\1074\hotspot\src\share\vm\prims\jvm.cpp, line 1275]
Event: 1.619 Thread 0x00000000021ee800 Exception <a 'java/security/PrivilegedActionException'> (0x00000000ebae9270) thrown at [D:\re\workspace\8-2-build-windows-amd64-cygwin\jdk8u20\1074\hotspot\src\share\vm\prims\jvm.cpp, line 1275]

Events (10 events):
Event: 1.592 loading class com/android/dx/dex/file/FieldAnnotationStruct
Event: 1.592 loading class com/android/dx/dex/file/FieldAnnotationStruct done
Event: 1.619 loading class com/android/dx/cf/attrib/AttEnclosingMethod
Event: 1.619 loading class com/android/dx/cf/attrib/AttEnclosingMethod done
Event: 1.629 Executing VM operation: ParallelGCFailedAllocation
Event: 3.583 Executing VM operation: ParallelGCFailedAllocation done
Event: 3.603 loading class sun/misc/Cleaner
Event: 3.603 loading class sun/misc/Cleaner done
Event: 4.220 Executing VM operation: EnableBiasedLocking
Event: 4.377 Executing VM operation: EnableBiasedLocking done


Dynamic libraries:
0x000000013f290000 - 0x000000013f2c4000 	C:\Program Files\Java\jdk1.8.0_20\bin\java.exe
0x0000000077690000 - 0x000000007783a000 	C:\Windows\SYSTEM32\ntdll.dll
0x0000000077470000 - 0x000000007758f000 	C:\Windows\system32\kernel32.dll
0x000007fefd740000 - 0x000007fefd7aa000 	C:\Windows\system32\KERNELBASE.dll
0x000007fefdb80000 - 0x000007fefdc5b000 	C:\Windows\system32\ADVAPI32.dll
0x000007feff900000 - 0x000007feff99f000 	C:\Windows\system32\msvcrt.dll
0x000007fefe060000 - 0x000007fefe07f000 	C:\Windows\SYSTEM32\sechost.dll
0x000007fefda50000 - 0x000007fefdb7d000 	C:\Windows\system32\RPCRT4.dll
0x0000000077590000 - 0x000000007768a000 	C:\Windows\system32\USER32.dll
0x000007fefe5b0000 - 0x000007fefe617000 	C:\Windows\system32\GDI32.dll
0x000007fefdd30000 - 0x000007fefdd3e000 	C:\Windows\system32\LPK.dll
0x000007fefdc60000 - 0x000007fefdd2a000 	C:\Windows\system32\USP10.dll
0x000007fefc210000 - 0x000007fefc404000 	C:\Windows\WinSxS\amd64_microsoft.windows.common-controls_6595b64144ccf1df_6.0.7601.18837_none_fa3b1e3d17594757\COMCTL32.dll
0x000007fefe0e0000 - 0x000007fefe151000 	C:\Windows\system32\SHLWAPI.dll
0x000007fefde50000 - 0x000007fefde7e000 	C:\Windows\system32\IMM32.DLL
0x000007fefdd40000 - 0x000007fefde49000 	C:\Windows\system32\MSCTF.dll
0x000000006d310000 - 0x000000006d3e2000 	C:\Program Files\Java\jdk1.8.0_20\jre\bin\msvcr100.dll
0x000000006d3f0000 - 0x000000006dc48000 	C:\Program Files\Java\jdk1.8.0_20\jre\bin\server\jvm.dll
0x000007fefca30000 - 0x000007fefca39000 	C:\Windows\system32\WSOCK32.dll
0x000007fefe010000 - 0x000007fefe05d000 	C:\Windows\system32\WS2_32.dll
0x000007feff8f0000 - 0x000007feff8f8000 	C:\Windows\system32\NSI.dll
0x000007fefb690000 - 0x000007fefb6cb000 	C:\Windows\system32\WINMM.dll
0x0000000077860000 - 0x0000000077867000 	C:\Windows\system32\PSAPI.DLL
0x0000000073a90000 - 0x0000000073a9f000 	C:\Program Files\Java\jdk1.8.0_20\jre\bin\verify.dll
0x0000000073930000 - 0x0000000073958000 	C:\Program Files\Java\jdk1.8.0_20\jre\bin\java.dll
0x0000000073910000 - 0x0000000073926000 	C:\Program Files\Java\jdk1.8.0_20\jre\bin\zip.dll
0x000007fefe6c0000 - 0x000007feff44a000 	C:\Windows\system32\SHELL32.dll
0x000007feff6e0000 - 0x000007feff8e3000 	C:\Windows\system32\ole32.dll
0x000007fefd410000 - 0x000007fefd41f000 	C:\Windows\system32\profapi.dll

VM Arguments:
jvm_args: -Xmx1024M -Dfile.encoding=windows-1252 -Duser.country=US -Duser.language=en -Duser.variant 
java_command: com.android.dx.command.Main --dex --output C:\Users\Martin\AndroidStudioProjects\VFU\app\build\intermediates\pre-dexed\debug\classes-930fa7138f7947d17c6281a5687e558f70a907a0.jar C:\Users\Martin\AndroidStudioProjects\VFU\app\build\intermediates\exploded-aar\com.android.support\support-v4\22.1.0\classes.jar
java_class_path (initial): C:\Users\Martin\AppData\Local\Android\sdk\build-tools\21.1.2\lib\dx.jar
Launcher Type: SUN_STANDARD

Environment Variables:
PATH=C:\ProgramData\Oracle\Java\javapath;C:\Program Files\Common Files\Microsoft Shared\Windows Live;C:\Program Files (x86)\Common Files\Microsoft Shared\Windows Live;C:\Program Files (x86)\Intel\iCLS Client\;C:\Program Files\Intel\iCLS Client\;C:\Program Files\Dell\DW WLAN Card;C:\Windows\system32;C:\Windows;C:\Windows\System32\Wbem;C:\Windows\System32\WindowsPowerShell\v1.0\;C:\Program Files\WIDCOMM\Bluetooth Software\;C:\Program Files\WIDCOMM\Bluetooth Software\syswow64;C:\Program Files\Dell\Dell Data Protection\Access\Advanced\Wave\Gemalto\Access Client\v5\;C:\Program Files (x86)\Security Innovation\SI TSS\bin\;C:\Program Files (x86)\Windows Live\Shared;C:\Program Files (x86)\MySQL\MySQL Utilities 1.3.4\;C:\Program Files\Microsoft SQL Server\110\Tools\Binn\;C:\Program Files\nodejs\;C:\Program Files (x86)\Git\cmd;C:\Program Files\MATLAB\runtime\win64;C:\Program Files\MATLAB\bin;C:\Program Files (x86)\QuickTime\QTSystem\;C:\Program Files (x86)\GtkSharp\2.12\bin;C:\Program Files (x86)\Skype\Phone\;C:\Program Files\Intel\Intel(R) Management Engine Components\DAL;C:\Program Files\Intel\Intel(R) Management Engine Components\IPT;C:\Program Files (x86)\Intel\Intel(R) Management Engine Components\DAL;C:\Program Files (x86)\Intel\Intel(R) Management Engine Components\IPT;C:\Users\Martin\AppData\Local\Android\sdk\platform-tools;C:\Program Files\Java\jdk1.8.0_20\bin;C:\Users\Martin\AppData\Roaming\npm
USERNAME=Martin
OS=Windows_NT
PROCESSOR_IDENTIFIER=Intel64 Family 6 Model 58 Stepping 9, GenuineIntel



---------------  S Y S T E M  ---------------

OS: Windows 7 , 64 bit Build 7601 Service Pack 1

CPU:total 4 (2 cores per cpu, 2 threads per core) family 6 model 58 stepping 9, cmov, cx8, fxsr, mmx, sse, sse2, sse3, ssse3, sse4.1, sse4.2, popcnt, avx, aes, clmul, erms, ht, tsc, tscinvbit, tscinv

Memory: 4k page, physical 4077532k(505608k free), swap 5585756k(5096k free)

vm_info: Java HotSpot(TM) 64-Bit Server VM (25.20-b23) for windows-amd64 JRE (1.8.0_20-b26), built on Jul 30 2014 13:51:23 by "java_re" with MS VC++ 10.0 (VS2010)

time: Tue Apr 19 00:24:33 2016
elapsed time: 4 seconds (0d 0h 0m 4s)

