#
# There is insufficient memory for the Java Runtime Environment to continue.
# Native memory allocation (malloc) failed to allocate 917616 bytes for Chunk::new
# Possible reasons:
#   The system is out of physical RAM or swap space
#   In 32 bit mode, the process size limit was hit
# Possible solutions:
#   Reduce memory load on the system
#   Increase physical memory or swap space
#   Check if swap backing store is full
#   Use 64 bit Java on a 64 bit OS
#   Decrease Java heap size (-Xmx/-Xms)
#   Decrease number of Java threads
#   Decrease Java thread stack sizes (-Xss)
#   Set larger code cache with -XX:ReservedCodeCacheSize=
# This output file may be truncated or incomplete.
#
#  Out of Memory Error (allocation.cpp:323), pid=608, tid=8572
#
# JRE version: Java(TM) SE Runtime Environment (7.0_40-b43) (build 1.7.0_40-b43)
# Java VM: Java HotSpot(TM) 64-Bit Server VM (24.0-b56 mixed mode windows-amd64 compressed oops)
# Failed to write core dump. Minidumps are not enabled by default on client versions of Windows
#

---------------  T H R E A D  ---------------

Current thread (0x0000000008867000):  JavaThread "C2 CompilerThread1" daemon [_thread_in_native, id=8572, stack(0x000000000a0e0000,0x000000000a1e0000)]

Stack: [0x000000000a0e0000,0x000000000a1e0000]

Current CompileTask:
C2:    908  205             com.android.dx.ssa.DeadCodeRemover::run (194 bytes)


---------------  P R O C E S S  ---------------

Java Threads: ( => current thread )
  0x0000000008868000 JavaThread "Service Thread" daemon [_thread_blocked, id=3892, stack(0x000000000a2d0000,0x000000000a3d0000)]
=>0x0000000008867000 JavaThread "C2 CompilerThread1" daemon [_thread_in_native, id=8572, stack(0x000000000a0e0000,0x000000000a1e0000)]
  0x0000000008852800 JavaThread "C2 CompilerThread0" daemon [_thread_in_native, id=8972, stack(0x0000000009ca0000,0x0000000009da0000)]
  0x0000000008851800 JavaThread "Attach Listener" daemon [_thread_blocked, id=2884, stack(0x0000000009e50000,0x0000000009f50000)]
  0x000000000884a800 JavaThread "Signal Dispatcher" daemon [_thread_blocked, id=5052, stack(0x0000000009ba0000,0x0000000009ca0000)]
  0x00000000087f9000 JavaThread "Finalizer" daemon [_thread_blocked, id=5044, stack(0x0000000009800000,0x0000000009900000)]
  0x00000000087ee000 JavaThread "Reference Handler" daemon [_thread_blocked, id=916, stack(0x0000000009a30000,0x0000000009b30000)]
  0x0000000001c3e800 JavaThread "main" [_thread_in_vm, id=2088, stack(0x0000000002530000,0x0000000002630000)]

Other Threads:
  0x00000000087ec800 VMThread [stack: 0x0000000009920000,0x0000000009a20000] [id=2688]
  0x000000000a3e8800 WatcherThread [stack: 0x0000000005dd0000,0x0000000005ed0000] [id=8976]

VM state:not at safepoint (normal execution)

VM Mutex/Monitor currently owned by a thread: None

Heap
 PSYoungGen      total 18944K, used 9394K [0x00000000eaa80000, 0x00000000ebf80000, 0x0000000100000000)
  eden space 16384K, 41% used [0x00000000eaa80000,0x00000000eb133e40,0x00000000eba80000)
  from space 2560K, 98% used [0x00000000eba80000,0x00000000ebcf8c50,0x00000000ebd00000)
  to   space 2560K, 0% used [0x00000000ebd00000,0x00000000ebd00000,0x00000000ebf80000)
 ParOldGen       total 42496K, used 2039K [0x00000000c0000000, 0x00000000c2980000, 0x00000000eaa80000)
  object space 42496K, 4% used [0x00000000c0000000,0x00000000c01fdfc8,0x00000000c2980000)
 PSPermGen       total 21504K, used 4947K [0x00000000bae00000, 0x00000000bc300000, 0x00000000c0000000)
  object space 21504K, 23% used [0x00000000bae00000,0x00000000bb2d4f40,0x00000000bc300000)

Card table byte_map: [0x0000000005630000,0x0000000005860000] byte_map_base: 0x0000000005059000

Polling page: 0x0000000000140000

Code Cache  [0x0000000002630000, 0x00000000028a0000, 0x0000000005630000)
 total_blobs=412 nmethods=203 adapters=161 free_code_cache=48421Kb largest_free_block=49553408

Compilation events (10 events):
Event: 0.847 Thread 0x0000000008867000 nmethod 200 0x00000000026e24d0 code [0x00000000026e2640, 0x00000000026e2a98]
Event: 0.847 Thread 0x0000000008867000  201             java.lang.Object::equals (11 bytes)
Event: 0.847 Thread 0x0000000008867000 nmethod 201 0x00000000026da710 code [0x00000000026da840, 0x00000000026da898]
Event: 0.847 Thread 0x0000000008867000  202             java.util.ArrayList::remove (77 bytes)
Event: 0.852 Thread 0x0000000008852800 nmethod 198 0x00000000026eacd0 code [0x00000000026eaf20, 0x00000000026ec300]
Event: 0.852 Thread 0x0000000008852800  203             com.android.dx.ssa.DeadCodeRemover::isCircularNoSideEffect (140 bytes)
Event: 0.855 Thread 0x0000000008867000 nmethod 202 0x00000000026e1e90 code [0x00000000026e1fe0, 0x00000000026e2358]
Event: 0.861 Thread 0x0000000008867000  204             com.android.dx.ssa.SsaMethod::removeFromUseList (57 bytes)
Event: 0.868 Thread 0x0000000008867000 nmethod 204 0x00000000026ea2d0 code [0x00000000026ea420, 0x00000000026ea878]
Event: 0.868 Thread 0x0000000008867000  205             com.android.dx.ssa.DeadCodeRemover::run (194 bytes)

GC Heap History (2 events):
Event: 0.665 GC heap before
{Heap before GC invocations=1 (full 0):
 PSYoungGen      total 18944K, used 16384K [0x00000000eaa80000, 0x00000000ebf80000, 0x0000000100000000)
  eden space 16384K, 100% used [0x00000000eaa80000,0x00000000eba80000,0x00000000eba80000)
  from space 2560K, 0% used [0x00000000ebd00000,0x00000000ebd00000,0x00000000ebf80000)
  to   space 2560K, 0% used [0x00000000eba80000,0x00000000eba80000,0x00000000ebd00000)
 ParOldGen       total 42496K, used 0K [0x00000000c0000000, 0x00000000c2980000, 0x00000000eaa80000)
  object space 42496K, 0% used [0x00000000c0000000,0x00000000c0000000,0x00000000c2980000)
 PSPermGen       total 21504K, used 4898K [0x00000000bae00000, 0x00000000bc300000, 0x00000000c0000000)
  object space 21504K, 22% used [0x00000000bae00000,0x00000000bb2c8b88,0x00000000bc300000)
Event: 0.671 GC heap after
Heap after GC invocations=1 (full 0):
 PSYoungGen      total 18944K, used 2531K [0x00000000eaa80000, 0x00000000ebf80000, 0x0000000100000000)
  eden space 16384K, 0% used [0x00000000eaa80000,0x00000000eaa80000,0x00000000eba80000)
  from space 2560K, 98% used [0x00000000eba80000,0x00000000ebcf8c50,0x00000000ebd00000)
  to   space 2560K, 0% used [0x00000000ebd00000,0x00000000ebd00000,0x00000000ebf80000)
 ParOldGen       total 42496K, used 2039K [0x00000000c0000000, 0x00000000c2980000, 0x00000000eaa80000)
  object space 42496K, 4% used [0x00000000c0000000,0x00000000c01fdfc8,0x00000000c2980000)
 PSPermGen       total 21504K, used 4898K [0x00000000bae00000, 0x00000000bc300000, 0x00000000c0000000)
  object space 21504K, 22% used [0x00000000bae00000,0x00000000bb2c8b88,0x00000000bc300000)
}

Deoptimization events (4 events):
Event: 0.559 Thread 0x0000000001c3e800 Uncommon trap: reason=null_check action=make_not_entrant pc=0x00000000026b9c04 method=com.android.dx.rop.code.LocalItem.equals(Ljava/lang/Object;)Z @ 1
Event: 0.866 Thread 0x0000000001c3e800 Uncommon trap: reason=class_check action=maybe_recompile pc=0x00000000026ce014 method=java.util.HashMap.put(Ljava/lang/Object;Ljava/lang/Object;)Ljava/lang/Object; @ 83
Event: 0.866 Thread 0x0000000001c3e800 Uncommon trap: reason=class_check action=maybe_recompile pc=0x00000000026ce014 method=java.util.HashMap.put(Ljava/lang/Object;Ljava/lang/Object;)Ljava/lang/Object; @ 83
Event: 0.866 Thread 0x0000000001c3e800 Uncommon trap: reason=unreached action=reinterpret pc=0x0000000002698084 method=com.android.dx.rop.cst.Constant.compareTo(Lcom/android/dx/rop/cst/Constant;)I @ 12

Internal exceptions (10 events):
Event: 0.335 Thread 0x0000000001c3e800 Threw 0x00000000eb2d6078 at C:\jdk7u2_64p\jdk7u40\hotspot\src\share\vm\prims\jvm.cpp:1244
Event: 0.337 Thread 0x0000000001c3e800 Threw 0x00000000eb2e6160 at C:\jdk7u2_64p\jdk7u40\hotspot\src\share\vm\prims\jvm.cpp:1244
Event: 0.349 Thread 0x0000000001c3e800 Threw 0x00000000eb324280 at C:\jdk7u2_64p\jdk7u40\hotspot\src\share\vm\prims\jvm.cpp:1244
Event: 0.363 Thread 0x0000000001c3e800 Threw 0x00000000eb359b98 at C:\jdk7u2_64p\jdk7u40\hotspot\src\share\vm\prims\jvm.cpp:1244
Event: 0.451 Thread 0x0000000001c3e800 Threw 0x00000000eb4f84f0 at C:\jdk7u2_64p\jdk7u40\hotspot\src\share\vm\prims\jvm.cpp:1244
Event: 0.451 Thread 0x0000000001c3e800 Threw 0x00000000eb4fd280 at C:\jdk7u2_64p\jdk7u40\hotspot\src\share\vm\prims\jvm.cpp:1244
Event: 0.477 Thread 0x0000000001c3e800 Threw 0x00000000eb580b58 at C:\jdk7u2_64p\jdk7u40\hotspot\src\share\vm\prims\jvm.cpp:1244
Event: 0.499 Thread 0x0000000001c3e800 Threw 0x00000000eb5ea158 at C:\jdk7u2_64p\jdk7u40\hotspot\src\share\vm\prims\jvm.cpp:1244
Event: 0.503 Thread 0x0000000001c3e800 Threw 0x00000000eb5fe270 at C:\jdk7u2_64p\jdk7u40\hotspot\src\share\vm\prims\jvm.cpp:1244
Event: 0.559 Thread 0x0000000001c3e800 Implicit null exception at 0x00000000026b98a8 to 0x00000000026b9bf1

Events (10 events):
Event: 0.866 Thread 0x0000000001c3e800 DEOPT UNPACKING pc=0x00000000026675a4 sp=0x000000000262e1b8 mode 2
Event: 0.866 Thread 0x0000000001c3e800 Uncommon trap: trap_request=0xffffffad fr.pc=0x0000000002698084
Event: 0.866 Thread 0x0000000001c3e800 DEOPT PACKING pc=0x0000000002698084 sp=0x000000000262def0
Event: 0.866 Thread 0x0000000001c3e800 DEOPT UNPACKING pc=0x00000000026675a4 sp=0x000000000262de90 mode 2
Event: 0.899 loading class 0x00000000021a0730
Event: 0.899 loading class 0x00000000021a0730 done
Event: 0.899 loading class 0x00000000021a0700
Event: 0.900 loading class 0x00000000021a0700 done
Event: 0.900 Executing VM operation: Deoptimize
Event: 0.900 Executing VM operation: Deoptimize done


Dynamic libraries:
0x000000013f060000 - 0x000000013f093000 	C:\Program Files\Java\jdk1.7.0_40\bin\java.exe
0x0000000077980000 - 0x0000000077b29000 	C:\Windows\SYSTEM32\ntdll.dll
0x0000000077860000 - 0x0000000077980000 	C:\Windows\system32\kernel32.dll
0x000007fefd7a0000 - 0x000007fefd80c000 	C:\Windows\system32\KERNELBASE.dll
0x000007fefe0e0000 - 0x000007fefe1bb000 	C:\Windows\system32\ADVAPI32.dll
0x000007fefe410000 - 0x000007fefe4af000 	C:\Windows\system32\msvcrt.dll
0x000007feff650000 - 0x000007feff66f000 	C:\Windows\SYSTEM32\sechost.dll
0x000007fefdae0000 - 0x000007fefdc0d000 	C:\Windows\system32\RPCRT4.dll
0x0000000077760000 - 0x000000007785a000 	C:\Windows\system32\USER32.dll
0x000007feff8e0000 - 0x000007feff947000 	C:\Windows\system32\GDI32.dll
0x000007fefdc10000 - 0x000007fefdc1e000 	C:\Windows\system32\LPK.dll
0x000007fefe2c0000 - 0x000007fefe38a000 	C:\Windows\system32\USP10.dll
0x000007fefc5b0000 - 0x000007fefc7a4000 	C:\Windows\WinSxS\amd64_microsoft.windows.common-controls_6595b64144ccf1df_6.0.7601.18837_none_fa3b1e3d17594757\COMCTL32.dll
0x000007feff950000 - 0x000007feff9c1000 	C:\Windows\system32\SHLWAPI.dll
0x000007fefe1c0000 - 0x000007fefe1ee000 	C:\Windows\system32\IMM32.DLL
0x000007fefdfd0000 - 0x000007fefe0d9000 	C:\Windows\system32\MSCTF.dll
0x0000000057690000 - 0x0000000057761000 	C:\Program Files\Java\jdk1.7.0_40\jre\bin\msvcr100.dll
0x000000006e070000 - 0x000000006e839000 	C:\Program Files\Java\jdk1.7.0_40\jre\bin\server\jvm.dll
0x000007fefcc30000 - 0x000007fefcc39000 	C:\Windows\system32\WSOCK32.dll
0x000007feff9d0000 - 0x000007feffa1d000 	C:\Windows\system32\WS2_32.dll
0x000007fefe1f0000 - 0x000007fefe1f8000 	C:\Windows\system32\NSI.dll
0x000007fefb4a0000 - 0x000007fefb4db000 	C:\Windows\system32\WINMM.dll
0x0000000077b50000 - 0x0000000077b57000 	C:\Windows\system32\PSAPI.DLL
0x0000000064dd0000 - 0x0000000064ddf000 	C:\Program Files\Java\jdk1.7.0_40\jre\bin\verify.dll
0x00000000641e0000 - 0x0000000064208000 	C:\Program Files\Java\jdk1.7.0_40\jre\bin\java.dll
0x00000000641c0000 - 0x00000000641d5000 	C:\Program Files\Java\jdk1.7.0_40\jre\bin\zip.dll

VM Arguments:
jvm_args: -Xmx1024M -Dfile.encoding=windows-1252 -Duser.country=US -Duser.language=en -Duser.variant 
java_command: com.android.dx.command.Main --dex --output C:\Users\Martin\AndroidStudioProjects\VFU\app\build\intermediates\dex\debug C:\Users\Martin\AndroidStudioProjects\VFU\app\build\intermediates\classes\debug C:\Users\Martin\AndroidStudioProjects\VFU\app\build\intermediates\pre-dexed\debug\support-annotations-22.1.0-f652bb735464fb916e320c2def9a381a41dc5545.jar C:\Users\Martin\AndroidStudioProjects\VFU\app\build\intermediates\pre-dexed\debug\classes-296effbfe178d62cc87c8dc628d7384662f7e2d6.jar C:\Users\Martin\AndroidStudioProjects\VFU\app\build\intermediates\pre-dexed\debug\internal_impl-22.1.0-77d3b96ff7ece20732fe1788f7ac1f4e64ca2d6f.jar C:\Users\Martin\AndroidStudioProjects\VFU\app\build\intermediates\pre-dexed\debug\classes-6e8ec529f0dc15364af983786cc8626b338b0c47.jar C:\Users\Martin\AndroidStudioProjects\VFU\app\build\intermediates\pre-dexed\debug\classes-930fa7138f7947d17c6281a5687e558f70a907a0.jar
Launcher Type: SUN_STANDARD

Environment Variables:
PATH=C:\ProgramData\Oracle\Java\javapath;C:\Program Files\Common Files\Microsoft Shared\Windows Live;C:\Program Files (x86)\Common Files\Microsoft Shared\Windows Live;C:\Program Files (x86)\Intel\iCLS Client\;C:\Program Files\Intel\iCLS Client\;C:\Program Files\Dell\DW WLAN Card;C:\Windows\system32;C:\Windows;C:\Windows\System32\Wbem;C:\Windows\System32\WindowsPowerShell\v1.0\;C:\Program Files\WIDCOMM\Bluetooth Software\;C:\Program Files\WIDCOMM\Bluetooth Software\syswow64;C:\Program Files\Intel\Intel(R) Management Engine Components\DAL;C:\Program Files\Intel\Intel(R) Management Engine Components\IPT;C:\Program Files (x86)\Intel\Intel(R) Management Engine Components\DAL;C:\Program Files (x86)\Intel\Intel(R) Management Engine Components\IPT;C:\Program Files\Dell\Dell Data Protection\Access\Advanced\Wave\Gemalto\Access Client\v5\;C:\Program Files (x86)\Security Innovation\SI TSS\bin\;C:\Program Files (x86)\Windows Live\Shared;C:\Program Files (x86)\MySQL\MySQL Utilities 1.3.4\;C:\Program Files\Microsoft SQL Server\110\Tools\Binn\;C:\Program Files\nodejs\;C:\Program Files (x86)\Git\cmd;C:\Program Files\MATLAB\runtime\win64;C:\Program Files\MATLAB\bin;C:\Program Files (x86)\QuickTime\QTSystem\;C:\Program Files (x86)\GtkSharp\2.12\bin;C:\Program Files (x86)\Skype\Phone\;C:\Users\Martin\AppData\Roaming\npm
USERNAME=Martin
OS=Windows_NT
PROCESSOR_IDENTIFIER=Intel64 Family 6 Model 58 Stepping 9, GenuineIntel



---------------  S Y S T E M  ---------------

OS: Windows 7 , 64 bit Build 7601 Service Pack 1

CPU:total 4 (2 cores per cpu, 2 threads per core) family 6 model 58 stepping 9, cmov, cx8, fxsr, mmx, sse, sse2, sse3, ssse3, sse4.1, sse4.2, popcnt, avx, aes, erms, ht, tsc, tscinvbit, tscinv

Memory: 4k page, physical 4077532k(300208k free), swap 6206104k(5128k free)

vm_info: Java HotSpot(TM) 64-Bit Server VM (24.0-b56) for windows-amd64 JRE (1.7.0_40-b43), built on Aug 26 2013 22:38:32 by "java_re" with unknown MS VC++:1600

time: Wed Jan 13 12:54:27 2016
elapsed time: 0 seconds

