#
# There is insufficient memory for the Java Runtime Environment to continue.
# Native memory allocation (malloc) failed to allocate 221776 bytes for Chunk::new
# Possible reasons:
#   The system is out of physical RAM or swap space
#   In 32 bit mode, the process size limit was hit
# Possible solutions:
#   Reduce memory load on the system
#   Increase physical memory or swap space
#   Check if swap backing store is full
#   Use 64 bit Java on a 64 bit OS
#   Decrease Java heap size (-Xmx/-Xms)
#   Decrease number of Java threads
#   Decrease Java thread stack sizes (-Xss)
#   Set larger code cache with -XX:ReservedCodeCacheSize=
# This output file may be truncated or incomplete.
#
#  Out of Memory Error (allocation.cpp:390), pid=3756, tid=9276
#
# JRE version: Java(TM) SE Runtime Environment (8.0_20-b26) (build 1.8.0_20-b26)
# Java VM: Java HotSpot(TM) 64-Bit Server VM (25.20-b23 mixed mode windows-amd64 compressed oops)
# Failed to write core dump. Minidumps are not enabled by default on client versions of Windows
#

---------------  T H R E A D  ---------------

Current thread (0x000000005508b800):  JavaThread "C2 CompilerThread1" daemon [_thread_in_native, id=9276, stack(0x00000000569f0000,0x0000000056af0000)]

Stack: [0x00000000569f0000,0x0000000056af0000]
Native frames: (J=compiled Java code, j=interpreted, Vv=VM code, C=native code)
V  [jvm.dll+0x3152fa]


Current CompileTask:
C2:   5280 1064       4       com.android.dx.ssa.NormalSsaInsn::mapSourceRegisters (48 bytes)


---------------  P R O C E S S  ---------------

Java Threads: ( => current thread )
  0x0000000056c91800 JavaThread "Service Thread" daemon [_thread_blocked, id=10592, stack(0x00000000567c0000,0x00000000568c0000)]
  0x000000005508d000 JavaThread "C1 CompilerThread2" daemon [_thread_blocked, id=6492, stack(0x0000000056b90000,0x0000000056c90000)]
=>0x000000005508b800 JavaThread "C2 CompilerThread1" daemon [_thread_in_native, id=9276, stack(0x00000000569f0000,0x0000000056af0000)]
  0x0000000055089800 JavaThread "C2 CompilerThread0" daemon [_thread_in_native, id=6172, stack(0x00000000568e0000,0x00000000569e0000)]
  0x0000000055086000 JavaThread "Attach Listener" daemon [_thread_blocked, id=10816, stack(0x0000000056690000,0x0000000056790000)]
  0x0000000055083000 JavaThread "Signal Dispatcher" daemon [_thread_blocked, id=11096, stack(0x0000000055fc0000,0x00000000560c0000)]
  0x000000005501f000 JavaThread "Finalizer" daemon [_thread_blocked, id=9976, stack(0x00000000564d0000,0x00000000565d0000)]
  0x000000005501b800 JavaThread "Reference Handler" daemon [_thread_blocked, id=3308, stack(0x0000000056330000,0x0000000056430000)]
  0x0000000001d6e800 JavaThread "main" [_thread_in_Java, id=9032, stack(0x00000000022c0000,0x00000000023c0000)]

Other Threads:
  0x0000000055016000 VMThread [stack: 0x0000000056110000,0x0000000056210000] [id=3036]
  0x0000000056c94800 WatcherThread [stack: 0x00000000571d0000,0x00000000572d0000] [id=1464]

VM state:not at safepoint (normal execution)

VM Mutex/Monitor currently owned by a thread: None

Heap:
 PSYoungGen      total 18944K, used 5970K [0x00000000eab00000, 0x00000000ed000000, 0x0000000100000000)
  eden space 16384K, 20% used [0x00000000eab00000,0x00000000eae5be28,0x00000000ebb00000)
  from space 2560K, 98% used [0x00000000ebb00000,0x00000000ebd78cc8,0x00000000ebd80000)
  to   space 2560K, 0% used [0x00000000ecd80000,0x00000000ecd80000,0x00000000ed000000)
 ParOldGen       total 44032K, used 1505K [0x00000000c0000000, 0x00000000c2b00000, 0x00000000eab00000)
  object space 44032K, 3% used [0x00000000c0000000,0x00000000c0178608,0x00000000c2b00000)
 Metaspace       used 5516K, capacity 6768K, committed 7040K, reserved 1056768K
  class space    used 550K, capacity 616K, committed 640K, reserved 1048576K

Card table byte_map: [0x0000000011af0000,0x0000000011d00000] byte_map_base: 0x00000000114f0000

Marking Bits: (ParMarkBitMap*) 0x000000006dbcb460
 Begin Bits: [0x0000000012490000, 0x0000000013490000)
 End Bits:   [0x0000000013490000, 0x0000000014490000)

Polling page: 0x0000000000530000

CodeCache: size=245760Kb used=4144Kb max_used=4144Kb free=241615Kb
 bounds [0x0000000002730000, 0x0000000002b40000, 0x0000000011730000]
 total_blobs=1346 nmethods=1085 adapters=174
 compilation: disabled (not enough contiguous free space left)

Compilation events (10 events):
Event: 5.171 Thread 0x000000005508d000 1069       3       com.android.dx.ssa.back.FirstFitLocalCombiningAllocator::canMapRegs (60 bytes)
Event: 5.173 Thread 0x000000005508d000 nmethod 1069 0x0000000002b29650 code [0x0000000002b298c0, 0x0000000002b2a8c8]
Event: 5.174 Thread 0x000000005508d000 1070       3       com.android.dx.rop.code.LocalVariableInfo::addAssignment (43 bytes)
Event: 5.174 Thread 0x000000005508d000 nmethod 1070 0x0000000002b2cb10 code [0x0000000002b2cce0, 0x0000000002b2d548]
Event: 5.177 Thread 0x000000005508d000 1072       3       com.android.dx.cf.code.BaseMachine::popArgs (127 bytes)
Event: 5.178 Thread 0x0000000055089800 nmethod 1063 0x0000000002b30b10 code [0x0000000002b30c80, 0x0000000002b31278]
Event: 5.178 Thread 0x0000000055089800 1065       4       com.android.dx.ssa.RegisterMapper::map (63 bytes)
Event: 5.180 Thread 0x000000005508d000 nmethod 1072 0x0000000002b2e390 code [0x0000000002b2e680, 0x0000000002b2ff28]
Event: 5.182 Thread 0x000000005508d000 1075       3       com.android.dx.ssa.NormalSsaInsn::canThrow (8 bytes)
Event: 5.182 Thread 0x000000005508d000 nmethod 1075 0x0000000002b2dc50 code [0x0000000002b2dde0, 0x0000000002b2e208]

GC Heap History (2 events):
Event: 1.953 GC heap before
{Heap before GC invocations=1 (full 0):
 PSYoungGen      total 18944K, used 16384K [0x00000000eab00000, 0x00000000ec000000, 0x0000000100000000)
  eden space 16384K, 100% used [0x00000000eab00000,0x00000000ebb00000,0x00000000ebb00000)
  from space 2560K, 0% used [0x00000000ebd80000,0x00000000ebd80000,0x00000000ec000000)
  to   space 2560K, 0% used [0x00000000ebb00000,0x00000000ebb00000,0x00000000ebd80000)
 ParOldGen       total 44032K, used 0K [0x00000000c0000000, 0x00000000c2b00000, 0x00000000eab00000)
  object space 44032K, 0% used [0x00000000c0000000,0x00000000c0000000,0x00000000c2b00000)
 Metaspace       used 5489K, capacity 6768K, committed 7040K, reserved 1056768K
  class space    used 548K, capacity 616K, committed 640K, reserved 1048576K
Event: 3.712 GC heap after
Heap after GC invocations=1 (full 0):
 PSYoungGen      total 18944K, used 2531K [0x00000000eab00000, 0x00000000ed000000, 0x0000000100000000)
  eden space 16384K, 0% used [0x00000000eab00000,0x00000000eab00000,0x00000000ebb00000)
  from space 2560K, 98% used [0x00000000ebb00000,0x00000000ebd78cc8,0x00000000ebd80000)
  to   space 2560K, 0% used [0x00000000ecd80000,0x00000000ecd80000,0x00000000ed000000)
 ParOldGen       total 44032K, used 1505K [0x00000000c0000000, 0x00000000c2b00000, 0x00000000eab00000)
  object space 44032K, 3% used [0x00000000c0000000,0x00000000c0178608,0x00000000c2b00000)
 Metaspace       used 5489K, capacity 6768K, committed 7040K, reserved 1056768K
  class space    used 548K, capacity 616K, committed 640K, reserved 1048576K
}

Deoptimization events (7 events):
Event: 1.480 Thread 0x0000000001d6e800 Uncommon trap: reason=bimorphic action=maybe_recompile pc=0x000000000295c380 method=java.util.HashMap.getNode(ILjava/lang/Object;)Ljava/util/HashMap$Node; @ 126
Event: 1.729 Thread 0x0000000001d6e800 Uncommon trap: reason=unreached action=reinterpret pc=0x0000000002a75d04 method=com.android.dx.rop.cst.Constant.compareTo(Lcom/android/dx/rop/cst/Constant;)I @ 12
Event: 1.866 Thread 0x0000000001d6e800 Uncommon trap: reason=class_check action=maybe_recompile pc=0x00000000029e7298 method=com.android.dx.ssa.NormalSsaInsn.accept(Lcom/android/dx/ssa/SsaInsn$Visitor;)V @ 9
Event: 1.866 Thread 0x0000000001d6e800 Uncommon trap: reason=class_check action=maybe_recompile pc=0x00000000029cede0 method=com.android.dx.ssa.NormalSsaInsn.accept(Lcom/android/dx/ssa/SsaInsn$Visitor;)V @ 9
Event: 1.866 Thread 0x0000000001d6e800 Uncommon trap: reason=class_check action=maybe_recompile pc=0x00000000029cede0 method=com.android.dx.ssa.NormalSsaInsn.accept(Lcom/android/dx/ssa/SsaInsn$Visitor;)V @ 9
Event: 1.867 Thread 0x0000000001d6e800 Uncommon trap: reason=class_check action=maybe_recompile pc=0x00000000029e7298 method=com.android.dx.ssa.NormalSsaInsn.accept(Lcom/android/dx/ssa/SsaInsn$Visitor;)V @ 9
Event: 1.867 Thread 0x0000000001d6e800 Uncommon trap: reason=class_check action=maybe_recompile pc=0x00000000029cede0 method=com.android.dx.ssa.NormalSsaInsn.accept(Lcom/android/dx/ssa/SsaInsn$Visitor;)V @ 9

Internal exceptions (10 events):
Event: 0.978 Thread 0x0000000001d6e800 Exception <a 'java/security/PrivilegedActionException'> (0x00000000eb2f6500) thrown at [D:\re\workspace\8-2-build-windows-amd64-cygwin\jdk8u20\1074\hotspot\src\share\vm\prims\jvm.cpp, line 1275]
Event: 1.551 Thread 0x0000000001d6e800 Exception <a 'java/security/PrivilegedActionException'> (0x00000000eb49d330) thrown at [D:\re\workspace\8-2-build-windows-amd64-cygwin\jdk8u20\1074\hotspot\src\share\vm\prims\jvm.cpp, line 1275]
Event: 1.551 Thread 0x0000000001d6e800 Exception <a 'java/security/PrivilegedActionException'> (0x00000000eb4a0560) thrown at [D:\re\workspace\8-2-build-windows-amd64-cygwin\jdk8u20\1074\hotspot\src\share\vm\prims\jvm.cpp, line 1275]
Event: 1.558 Thread 0x0000000001d6e800 Exception <a 'java/security/PrivilegedActionException'> (0x00000000eb4c0758) thrown at [D:\re\workspace\8-2-build-windows-amd64-cygwin\jdk8u20\1074\hotspot\src\share\vm\prims\jvm.cpp, line 1275]
Event: 1.597 Thread 0x0000000001d6e800 Exception <a 'java/security/PrivilegedActionException'> (0x00000000eb537c38) thrown at [D:\re\workspace\8-2-build-windows-amd64-cygwin\jdk8u20\1074\hotspot\src\share\vm\prims\jvm.cpp, line 1275]
Event: 1.654 Thread 0x0000000001d6e800 Exception <a 'java/security/PrivilegedActionException'> (0x00000000eb5d5af8) thrown at [D:\re\workspace\8-2-build-windows-amd64-cygwin\jdk8u20\1074\hotspot\src\share\vm\prims\jvm.cpp, line 1275]
Event: 1.657 Thread 0x0000000001d6e800 Exception <a 'java/security/PrivilegedActionException'> (0x00000000eb5f12c8) thrown at [D:\re\workspace\8-2-build-windows-amd64-cygwin\jdk8u20\1074\hotspot\src\share\vm\prims\jvm.cpp, line 1275]
Event: 1.659 Thread 0x0000000001d6e800 Exception <a 'java/security/PrivilegedActionException'> (0x00000000eb5fb460) thrown at [D:\re\workspace\8-2-build-windows-amd64-cygwin\jdk8u20\1074\hotspot\src\share\vm\prims\jvm.cpp, line 1275]
Event: 1.659 Thread 0x0000000001d6e800 Exception <a 'java/security/PrivilegedActionException'> (0x00000000eb5fda20) thrown at [D:\re\workspace\8-2-build-windows-amd64-cygwin\jdk8u20\1074\hotspot\src\share\vm\prims\jvm.cpp, line 1275]
Event: 1.923 Thread 0x0000000001d6e800 Exception <a 'java/security/PrivilegedActionException'> (0x00000000eba28a88) thrown at [D:\re\workspace\8-2-build-windows-amd64-cygwin\jdk8u20\1074\hotspot\src\share\vm\prims\jvm.cpp, line 1275]

Events (10 events):
Event: 1.922 loading class com/android/dx/cf/code/SwitchList
Event: 1.922 loading class com/android/dx/cf/code/SwitchList done
Event: 1.945 loading class java/util/DualPivotQuicksort
Event: 1.946 loading class java/util/DualPivotQuicksort done
Event: 1.953 Executing VM operation: ParallelGCFailedAllocation
Event: 3.712 Executing VM operation: ParallelGCFailedAllocation done
Event: 4.323 Executing VM operation: EnableBiasedLocking
Event: 4.323 Executing VM operation: EnableBiasedLocking done
Event: 5.142 loading class sun/misc/Cleaner
Event: 5.142 loading class sun/misc/Cleaner done


Dynamic libraries:
0x000000013f290000 - 0x000000013f2c4000 	C:\Program Files\Java\jdk1.8.0_20\bin\java.exe
0x0000000077690000 - 0x000000007783a000 	C:\Windows\SYSTEM32\ntdll.dll
0x0000000077470000 - 0x000000007758f000 	C:\Windows\system32\kernel32.dll
0x000007fefd740000 - 0x000007fefd7aa000 	C:\Windows\system32\KERNELBASE.dll
0x000007fefdb80000 - 0x000007fefdc5b000 	C:\Windows\system32\ADVAPI32.dll
0x000007feff900000 - 0x000007feff99f000 	C:\Windows\system32\msvcrt.dll
0x000007fefe060000 - 0x000007fefe07f000 	C:\Windows\SYSTEM32\sechost.dll
0x000007fefda50000 - 0x000007fefdb7d000 	C:\Windows\system32\RPCRT4.dll
0x0000000077590000 - 0x000000007768a000 	C:\Windows\system32\USER32.dll
0x000007fefe5b0000 - 0x000007fefe617000 	C:\Windows\system32\GDI32.dll
0x000007fefdd30000 - 0x000007fefdd3e000 	C:\Windows\system32\LPK.dll
0x000007fefdc60000 - 0x000007fefdd2a000 	C:\Windows\system32\USP10.dll
0x000007fefc210000 - 0x000007fefc404000 	C:\Windows\WinSxS\amd64_microsoft.windows.common-controls_6595b64144ccf1df_6.0.7601.18837_none_fa3b1e3d17594757\COMCTL32.dll
0x000007fefe0e0000 - 0x000007fefe151000 	C:\Windows\system32\SHLWAPI.dll
0x000007fefde50000 - 0x000007fefde7e000 	C:\Windows\system32\IMM32.DLL
0x000007fefdd40000 - 0x000007fefde49000 	C:\Windows\system32\MSCTF.dll
0x000000006d310000 - 0x000000006d3e2000 	C:\Program Files\Java\jdk1.8.0_20\jre\bin\msvcr100.dll
0x000000006d3f0000 - 0x000000006dc48000 	C:\Program Files\Java\jdk1.8.0_20\jre\bin\server\jvm.dll
0x000007fefca30000 - 0x000007fefca39000 	C:\Windows\system32\WSOCK32.dll
0x000007fefe010000 - 0x000007fefe05d000 	C:\Windows\system32\WS2_32.dll
0x000007feff8f0000 - 0x000007feff8f8000 	C:\Windows\system32\NSI.dll
0x000007fefb690000 - 0x000007fefb6cb000 	C:\Windows\system32\WINMM.dll
0x0000000077860000 - 0x0000000077867000 	C:\Windows\system32\PSAPI.DLL
0x0000000073a90000 - 0x0000000073a9f000 	C:\Program Files\Java\jdk1.8.0_20\jre\bin\verify.dll
0x0000000073930000 - 0x0000000073958000 	C:\Program Files\Java\jdk1.8.0_20\jre\bin\java.dll
0x0000000073910000 - 0x0000000073926000 	C:\Program Files\Java\jdk1.8.0_20\jre\bin\zip.dll
0x000007fefe6c0000 - 0x000007feff44a000 	C:\Windows\system32\SHELL32.dll
0x000007feff6e0000 - 0x000007feff8e3000 	C:\Windows\system32\ole32.dll
0x000007fefd410000 - 0x000007fefd41f000 	C:\Windows\system32\profapi.dll

VM Arguments:
jvm_args: -Xmx1024M -Dfile.encoding=windows-1252 -Duser.country=US -Duser.language=en -Duser.variant 
java_command: com.android.dx.command.Main --dex --output C:\Users\Martin\AndroidStudioProjects\VFU\app\build\intermediates\pre-dexed\debug\classes-a3220f57e0996e52099cc8054806faa79554d1b4.jar C:\Users\Martin\AndroidStudioProjects\VFU\app\build\intermediates\exploded-aar\com.sothree.slidinguppanel\library\3.0.0\classes.jar
java_class_path (initial): C:\Users\Martin\AppData\Local\Android\sdk\build-tools\21.1.2\lib\dx.jar
Launcher Type: SUN_STANDARD

Environment Variables:
PATH=C:\ProgramData\Oracle\Java\javapath;C:\Program Files\Common Files\Microsoft Shared\Windows Live;C:\Program Files (x86)\Common Files\Microsoft Shared\Windows Live;C:\Program Files (x86)\Intel\iCLS Client\;C:\Program Files\Intel\iCLS Client\;C:\Program Files\Dell\DW WLAN Card;C:\Windows\system32;C:\Windows;C:\Windows\System32\Wbem;C:\Windows\System32\WindowsPowerShell\v1.0\;C:\Program Files\WIDCOMM\Bluetooth Software\;C:\Program Files\WIDCOMM\Bluetooth Software\syswow64;C:\Program Files\Dell\Dell Data Protection\Access\Advanced\Wave\Gemalto\Access Client\v5\;C:\Program Files (x86)\Security Innovation\SI TSS\bin\;C:\Program Files (x86)\Windows Live\Shared;C:\Program Files (x86)\MySQL\MySQL Utilities 1.3.4\;C:\Program Files\Microsoft SQL Server\110\Tools\Binn\;C:\Program Files\nodejs\;C:\Program Files (x86)\Git\cmd;C:\Program Files\MATLAB\runtime\win64;C:\Program Files\MATLAB\bin;C:\Program Files (x86)\QuickTime\QTSystem\;C:\Program Files (x86)\GtkSharp\2.12\bin;C:\Program Files (x86)\Skype\Phone\;C:\Program Files\Intel\Intel(R) Management Engine Components\DAL;C:\Program Files\Intel\Intel(R) Management Engine Components\IPT;C:\Program Files (x86)\Intel\Intel(R) Management Engine Components\DAL;C:\Program Files (x86)\Intel\Intel(R) Management Engine Components\IPT;C:\Users\Martin\AppData\Local\Android\sdk\platform-tools;C:\Program Files\Java\jdk1.8.0_20\bin;C:\Users\Martin\AppData\Roaming\npm
USERNAME=Martin
OS=Windows_NT
PROCESSOR_IDENTIFIER=Intel64 Family 6 Model 58 Stepping 9, GenuineIntel



---------------  S Y S T E M  ---------------

OS: Windows 7 , 64 bit Build 7601 Service Pack 1

CPU:total 4 (2 cores per cpu, 2 threads per core) family 6 model 58 stepping 9, cmov, cx8, fxsr, mmx, sse, sse2, sse3, ssse3, sse4.1, sse4.2, popcnt, avx, aes, clmul, erms, ht, tsc, tscinvbit, tscinv

Memory: 4k page, physical 4077532k(496768k free), swap 5585756k(3188k free)

vm_info: Java HotSpot(TM) 64-Bit Server VM (25.20-b23) for windows-amd64 JRE (1.8.0_20-b26), built on Jul 30 2014 13:51:23 by "java_re" with MS VC++ 10.0 (VS2010)

time: Tue Apr 19 00:24:33 2016
elapsed time: 5 seconds (0d 0h 0m 5s)

