#
# There is insufficient memory for the Java Runtime Environment to continue.
# Native memory allocation (malloc) failed to allocate 308496 bytes for Chunk::new
# Possible reasons:
#   The system is out of physical RAM or swap space
#   In 32 bit mode, the process size limit was hit
# Possible solutions:
#   Reduce memory load on the system
#   Increase physical memory or swap space
#   Check if swap backing store is full
#   Use 64 bit Java on a 64 bit OS
#   Decrease Java heap size (-Xmx/-Xms)
#   Decrease number of Java threads
#   Decrease Java thread stack sizes (-Xss)
#   Set larger code cache with -XX:ReservedCodeCacheSize=
# This output file may be truncated or incomplete.
#
#  Out of Memory Error (allocation.cpp:390), pid=10164, tid=10980
#
# JRE version: Java(TM) SE Runtime Environment (8.0_20-b26) (build 1.8.0_20-b26)
# Java VM: Java HotSpot(TM) 64-Bit Server VM (25.20-b23 mixed mode windows-amd64 compressed oops)
# Failed to write core dump. Minidumps are not enabled by default on client versions of Windows
#

---------------  T H R E A D  ---------------

Current thread (0x0000000056364800):  JavaThread "C2 CompilerThread0" daemon [_thread_in_native, id=10980, stack(0x0000000056970000,0x0000000056a70000)]

Stack: [0x0000000056970000,0x0000000056a70000]
Native frames: (J=compiled Java code, j=interpreted, Vv=VM code, C=native code)
V  [jvm.dll+0x3152fa]


Current CompileTask:
C2:    497  871   !   4       com.android.dx.rop.code.RegisterSpec::intern (70 bytes)


---------------  P R O C E S S  ---------------

Java Threads: ( => current thread )
  0x0000000054f1e800 JavaThread "Service Thread" daemon [_thread_blocked, id=10812, stack(0x0000000056c90000,0x0000000056d90000)]
  0x000000005637c800 JavaThread "C1 CompilerThread2" daemon [_thread_in_vm, id=10964, stack(0x0000000056d90000,0x0000000056e90000)]
  0x000000005637b000 JavaThread "C2 CompilerThread1" daemon [_thread_blocked, id=10780, stack(0x0000000056ab0000,0x0000000056bb0000)]
=>0x0000000056364800 JavaThread "C2 CompilerThread0" daemon [_thread_in_native, id=10980, stack(0x0000000056970000,0x0000000056a70000)]
  0x0000000054f16000 JavaThread "Attach Listener" daemon [_thread_blocked, id=10248, stack(0x00000000567b0000,0x00000000568b0000)]
  0x0000000054f14800 JavaThread "Signal Dispatcher" daemon [_thread_blocked, id=11244, stack(0x0000000056130000,0x0000000056230000)]
  0x0000000054eb8800 JavaThread "Finalizer" daemon [_thread_blocked, id=4992, stack(0x0000000056260000,0x0000000056360000)]
  0x0000000054eb0000 JavaThread "Reference Handler" daemon [_thread_blocked, id=10080, stack(0x0000000055fb0000,0x00000000560b0000)]
  0x000000000024f000 JavaThread "main" [_thread_in_native, id=1780, stack(0x0000000002450000,0x0000000002550000)]

Other Threads:
  0x0000000054eaa800 VMThread [stack: 0x0000000055e60000,0x0000000055f60000] [id=4724]
  0x0000000054f1f800 WatcherThread [stack: 0x0000000056f90000,0x0000000057090000] [id=1188]

VM state:not at safepoint (normal execution)

VM Mutex/Monitor currently owned by a thread:  ([mutex/lock_event])
[0x000000000024d6f0] CompiledIC_lock - owner thread: 0x000000005637c800

Heap:
 PSYoungGen      total 18944K, used 14158K [0x00000000eab00000, 0x00000000ec000000, 0x0000000100000000)
  eden space 16384K, 86% used [0x00000000eab00000,0x00000000eb8d3898,0x00000000ebb00000)
  from space 2560K, 0% used [0x00000000ebd80000,0x00000000ebd80000,0x00000000ec000000)
  to   space 2560K, 0% used [0x00000000ebb00000,0x00000000ebb00000,0x00000000ebd80000)
 ParOldGen       total 44032K, used 0K [0x00000000c0000000, 0x00000000c2b00000, 0x00000000eab00000)
  object space 44032K, 0% used [0x00000000c0000000,0x00000000c0000000,0x00000000c2b00000)
 Metaspace       used 5379K, capacity 6704K, committed 6784K, reserved 1056768K
  class space    used 546K, capacity 616K, committed 640K, reserved 1048576K

Card table byte_map: [0x0000000011be0000,0x0000000011df0000] byte_map_base: 0x00000000115e0000

Marking Bits: (ParMarkBitMap*) 0x000000006dacb460
 Begin Bits: [0x0000000012320000, 0x0000000013320000)
 End Bits:   [0x0000000013320000, 0x0000000014320000)

Polling page: 0x0000000000230000

CodeCache: size=245760Kb used=3346Kb max_used=3357Kb free=242413Kb
 bounds [0x0000000002820000, 0x0000000002b70000, 0x0000000011820000]
 total_blobs=1127 nmethods=866 adapters=174
 compilation: disabled (not enough contiguous free space left)

Compilation events (10 events):
Event: 0.490 Thread 0x000000005637c800  870       3       com.android.dx.rop.cst.CstString::getType (4 bytes)
Event: 0.490 Thread 0x000000005637c800 nmethod 870 0x0000000002b3e890 code [0x0000000002b3e9e0, 0x0000000002b3eb30]
Event: 0.490 Thread 0x000000005637c800  855       3       com.android.dx.cf.code.BaseMachine::resultCount (22 bytes)
Event: 0.490 Thread 0x000000005637b000 nmethod 874 0x0000000002b69b50 code [0x0000000002b69ca0, 0x0000000002b69e38]
Event: 0.490 Thread 0x000000005637b000  875       4       com.android.dx.ssa.NormalSsaInsn::hasSideEffect (76 bytes)
Event: 0.491 Thread 0x000000005637c800 nmethod 855 0x0000000002b3e410 code [0x0000000002b3e580, 0x0000000002b3e7c8]
Event: 0.491 Thread 0x000000005637c800  864       3       com.android.dx.cf.code.Simulator$SimVisitor::setPreviousOffset (6 bytes)
Event: 0.491 Thread 0x000000005637c800 nmethod 864 0x0000000002b3e0d0 code [0x0000000002b3e220, 0x0000000002b3e370]
Event: 0.491 Thread 0x000000005637c800  859       3       com.android.dx.rop.code.Rops::ropFor (771 bytes)
Event: 0.495 Thread 0x000000005637b000 nmethod 875 0x0000000002b3dbd0 code [0x0000000002b3dd20, 0x0000000002b3de78]

GC Heap History (0 events):
No events

Deoptimization events (2 events):
Event: 0.384 Thread 0x000000000024f000 Uncommon trap: reason=bimorphic action=maybe_recompile pc=0x0000000002a23950 method=java.util.HashMap.getNode(ILjava/lang/Object;)Ljava/util/HashMap$Node; @ 126
Event: 0.384 Thread 0x000000000024f000 Uncommon trap: reason=bimorphic action=maybe_recompile pc=0x0000000002a23950 method=java.util.HashMap.getNode(ILjava/lang/Object;)Ljava/util/HashMap$Node; @ 126

Internal exceptions (10 events):
Event: 0.363 Thread 0x000000000024f000 Exception <a 'java/security/PrivilegedActionException'> (0x00000000eb46da70) thrown at [D:\re\workspace\8-2-build-windows-amd64-cygwin\jdk8u20\1074\hotspot\src\share\vm\prims\jvm.cpp, line 1275]
Event: 0.364 Thread 0x000000000024f000 Exception <a 'java/security/PrivilegedActionException'> (0x00000000eb470148) thrown at [D:\re\workspace\8-2-build-windows-amd64-cygwin\jdk8u20\1074\hotspot\src\share\vm\prims\jvm.cpp, line 1275]
Event: 0.366 Thread 0x000000000024f000 Exception <a 'java/security/PrivilegedActionException'> (0x00000000eb480548) thrown at [D:\re\workspace\8-2-build-windows-amd64-cygwin\jdk8u20\1074\hotspot\src\share\vm\prims\jvm.cpp, line 1275]
Event: 0.376 Thread 0x000000000024f000 Exception <a 'java/security/PrivilegedActionException'> (0x00000000eb4be310) thrown at [D:\re\workspace\8-2-build-windows-amd64-cygwin\jdk8u20\1074\hotspot\src\share\vm\prims\jvm.cpp, line 1275]
Event: 0.386 Thread 0x000000000024f000 Exception <a 'java/security/PrivilegedActionException'> (0x00000000eb4f3690) thrown at [D:\re\workspace\8-2-build-windows-amd64-cygwin\jdk8u20\1074\hotspot\src\share\vm\prims\jvm.cpp, line 1275]
Event: 0.436 Thread 0x000000000024f000 Exception <a 'java/security/PrivilegedActionException'> (0x00000000eb6918d8) thrown at [D:\re\workspace\8-2-build-windows-amd64-cygwin\jdk8u20\1074\hotspot\src\share\vm\prims\jvm.cpp, line 1275]
Event: 0.437 Thread 0x000000000024f000 Exception <a 'java/security/PrivilegedActionException'> (0x00000000eb696a20) thrown at [D:\re\workspace\8-2-build-windows-amd64-cygwin\jdk8u20\1074\hotspot\src\share\vm\prims\jvm.cpp, line 1275]
Event: 0.451 Thread 0x000000000024f000 Exception <a 'java/security/PrivilegedActionException'> (0x00000000eb71aa90) thrown at [D:\re\workspace\8-2-build-windows-amd64-cygwin\jdk8u20\1074\hotspot\src\share\vm\prims\jvm.cpp, line 1275]
Event: 0.460 Thread 0x000000000024f000 Exception <a 'java/security/PrivilegedActionException'> (0x00000000eb784368) thrown at [D:\re\workspace\8-2-build-windows-amd64-cygwin\jdk8u20\1074\hotspot\src\share\vm\prims\jvm.cpp, line 1275]
Event: 0.462 Thread 0x000000000024f000 Exception <a 'java/security/PrivilegedActionException'> (0x00000000eb7995a8) thrown at [D:\re\workspace\8-2-build-windows-amd64-cygwin\jdk8u20\1074\hotspot\src\share\vm\prims\jvm.cpp, line 1275]

Events (10 events):
Event: 0.437 loading class com/android/dx/cf/attrib/AttEnclosingMethod
Event: 0.437 loading class com/android/dx/cf/attrib/AttEnclosingMethod done
Event: 0.438 Executing VM operation: ForceSafepoint
Event: 0.438 Executing VM operation: ForceSafepoint done
Event: 0.451 loading class com/android/dx/cf/attrib/AttSignature
Event: 0.451 loading class com/android/dx/cf/attrib/AttSignature done
Event: 0.460 loading class com/android/dx/dex/file/MethodAnnotationStruct
Event: 0.460 loading class com/android/dx/dex/file/MethodAnnotationStruct done
Event: 0.462 loading class com/android/dx/dex/file/FieldAnnotationStruct
Event: 0.462 loading class com/android/dx/dex/file/FieldAnnotationStruct done


Dynamic libraries:
0x000000013fcf0000 - 0x000000013fd24000 	C:\Program Files\Java\jdk1.8.0_20\bin\java.exe
0x0000000077690000 - 0x000000007783a000 	C:\Windows\SYSTEM32\ntdll.dll
0x0000000077470000 - 0x000000007758f000 	C:\Windows\system32\kernel32.dll
0x000007fefd740000 - 0x000007fefd7aa000 	C:\Windows\system32\KERNELBASE.dll
0x000007fefdb80000 - 0x000007fefdc5b000 	C:\Windows\system32\ADVAPI32.dll
0x000007feff900000 - 0x000007feff99f000 	C:\Windows\system32\msvcrt.dll
0x000007fefe060000 - 0x000007fefe07f000 	C:\Windows\SYSTEM32\sechost.dll
0x000007fefda50000 - 0x000007fefdb7d000 	C:\Windows\system32\RPCRT4.dll
0x0000000077590000 - 0x000000007768a000 	C:\Windows\system32\USER32.dll
0x000007fefe5b0000 - 0x000007fefe617000 	C:\Windows\system32\GDI32.dll
0x000007fefdd30000 - 0x000007fefdd3e000 	C:\Windows\system32\LPK.dll
0x000007fefdc60000 - 0x000007fefdd2a000 	C:\Windows\system32\USP10.dll
0x000007fefc210000 - 0x000007fefc404000 	C:\Windows\WinSxS\amd64_microsoft.windows.common-controls_6595b64144ccf1df_6.0.7601.18837_none_fa3b1e3d17594757\COMCTL32.dll
0x000007fefe0e0000 - 0x000007fefe151000 	C:\Windows\system32\SHLWAPI.dll
0x000007fefde50000 - 0x000007fefde7e000 	C:\Windows\system32\IMM32.DLL
0x000007fefdd40000 - 0x000007fefde49000 	C:\Windows\system32\MSCTF.dll
0x000000006db50000 - 0x000000006dc22000 	C:\Program Files\Java\jdk1.8.0_20\jre\bin\msvcr100.dll
0x000000006d2f0000 - 0x000000006db48000 	C:\Program Files\Java\jdk1.8.0_20\jre\bin\server\jvm.dll
0x000007fefca30000 - 0x000007fefca39000 	C:\Windows\system32\WSOCK32.dll
0x000007fefe010000 - 0x000007fefe05d000 	C:\Windows\system32\WS2_32.dll
0x000007feff8f0000 - 0x000007feff8f8000 	C:\Windows\system32\NSI.dll
0x000007fefb690000 - 0x000007fefb6cb000 	C:\Windows\system32\WINMM.dll
0x0000000077860000 - 0x0000000077867000 	C:\Windows\system32\PSAPI.DLL
0x000000006e270000 - 0x000000006e27f000 	C:\Program Files\Java\jdk1.8.0_20\jre\bin\verify.dll
0x000000006d2c0000 - 0x000000006d2e8000 	C:\Program Files\Java\jdk1.8.0_20\jre\bin\java.dll
0x000000006d2a0000 - 0x000000006d2b6000 	C:\Program Files\Java\jdk1.8.0_20\jre\bin\zip.dll
0x000007fefe6c0000 - 0x000007feff44a000 	C:\Windows\system32\SHELL32.dll
0x000007feff6e0000 - 0x000007feff8e3000 	C:\Windows\system32\ole32.dll
0x000007fefd410000 - 0x000007fefd41f000 	C:\Windows\system32\profapi.dll

VM Arguments:
jvm_args: -Xmx1024M -Dfile.encoding=windows-1252 -Duser.country=US -Duser.language=en -Duser.variant 
java_command: com.android.dx.command.Main --dex --output C:\Users\Martin\AndroidStudioProjects\VFU\app\build\intermediates\dex\debug C:\Users\Martin\AndroidStudioProjects\VFU\app\build\intermediates\classes\debug C:\Users\Martin\AndroidStudioProjects\VFU\app\build\intermediates\pre-dexed\debug\support-annotations-22.1.0-f652bb735464fb916e320c2def9a381a41dc5545.jar C:\Users\Martin\AndroidStudioProjects\VFU\app\build\intermediates\pre-dexed\debug\classes-a3220f57e0996e52099cc8054806faa79554d1b4.jar C:\Users\Martin\AndroidStudioProjects\VFU\app\build\intermediates\pre-dexed\debug\classes-296effbfe178d62cc87c8dc628d7384662f7e2d6.jar C:\Users\Martin\AndroidStudioProjects\VFU\app\build\intermediates\pre-dexed\debug\library-2.4.0-6d9a0f1c412620583e6e2a6ed3593aa8f90c6302.jar C:\Users\Martin\AndroidStudioProjects\VFU\app\build\intermediates\pre-dexed\debug\internal_impl-22.1.0-77d3b96ff7ece20732fe1788f7ac1f4e64ca2d6f.jar C:\Users\Martin\AndroidStudioProjects\VFU\app\build\intermediates\pre-dexed\debug\classes-6e8ec529f0dc15364af983786cc8626b338b0c47.jar C:\Users\Martin\AndroidStudioProjects\VFU\app\build\intermediates\pre-dexed\debug\classes-930fa7138f7947d17c6281a5687e558f70a907a0.jar
java_class_path (initial): C:\Users\Martin\AppData\Local\Android\sdk\build-tools\21.1.2\lib\dx.jar
Launcher Type: SUN_STANDARD

Environment Variables:
PATH=C:\ProgramData\Oracle\Java\javapath;C:\Program Files\Common Files\Microsoft Shared\Windows Live;C:\Program Files (x86)\Common Files\Microsoft Shared\Windows Live;C:\Program Files (x86)\Intel\iCLS Client\;C:\Program Files\Intel\iCLS Client\;C:\Program Files\Dell\DW WLAN Card;C:\Windows\system32;C:\Windows;C:\Windows\System32\Wbem;C:\Windows\System32\WindowsPowerShell\v1.0\;C:\Program Files\WIDCOMM\Bluetooth Software\;C:\Program Files\WIDCOMM\Bluetooth Software\syswow64;C:\Program Files\Dell\Dell Data Protection\Access\Advanced\Wave\Gemalto\Access Client\v5\;C:\Program Files (x86)\Security Innovation\SI TSS\bin\;C:\Program Files (x86)\Windows Live\Shared;C:\Program Files (x86)\MySQL\MySQL Utilities 1.3.4\;C:\Program Files\Microsoft SQL Server\110\Tools\Binn\;C:\Program Files\nodejs\;C:\Program Files (x86)\Git\cmd;C:\Program Files\MATLAB\runtime\win64;C:\Program Files\MATLAB\bin;C:\Program Files (x86)\QuickTime\QTSystem\;C:\Program Files (x86)\GtkSharp\2.12\bin;C:\Program Files (x86)\Skype\Phone\;C:\Program Files\Intel\Intel(R) Management Engine Components\DAL;C:\Program Files\Intel\Intel(R) Management Engine Components\IPT;C:\Program Files (x86)\Intel\Intel(R) Management Engine Components\DAL;C:\Program Files (x86)\Intel\Intel(R) Management Engine Components\IPT;C:\Users\Martin\AppData\Local\Android\sdk\platform-tools;C:\Program Files\Java\jdk1.8.0_20\bin;C:\Users\Martin\AppData\Roaming\npm
USERNAME=Martin
OS=Windows_NT
PROCESSOR_IDENTIFIER=Intel64 Family 6 Model 58 Stepping 9, GenuineIntel



---------------  S Y S T E M  ---------------

OS: Windows 7 , 64 bit Build 7601 Service Pack 1

CPU:total 4 (2 cores per cpu, 2 threads per core) family 6 model 58 stepping 9, cmov, cx8, fxsr, mmx, sse, sse2, sse3, ssse3, sse4.1, sse4.2, popcnt, avx, aes, clmul, erms, ht, tsc, tscinvbit, tscinv

Memory: 4k page, physical 4077532k(268608k free), swap 5585756k(5112k free)

vm_info: Java HotSpot(TM) 64-Bit Server VM (25.20-b23) for windows-amd64 JRE (1.8.0_20-b26), built on Jul 30 2014 13:51:23 by "java_re" with MS VC++ 10.0 (VS2010)

time: Mon Apr 18 23:24:26 2016
elapsed time: 0 seconds (0d 0h 0m 0s)

